TN:
SF:src/index.js
FN:12,(anonymous_0)
FN:29,(anonymous_1)
FN:62,(anonymous_2)
FN:88,(anonymous_3)
FN:104,(anonymous_4)
FN:154,(anonymous_5)
FN:180,(anonymous_6)
FN:200,(anonymous_7)
FN:210,(anonymous_8)
FN:224,(anonymous_9)
FNF:10
FNH:0
FNDA:0,(anonymous_0)
FNDA:0,(anonymous_1)
FNDA:0,(anonymous_2)
FNDA:0,(anonymous_3)
FNDA:0,(anonymous_4)
FNDA:0,(anonymous_5)
FNDA:0,(anonymous_6)
FNDA:0,(anonymous_7)
FNDA:0,(anonymous_8)
FNDA:0,(anonymous_9)
DA:13,0
DA:14,0
DA:18,0
DA:20,0
DA:30,0
DA:38,0
DA:44,0
DA:48,0
DA:54,0
DA:56,0
DA:63,0
DA:66,0
DA:87,0
DA:88,0
DA:89,0
DA:91,0
DA:94,0
DA:95,0
DA:96,0
DA:98,0
DA:105,0
DA:108,0
DA:109,0
DA:110,0
DA:111,0
DA:121,0
DA:122,0
DA:123,0
DA:132,0
DA:133,0
DA:139,0
DA:140,0
DA:148,0
DA:156,0
DA:157,0
DA:158,0
DA:163,0
DA:164,0
DA:174,0
DA:181,0
DA:182,0
DA:184,0
DA:201,0
DA:204,0
DA:205,0
DA:209,0
DA:210,0
DA:212,0
DA:215,0
DA:216,0
DA:218,0
DA:225,0
DA:229,0
DA:234,0
DA:237,0
LF:55
LH:0
BRDA:12,0,0,0
BRDA:29,1,0,0
BRDA:77,2,0,0
BRDA:77,2,1,0
BRDA:79,3,0,0
BRDA:79,3,1,0
BRDA:83,4,0,0
BRDA:83,4,1,0
BRDA:108,5,0,0
BRDA:108,5,1,0
BRDA:110,6,0,0
BRDA:110,6,1,0
BRDA:121,7,0,0
BRDA:121,7,1,0
BRDA:132,8,0,0
BRDA:132,8,1,0
BRDA:139,9,0,0
BRDA:139,9,1,0
BRDA:156,10,0,0
BRDA:156,10,1,0
BRDA:163,11,0,0
BRDA:163,11,1,0
BRDA:163,12,0,0
BRDA:163,12,1,0
BRDA:209,13,0,0
BRDA:209,13,1,0
BRDA:225,14,0,0
BRDA:225,14,1,0
BRF:28
BRH:0
end_of_record
TN:
SF:src/cli/commands/migrate.ts
FN:14,createMigrateCommand
FN:22,(anonymous_1)
FN:42,(anonymous_2)
FN:55,(anonymous_3)
FN:80,(anonymous_4)
FN:125,(anonymous_5)
FN:177,(anonymous_6)
FN:195,(anonymous_7)
FN:211,(anonymous_8)
FNF:9
FNH:0
FNDA:0,createMigrateCommand
FNDA:0,(anonymous_1)
FNDA:0,(anonymous_2)
FNDA:0,(anonymous_3)
FNDA:0,(anonymous_4)
FNDA:0,(anonymous_5)
FNDA:0,(anonymous_6)
FNDA:0,(anonymous_7)
FNDA:0,(anonymous_8)
DA:15,0
DA:19,0
DA:23,0
DA:25,0
DA:26,0
DA:27,0
DA:28,0
DA:30,0
DA:31,0
DA:33,0
DA:35,0
DA:36,0
DA:37,0
DA:38,0
DA:40,0
DA:41,0
DA:42,0
DA:43,0
DA:46,0
DA:47,0
DA:53,0
DA:54,0
DA:55,0
DA:56,0
DA:62,0
DA:64,0
DA:65,0
DA:66,0
DA:70,0
DA:81,0
DA:83,0
DA:84,0
DA:85,0
DA:86,0
DA:88,0
DA:89,0
DA:91,0
DA:92,0
DA:93,0
DA:94,0
DA:97,0
DA:101,0
DA:107,0
DA:113,0
DA:115,0
DA:116,0
DA:117,0
DA:121,0
DA:126,0
DA:128,0
DA:129,0
DA:130,0
DA:131,0
DA:134,0
DA:135,0
DA:136,0
DA:138,0
DA:139,0
DA:141,0
DA:142,0
DA:143,0
DA:144,0
DA:147,0
DA:152,0
DA:156,0
DA:160,0
DA:166,0
DA:168,0
DA:169,0
DA:170,0
DA:174,0
DA:178,0
DA:180,0
DA:181,0
DA:182,0
DA:184,0
DA:186,0
DA:187,0
DA:188,0
DA:192,0
DA:196,0
DA:198,0
DA:199,0
DA:200,0
DA:201,0
DA:203,0
DA:205,0
DA:208,0
DA:209,0
DA:210,0
DA:211,0
DA:212,0
DA:216,0
DA:218,0
DA:219,0
DA:221,0
DA:222,0
DA:225,0
DA:227,0
DA:228,0
DA:229,0
DA:233,0
LF:102
LH:0
BRDA:40,0,0,0
BRDA:43,1,0,0
BRDA:43,1,1,0
BRDA:46,2,0,0
BRDA:46,2,1,0
BRDA:53,3,0,0
BRDA:91,4,0,0
BRDA:97,5,0,0
BRDA:97,5,1,0
BRDA:108,6,0,0
BRDA:108,6,1,0
BRDA:130,7,0,0
BRDA:130,8,0,0
BRDA:130,8,1,0
BRDA:141,9,0,0
BRDA:152,10,0,0
BRDA:152,10,1,0
BRDA:161,11,0,0
BRDA:161,11,1,0
BRDA:209,12,0,0
BRDA:218,13,0,0
BRDA:218,13,1,0
BRF:22
BRH:0
end_of_record
TN:
SF:src/cli/commands/patterns.ts
FN:14,getRepository
FN:21,createPatternsCommand
FN:27,(anonymous_2)
FN:34,(anonymous_3)
FN:35,(anonymous_4)
FN:47,(anonymous_5)
FN:64,(anonymous_6)
FN:82,(anonymous_7)
FN:100,(anonymous_8)
FN:122,(anonymous_9)
FN:142,(anonymous_10)
FN:180,(anonymous_11)
FN:210,(anonymous_12)
FN:232,(anonymous_13)
FNF:14
FNH:0
FNDA:0,getRepository
FNDA:0,createPatternsCommand
FNDA:0,(anonymous_2)
FNDA:0,(anonymous_3)
FNDA:0,(anonymous_4)
FNDA:0,(anonymous_5)
FNDA:0,(anonymous_6)
FNDA:0,(anonymous_7)
FNDA:0,(anonymous_8)
FNDA:0,(anonymous_9)
FNDA:0,(anonymous_10)
FNDA:0,(anonymous_11)
FNDA:0,(anonymous_12)
FNDA:0,(anonymous_13)
DA:12,0
DA:15,0
DA:16,0
DA:18,0
DA:22,0
DA:24,0
DA:28,0
DA:30,0
DA:31,0
DA:32,0
DA:34,0
DA:35,0
DA:37,0
DA:39,0
DA:40,0
DA:42,0
DA:43,0
DA:45,0
DA:46,0
DA:47,0
DA:48,0
DA:52,0
DA:55,0
DA:56,0
DA:57,0
DA:61,0
DA:65,0
DA:67,0
DA:68,0
DA:69,0
DA:71,0
DA:73,0
DA:74,0
DA:75,0
DA:79,0
DA:83,0
DA:85,0
DA:86,0
DA:87,0
DA:89,0
DA:91,0
DA:92,0
DA:93,0
DA:97,0
DA:101,0
DA:103,0
DA:104,0
DA:105,0
DA:108,0
DA:109,0
DA:111,0
DA:112,0
DA:113,0
DA:118,0
DA:119,0
DA:122,0
DA:123,0
DA:124,0
DA:125,0
DA:127,0
DA:128,0
DA:129,0
DA:132,0
DA:133,0
DA:135,0
DA:136,0
DA:137,0
DA:138,0
DA:139,0
DA:142,0
DA:143,0
DA:146,0
DA:149,0
DA:154,0
DA:155,0
DA:156,0
DA:158,0
DA:161,0
DA:162,0
DA:164,0
DA:167,0
DA:168,0
DA:170,0
DA:171,0
DA:176,0
DA:181,0
DA:182,0
DA:183,0
DA:185,0
DA:186,0
DA:187,0
DA:190,0
DA:192,0
DA:193,0
DA:194,0
DA:195,0
DA:196,0
DA:199,0
DA:202,0
DA:203,0
DA:207,0
DA:211,0
DA:212,0
DA:213,0
DA:215,0
DA:216,0
DA:217,0
DA:220,0
DA:221,0
DA:223,0
DA:224,0
DA:228,0
DA:232,0
DA:233,0
DA:234,0
LF:115
LH:0
BRDA:15,0,0,0
BRDA:42,1,0,0
BRDA:155,2,0,0
BRDA:155,2,1,0
BRDA:161,3,0,0
BRDA:161,3,1,0
BRDA:170,4,0,0
BRDA:185,5,0,0
BRDA:215,6,0,0
BRDA:233,7,0,0
BRF:10
BRH:0
end_of_record
TN:
SF:src/config/constants.ts
FNF:0
FNH:0
DA:4,2
DA:11,2
DA:12,2
DA:13,2
LF:4
LH:4
BRF:0
BRH:0
end_of_record
TN:
SF:src/intelligence/failure-tracker.js
FN:11,(anonymous_0)
FN:27,(anonymous_1)
FN:35,(anonymous_2)
FN:45,(anonymous_3)
FN:46,(anonymous_4)
FN:63,(anonymous_5)
FN:80,(anonymous_6)
FN:103,(anonymous_7)
FN:104,(anonymous_8)
FN:115,(anonymous_9)
FN:130,(anonymous_10)
FN:150,(anonymous_11)
FN:160,(anonymous_12)
FN:167,(anonymous_13)
FN:177,(anonymous_14)
FN:200,(anonymous_15)
FN:229,(anonymous_16)
FN:234,(anonymous_17)
FN:251,(anonymous_18)
FN:253,(anonymous_19)
FN:263,(anonymous_20)
FN:264,(anonymous_21)
FN:273,(anonymous_22)
FN:275,(anonymous_23)
FNF:24
FNH:0
FNDA:0,(anonymous_0)
FNDA:0,(anonymous_1)
FNDA:0,(anonymous_2)
FNDA:0,(anonymous_3)
FNDA:0,(anonymous_4)
FNDA:0,(anonymous_5)
FNDA:0,(anonymous_6)
FNDA:0,(anonymous_7)
FNDA:0,(anonymous_8)
FNDA:0,(anonymous_9)
FNDA:0,(anonymous_10)
FNDA:0,(anonymous_11)
FNDA:0,(anonymous_12)
FNDA:0,(anonymous_13)
FNDA:0,(anonymous_14)
FNDA:0,(anonymous_15)
FNDA:0,(anonymous_16)
FNDA:0,(anonymous_17)
FNDA:0,(anonymous_18)
FNDA:0,(anonymous_19)
FNDA:0,(anonymous_20)
FNDA:0,(anonymous_21)
FNDA:0,(anonymous_22)
FNDA:0,(anonymous_23)
DA:12,0
DA:13,0
DA:19,0
DA:20,0
DA:21,0
DA:28,0
DA:29,0
DA:37,0
DA:38,0
DA:41,0
DA:42,0
DA:43,0
DA:45,0
DA:46,0
DA:48,0
DA:49,0
DA:50,0
DA:52,0
DA:54,0
DA:56,0
DA:64,0
DA:79,0
DA:80,0
DA:82,0
DA:84,0
DA:85,0
DA:88,0
DA:89,0
DA:92,0
DA:95,0
DA:96,0
DA:104,0
DA:105,0
DA:108,0
DA:109,0
DA:116,0
DA:119,0
DA:131,0
DA:132,0
DA:134,0
DA:135,0
DA:137,0
DA:138,0
DA:150,0
DA:151,0
DA:152,0
DA:153,0
DA:161,0
DA:162,0
DA:165,0
DA:166,0
DA:168,0
DA:171,0
DA:172,0
DA:176,0
DA:177,0
DA:178,0
DA:180,0
DA:181,0
DA:182,0
DA:187,0
DA:188,0
DA:189,0
DA:191,0
DA:194,0
DA:201,0
DA:212,0
DA:213,0
DA:217,0
DA:218,0
DA:219,0
DA:223,0
DA:230,0
DA:232,0
DA:234,0
DA:242,0
DA:243,0
DA:245,0
DA:250,0
DA:251,0
DA:253,0
DA:261,0
DA:262,0
DA:263,0
DA:264,0
DA:267,0
DA:274,0
DA:275,0
DA:277,0
DA:278,0
DA:279,0
DA:280,0
DA:281,0
DA:284,0
LF:94
LH:0
BRDA:11,0,0,0
BRDA:37,1,0,0
BRDA:37,1,1,0
BRDA:37,2,0,0
BRDA:37,2,1,0
BRDA:52,3,0,0
BRDA:52,3,1,0
BRDA:71,4,0,0
BRDA:71,4,1,0
BRDA:72,5,0,0
BRDA:72,5,1,0
BRDA:73,6,0,0
BRDA:73,6,1,0
BRDA:74,7,0,0
BRDA:74,7,1,0
BRDA:82,8,0,0
BRDA:82,8,1,0
BRDA:116,9,0,0
BRDA:116,9,1,0
BRDA:137,10,0,0
BRDA:137,10,1,0
BRDA:144,11,0,0
BRDA:144,11,1,0
BRDA:165,12,0,0
BRDA:165,12,1,0
BRDA:165,13,0,0
BRDA:165,13,1,0
BRDA:168,14,0,0
BRDA:168,14,1,0
BRDA:171,15,0,0
BRDA:171,15,1,0
BRDA:176,16,0,0
BRDA:176,16,1,0
BRDA:176,17,0,0
BRDA:176,17,1,0
BRDA:180,18,0,0
BRDA:180,18,1,0
BRDA:187,19,0,0
BRDA:187,19,1,0
BRDA:187,20,0,0
BRDA:187,20,1,0
BRDA:188,21,0,0
BRDA:188,21,1,0
BRDA:194,22,0,0
BRDA:194,22,1,0
BRDA:212,23,0,0
BRDA:212,23,1,0
BRDA:218,24,0,0
BRDA:218,24,1,0
BRDA:244,25,0,0
BRDA:244,25,1,0
BRDA:246,26,0,0
BRDA:246,26,1,0
BRDA:277,27,0,0
BRDA:277,27,1,0
BRF:55
BRH:0
end_of_record
TN:
SF:src/intelligence/pattern-manager.js
FN:10,(anonymous_0)
FN:19,(anonymous_1)
FN:36,(anonymous_2)
FN:51,(anonymous_3)
FN:68,(anonymous_4)
FN:79,(anonymous_5)
FN:90,(anonymous_6)
FN:97,(anonymous_7)
FN:128,(anonymous_8)
FN:138,(anonymous_9)
FN:151,(anonymous_10)
FN:161,(anonymous_11)
FN:202,(anonymous_12)
FN:208,(anonymous_13)
FN:241,(anonymous_14)
FN:261,(anonymous_15)
FNF:16
FNH:0
FNDA:0,(anonymous_0)
FNDA:0,(anonymous_1)
FNDA:0,(anonymous_2)
FNDA:0,(anonymous_3)
FNDA:0,(anonymous_4)
FNDA:0,(anonymous_5)
FNDA:0,(anonymous_6)
FNDA:0,(anonymous_7)
FNDA:0,(anonymous_8)
FNDA:0,(anonymous_9)
FNDA:0,(anonymous_10)
FNDA:0,(anonymous_11)
FNDA:0,(anonymous_12)
FNDA:0,(anonymous_13)
FNDA:0,(anonymous_14)
FNDA:0,(anonymous_15)
DA:11,0
DA:12,0
DA:13,0
DA:14,0
DA:15,0
DA:16,0
DA:20,0
DA:21,0
DA:22,0
DA:24,0
DA:37,0
DA:38,0
DA:40,0
DA:53,0
DA:56,0
DA:57,0
DA:60,0
DA:62,0
DA:69,0
DA:70,0
DA:71,0
DA:72,0
DA:73,0
DA:80,0
DA:81,0
DA:83,0
DA:91,0
DA:98,0
DA:99,0
DA:102,0
DA:103,0
DA:104,0
DA:107,0
DA:110,0
DA:111,0
DA:113,0
DA:122,0
DA:129,0
DA:130,0
DA:133,0
DA:134,0
DA:136,0
DA:137,0
DA:138,0
DA:139,0
DA:142,0
DA:143,0
DA:151,0
DA:152,0
DA:153,0
DA:154,0
DA:162,0
DA:164,0
DA:165,0
DA:174,0
DA:175,0
DA:176,0
DA:178,0
DA:180,0
DA:182,0
DA:185,0
DA:190,0
DA:191,0
DA:192,0
DA:193,0
DA:194,0
DA:203,0
DA:204,0
DA:207,0
DA:208,0
DA:210,0
DA:213,0
DA:214,0
DA:215,0
DA:216,0
DA:217,0
DA:220,0
DA:228,0
DA:229,0
DA:232,0
DA:233,0
DA:235,0
DA:242,0
DA:245,0
DA:253,0
DA:255,0
DA:262,0
DA:263,0
DA:272,0
DA:273,0
DA:275,0
DA:276,0
DA:278,0
DA:280,0
DA:281,0
DA:288,0
DA:289,0
DA:296,0
DA:298,0
DA:299,0
DA:300,0
DA:305,0
LF:102
LH:0
BRDA:10,0,0,0
BRDA:22,1,0,0
BRDA:22,1,1,0
BRDA:38,2,0,0
BRDA:38,2,1,0
BRDA:56,3,0,0
BRDA:56,3,1,0
BRDA:57,4,0,0
BRDA:57,4,1,0
BRDA:60,5,0,0
BRDA:60,5,1,0
BRDA:69,6,0,0
BRDA:69,6,1,0
BRDA:70,7,0,0
BRDA:70,7,1,0
BRDA:71,8,0,0
BRDA:71,8,1,0
BRDA:72,9,0,0
BRDA:72,9,1,0
BRDA:110,10,0,0
BRDA:110,10,1,0
BRDA:111,11,0,0
BRDA:111,11,1,0
BRDA:142,12,0,0
BRDA:142,12,1,0
BRDA:164,13,0,0
BRDA:164,13,1,0
BRDA:175,14,0,0
BRDA:175,14,1,0
BRDA:185,15,0,0
BRDA:185,15,1,0
BRDA:186,16,0,0
BRDA:186,16,1,0
BRDA:191,17,0,0
BRDA:191,17,1,0
BRDA:210,18,0,0
BRDA:210,18,1,0
BRDA:214,19,0,0
BRDA:214,19,1,0
BRDA:250,20,0,0
BRDA:250,20,1,0
BRDA:275,21,0,0
BRDA:275,21,1,0
BRDA:278,22,0,0
BRDA:278,22,1,0
BRDA:280,23,0,0
BRDA:280,23,1,0
BRDA:280,24,0,0
BRDA:280,24,1,0
BRDA:288,25,0,0
BRDA:288,25,1,0
BRDA:288,26,0,0
BRDA:288,26,1,0
BRDA:296,27,0,0
BRDA:296,27,1,0
BRDA:299,28,0,0
BRDA:299,28,1,0
BRF:57
BRH:0
end_of_record
TN:
SF:src/intelligence/signal-extractor.ts
FN:88,extractEnhancedSignals
FN:164,(anonymous_1)
FN:173,(anonymous_2)
FN:206,(anonymous_3)
FN:209,(anonymous_4)
FN:212,(anonymous_5)
FN:215,(anonymous_6)
FN:226,(anonymous_7)
FN:234,buildQueryFromSignals
FN:241,(anonymous_9)
FN:257,(anonymous_10)
FN:258,(anonymous_11)
FNF:12
FNH:0
FNDA:0,extractEnhancedSignals
FNDA:0,(anonymous_1)
FNDA:0,(anonymous_2)
FNDA:0,(anonymous_3)
FNDA:0,(anonymous_4)
FNDA:0,(anonymous_5)
FNDA:0,(anonymous_6)
FNDA:0,(anonymous_7)
FNDA:0,buildQueryFromSignals
FNDA:0,(anonymous_9)
FNDA:0,(anonymous_10)
FNDA:0,(anonymous_11)
DA:35,0
DA:59,0
DA:80,0
DA:97,0
DA:112,0
DA:113,0
DA:115,0
DA:116,0
DA:117,0
DA:118,0
DA:124,0
DA:125,0
DA:126,0
DA:129,0
DA:130,0
DA:132,0
DA:133,0
DA:134,0
DA:135,0
DA:136,0
DA:143,0
DA:148,0
DA:149,0
DA:150,0
DA:157,0
DA:158,0
DA:161,0
DA:164,0
DA:165,0
DA:170,0
DA:173,0
DA:174,0
DA:179,0
DA:180,0
DA:183,0
DA:188,0
DA:189,0
DA:191,0
DA:195,0
DA:197,0
DA:198,0
DA:199,0
DA:201,0
DA:202,0
DA:206,0
DA:207,0
DA:209,0
DA:210,0
DA:212,0
DA:213,0
DA:215,0
DA:216,0
DA:220,0
DA:226,0
DA:228,0
DA:240,0
DA:241,0
DA:244,0
DA:247,0
DA:248,0
DA:249,0
DA:251,0
DA:252,0
DA:256,0
DA:257,0
DA:258,0
DA:261,0
LF:67
LH:0
BRDA:117,0,0,0
BRDA:117,1,0,0
BRDA:117,1,1,0
BRDA:125,2,0,0
BRDA:125,2,1,0
BRDA:129,3,0,0
BRDA:135,4,0,0
BRDA:135,5,0,0
BRDA:135,5,1,0
BRDA:143,6,0,0
BRDA:143,6,1,0
BRDA:149,7,0,0
BRDA:157,8,0,0
BRDA:164,9,0,0
BRDA:173,10,0,0
BRDA:179,11,0,0
BRDA:188,12,0,0
BRDA:188,13,0,0
BRDA:188,13,1,0
BRDA:191,14,0,0
BRDA:192,15,0,0
BRDA:192,15,1,0
BRDA:197,16,0,0
BRDA:201,17,0,0
BRDA:206,18,0,0
BRDA:209,19,0,0
BRDA:212,20,0,0
BRDA:215,21,0,0
BRDA:248,22,0,0
BRDA:251,23,0,0
BRF:30
BRH:0
end_of_record
TN:
SF:src/intelligence/trust-calculator.js
FN:11,(anonymous_0)
FN:36,(anonymous_1)
FN:77,(anonymous_2)
FN:89,(anonymous_3)
FN:108,(anonymous_4)
FN:119,(anonymous_5)
FN:138,(anonymous_6)
FN:157,(anonymous_7)
FN:179,(anonymous_8)
FN:196,(anonymous_9)
FN:206,(anonymous_10)
FN:234,(anonymous_11)
FN:244,(anonymous_12)
FN:254,(anonymous_13)
FNF:14
FNH:0
FNDA:0,(anonymous_0)
FNDA:0,(anonymous_1)
FNDA:0,(anonymous_2)
FNDA:0,(anonymous_3)
FNDA:0,(anonymous_4)
FNDA:0,(anonymous_5)
FNDA:0,(anonymous_6)
FNDA:0,(anonymous_7)
FNDA:0,(anonymous_8)
FNDA:0,(anonymous_9)
FNDA:0,(anonymous_10)
FNDA:0,(anonymous_11)
FNDA:0,(anonymous_12)
FNDA:0,(anonymous_13)
DA:12,0
DA:23,0
DA:24,0
DA:25,0
DA:37,0
DA:40,0
DA:41,0
DA:42,0
DA:45,0
DA:46,0
DA:48,0
DA:50,0
DA:53,0
DA:57,0
DA:58,0
DA:59,0
DA:62,0
DA:66,0
DA:67,0
DA:70,0
DA:78,0
DA:81,0
DA:82,0
DA:90,0
DA:93,0
DA:95,0
DA:96,0
DA:97,0
DA:98,0
DA:101,0
DA:102,0
DA:109,0
DA:110,0
DA:111,0
DA:112,0
DA:113,0
DA:120,0
DA:122,0
DA:124,0
DA:132,0
DA:139,0
DA:140,0
DA:142,0
DA:158,0
DA:165,0
DA:180,0
DA:181,0
DA:183,0
DA:184,0
DA:185,0
DA:186,0
DA:187,0
DA:190,0
DA:197,0
DA:198,0
DA:200,0
DA:207,0
DA:208,0
DA:216,0
DA:217,0
DA:218,0
DA:222,0
DA:223,0
DA:235,0
DA:236,0
DA:238,0
DA:245,0
DA:246,0
DA:248,0
DA:255,0
DA:256,0
DA:264,0
DA:265,0
DA:266,0
DA:267,0
DA:269,0
LF:76
LH:0
BRDA:11,0,0,0
BRDA:23,1,0,0
BRDA:23,1,1,0
BRDA:37,2,0,0
BRDA:37,2,1,0
BRDA:37,3,0,0
BRDA:37,3,1,0
BRDA:40,4,0,0
BRDA:40,4,1,0
BRDA:40,5,0,0
BRDA:40,5,1,0
BRDA:45,6,0,0
BRDA:45,6,1,0
BRDA:45,7,0,0
BRDA:45,7,1,0
BRDA:66,8,0,0
BRDA:66,8,1,0
BRDA:78,9,0,0
BRDA:78,9,1,0
BRDA:90,10,0,0
BRDA:90,10,1,0
BRDA:95,11,0,0
BRDA:95,11,1,0
BRDA:96,12,0,0
BRDA:96,12,1,0
BRDA:97,13,0,0
BRDA:97,13,1,0
BRDA:98,14,0,0
BRDA:98,14,1,0
BRDA:109,15,0,0
BRDA:109,15,1,0
BRDA:110,16,0,0
BRDA:110,16,1,0
BRDA:111,17,0,0
BRDA:111,17,1,0
BRDA:112,18,0,0
BRDA:112,18,1,0
BRDA:122,19,0,0
BRDA:122,19,1,0
BRDA:144,20,0,0
BRDA:144,20,1,0
BRDA:146,21,0,0
BRDA:146,21,1,0
BRDA:148,22,0,0
BRDA:148,22,1,0
BRDA:183,23,0,0
BRDA:183,23,1,0
BRDA:190,24,0,0
BRDA:190,24,1,0
BRDA:197,25,0,0
BRDA:197,25,1,0
BRDA:207,26,0,0
BRDA:207,26,1,0
BRDA:207,27,0,0
BRDA:207,27,1,0
BRDA:216,28,0,0
BRDA:216,28,1,0
BRDA:235,29,0,0
BRDA:235,29,1,0
BRDA:245,30,0,0
BRDA:245,30,1,0
BRDA:255,31,0,0
BRDA:255,31,1,0
BRDA:255,32,0,0
BRDA:255,32,1,0
BRF:65
BRH:0
end_of_record
TN:
SF:src/mcp/errors.ts
FN:32,(anonymous_0)
FN:42,(anonymous_1)
FN:55,(anonymous_2)
FN:62,(anonymous_3)
FN:69,(anonymous_4)
FN:76,(anonymous_5)
FN:83,(anonymous_6)
FN:90,(anonymous_7)
FN:101,(anonymous_8)
FN:112,(anonymous_9)
FN:123,(anonymous_10)
FN:134,(anonymous_11)
FN:143,isErrorResponse
FN:157,toMCPError
FNF:14
FNH:2
FNDA:1,(anonymous_0)
FNDA:0,(anonymous_1)
FNDA:0,(anonymous_2)
FNDA:0,(anonymous_3)
FNDA:0,(anonymous_4)
FNDA:0,(anonymous_5)
FNDA:1,(anonymous_6)
FNDA:0,(anonymous_7)
FNDA:0,(anonymous_8)
FNDA:0,(anonymous_9)
FNDA:0,(anonymous_10)
FNDA:0,(anonymous_11)
FNDA:0,isErrorResponse
FNDA:0,toMCPError
DA:7,1
DA:33,1
DA:34,1
DA:35,1
DA:36,1
DA:43,0
DA:56,0
DA:57,0
DA:63,0
DA:64,0
DA:70,0
DA:71,0
DA:77,0
DA:78,0
DA:84,1
DA:85,1
DA:91,0
DA:96,0
DA:102,0
DA:107,0
DA:113,0
DA:118,0
DA:124,0
DA:129,0
DA:135,0
DA:136,0
DA:146,0
DA:158,0
DA:159,0
DA:162,0
DA:163,0
DA:166,0
LF:32
LH:7
BRDA:55,0,0,0
BRDA:62,1,0,0
BRDA:76,2,0,0
BRDA:83,3,0,0
BRDA:134,4,0,0
BRDA:147,5,0,0
BRDA:147,5,1,0
BRDA:147,5,2,0
BRDA:147,5,3,0
BRDA:158,6,0,0
BRDA:162,7,0,0
BRF:11
BRH:0
end_of_record
TN:
SF:src/mcp/index.ts
FN:23,startMCPServer
FN:32,(anonymous_1)
FN:38,(anonymous_2)
FN:55,(anonymous_3)
FNF:4
FNH:0
FNDA:0,startMCPServer
FNDA:0,(anonymous_1)
FNDA:0,(anonymous_2)
FNDA:0,(anonymous_3)
DA:24,0
DA:26,0
DA:32,0
DA:33,0
DA:34,0
DA:35,0
DA:38,0
DA:39,0
DA:40,0
DA:41,0
DA:45,0
DA:46,0
DA:48,0
DA:49,0
DA:54,0
DA:55,0
DA:56,0
DA:57,0
LF:18
LH:0
BRDA:54,0,0,0
BRF:1
BRH:0
end_of_record
TN:
SF:src/mcp/server.ts
FN:36,(anonymous_0)
FN:68,(anonymous_1)
FN:92,(anonymous_2)
FN:94,(anonymous_3)
FN:103,(anonymous_4)
FN:124,(anonymous_5)
FN:175,(anonymous_6)
FN:189,(anonymous_7)
FN:212,(anonymous_8)
FN:222,(anonymous_9)
FN:229,(anonymous_10)
FNF:11
FNH:0
FNDA:0,(anonymous_0)
FNDA:0,(anonymous_1)
FNDA:0,(anonymous_2)
FNDA:0,(anonymous_3)
FNDA:0,(anonymous_4)
FNDA:0,(anonymous_5)
FNDA:0,(anonymous_6)
FNDA:0,(anonymous_7)
FNDA:0,(anonymous_8)
FNDA:0,(anonymous_9)
FNDA:0,(anonymous_10)
DA:41,0
DA:44,0
DA:59,0
DA:62,0
DA:69,0
DA:71,0
DA:72,0
DA:75,0
DA:78,0
DA:79,0
DA:82,0
DA:83,0
DA:85,0
DA:94,0
DA:95,0
DA:96,0
DA:99,0
DA:101,0
DA:103,0
DA:118,0
DA:122,0
DA:125,0
DA:126,0
DA:129,0
DA:130,0
DA:131,0
DA:143,0
DA:144,0
DA:145,0
DA:148,0
DA:149,0
DA:152,0
DA:153,0
DA:154,0
DA:156,0
DA:159,0
DA:169,0
DA:175,0
DA:176,0
DA:177,0
DA:181,0
DA:191,0
DA:194,0
DA:195,0
DA:196,0
DA:198,0
DA:199,0
DA:202,0
DA:203,0
DA:204,0
DA:206,0
DA:213,0
DA:214,0
DA:216,0
DA:223,0
DA:230,0
LF:56
LH:0
BRDA:36,0,0,0
BRDA:38,1,0,0
BRDA:39,2,0,0
BRDA:40,3,0,0
BRDA:71,4,0,0
BRDA:71,4,1,0
BRDA:129,5,0,0
BRDA:144,6,0,0
BRDA:153,7,0,0
BRDA:153,7,1,0
BRDA:163,8,0,0
BRDA:163,8,1,0
BRDA:213,9,0,0
BRF:13
BRH:0
end_of_record
TN:
SF:src/mcp/resources/index.ts
FN:25,(anonymous_0)
FN:43,(anonymous_1)
FN:54,(anonymous_2)
FN:73,(anonymous_3)
FN:83,(anonymous_4)
FN:87,(anonymous_5)
FN:96,(anonymous_6)
FN:103,(anonymous_7)
FN:110,(anonymous_8)
FN:120,(anonymous_9)
FN:130,(anonymous_10)
FN:143,(anonymous_11)
FN:155,(anonymous_12)
FN:170,(anonymous_13)
FNF:14
FNH:0
FNDA:0,(anonymous_0)
FNDA:0,(anonymous_1)
FNDA:0,(anonymous_2)
FNDA:0,(anonymous_3)
FNDA:0,(anonymous_4)
FNDA:0,(anonymous_5)
FNDA:0,(anonymous_6)
FNDA:0,(anonymous_7)
FNDA:0,(anonymous_8)
FNDA:0,(anonymous_9)
FNDA:0,(anonymous_10)
FNDA:0,(anonymous_11)
FNDA:0,(anonymous_12)
FNDA:0,(anonymous_13)
DA:20,0
DA:31,0
DA:32,0
DA:35,0
DA:36,0
DA:37,0
DA:44,0
DA:45,0
DA:46,0
DA:48,0
DA:55,0
DA:58,0
DA:60,0
DA:66,0
DA:67,0
DA:74,0
DA:75,0
DA:77,0
DA:84,0
DA:86,0
DA:87,0
DA:90,0
DA:97,0
DA:104,0
DA:111,0
DA:112,0
DA:113,0
DA:117,0
DA:121,0
DA:122,0
DA:123,0
DA:127,0
DA:131,0
DA:132,0
DA:133,0
DA:137,0
DA:149,0
DA:161,0
DA:176,0
LF:39
LH:0
BRDA:31,0,0,0
BRDA:45,1,0,0
BRDA:74,2,0,0
BRDA:86,3,0,0
BRDA:112,4,0,0
BRDA:122,5,0,0
BRDA:132,6,0,0
BRF:7
BRH:0
end_of_record
TN:
SF:src/mcp/resources/metrics.ts
FN:12,getMetricsResource
FN:24,readMetricsResource
FN:46,(anonymous_2)
FNF:3
FNH:0
FNDA:0,getMetricsResource
FNDA:0,readMetricsResource
FNDA:0,(anonymous_2)
DA:13,0
DA:25,0
DA:26,0
DA:29,0
DA:32,0
DA:46,0
DA:58,0
LF:7
LH:0
BRDA:25,0,0,0
BRDA:37,1,0,0
BRDA:37,1,1,0
BRDA:44,2,0,0
BRDA:44,2,1,0
BRF:5
BRH:0
end_of_record
TN:
SF:src/mcp/resources/types.ts
FN:59,isFileResource
FN:63,isPatternResource
FN:69,isBriefResource
FN:76,createResource
FNF:4
FNH:0
FNDA:0,isFileResource
FNDA:0,isPatternResource
FNDA:0,isBriefResource
FNDA:0,createResource
DA:60,0
DA:66,0
DA:70,0
DA:82,0
DA:83,0
LF:5
LH:0
BRF:0
BRH:0
end_of_record
TN:
SF:src/mcp/tools/discover.ts
FN:90,(anonymous_0)
FN:95,(anonymous_1)
FN:97,(anonymous_2)
FN:117,(anonymous_3)
FN:130,(anonymous_4)
FN:147,(anonymous_5)
FN:221,(anonymous_6)
FN:226,(anonymous_7)
FN:279,(anonymous_8)
FN:289,(anonymous_9)
FN:323,(anonymous_10)
FN:339,(anonymous_11)
FN:370,(anonymous_12)
FNF:13
FNH:0
FNDA:0,(anonymous_0)
FNDA:0,(anonymous_1)
FNDA:0,(anonymous_2)
FNDA:0,(anonymous_3)
FNDA:0,(anonymous_4)
FNDA:0,(anonymous_5)
FNDA:0,(anonymous_6)
FNDA:0,(anonymous_7)
FNDA:0,(anonymous_8)
FNDA:0,(anonymous_9)
FNDA:0,(anonymous_10)
FNDA:0,(anonymous_11)
FNDA:0,(anonymous_12)
DA:35,0
DA:86,0
DA:91,0
DA:92,0
DA:96,0
DA:97,0
DA:99,0
DA:100,0
DA:103,0
DA:104,0
DA:118,0
DA:119,0
DA:120,0
DA:121,0
DA:125,0
DA:126,0
DA:127,0
DA:131,0
DA:132,0
DA:134,0
DA:136,0
DA:137,0
DA:144,0
DA:145,0
DA:146,0
DA:147,0
DA:149,0
DA:152,0
DA:155,0
DA:156,0
DA:158,0
DA:159,0
DA:160,0
DA:169,0
DA:176,0
DA:185,0
DA:186,0
DA:188,0
DA:189,0
DA:191,0
DA:192,0
DA:197,0
DA:204,0
DA:208,0
DA:209,0
DA:221,0
DA:222,0
DA:225,0
DA:226,0
DA:228,0
DA:232,0
DA:233,0
DA:234,0
DA:235,0
DA:237,0
DA:241,0
DA:242,0
DA:243,0
DA:244,0
DA:246,0
DA:248,0
DA:249,0
DA:250,0
DA:255,0
DA:256,0
DA:261,0
DA:279,0
DA:287,0
DA:288,0
DA:289,0
DA:290,0
DA:293,0
DA:309,0
DA:311,0
DA:312,0
DA:314,0
DA:316,0
DA:318,0
DA:319,0
DA:328,0
DA:329,0
DA:330,0
DA:336,0
DA:347,0
DA:350,0
DA:351,0
DA:352,0
DA:353,0
DA:356,0
DA:362,0
DA:363,0
DA:364,0
DA:367,0
DA:371,0
DA:378,0
DA:379,0
DA:380,0
LF:97
LH:0
BRDA:90,0,0,0
BRDA:90,1,0,0
BRDA:99,2,0,0
BRDA:136,3,0,0
BRDA:145,4,0,0
BRDA:158,5,0,0
BRDA:188,6,0,0
BRDA:191,7,0,0
BRDA:208,8,0,0
BRDA:208,9,0,0
BRDA:208,9,1,0
BRDA:235,10,0,0
BRDA:243,11,0,0
BRDA:243,11,1,0
BRDA:249,12,0,0
BRDA:255,13,0,0
BRDA:282,14,0,0
BRDA:282,14,1,0
BRDA:288,15,0,0
BRDA:296,16,0,0
BRDA:296,16,1,0
BRDA:309,17,0,0
BRDA:312,18,0,0
BRDA:318,19,0,0
BRDA:318,19,1,0
BRDA:351,20,0,0
BRDA:353,21,0,0
BRDA:363,22,0,0
BRDA:363,23,0,0
BRDA:363,23,1,0
BRDA:373,24,0,0
BRDA:373,24,1,0
BRDA:374,25,0,0
BRDA:374,25,1,0
BRF:34
BRH:0
end_of_record
TN:
SF:src/mcp/tools/explain.ts
FN:95,(anonymous_0)
FN:102,(anonymous_1)
FN:114,(anonymous_2)
FN:124,(anonymous_3)
FN:134,(anonymous_4)
FN:234,(anonymous_5)
FN:251,(anonymous_6)
FN:284,(anonymous_7)
FN:292,(anonymous_8)
FN:293,(anonymous_9)
FN:294,(anonymous_10)
FN:300,(anonymous_11)
FN:303,(anonymous_12)
FN:309,(anonymous_13)
FN:311,(anonymous_14)
FN:317,(anonymous_15)
FN:321,(anonymous_16)
FN:327,(anonymous_17)
FN:328,(anonymous_18)
FN:349,(anonymous_19)
FN:358,(anonymous_20)
FN:365,(anonymous_21)
FN:379,(anonymous_22)
FN:386,(anonymous_23)
FN:403,(anonymous_24)
FN:410,(anonymous_25)
FNF:26
FNH:0
FNDA:0,(anonymous_0)
FNDA:0,(anonymous_1)
FNDA:0,(anonymous_2)
FNDA:0,(anonymous_3)
FNDA:0,(anonymous_4)
FNDA:0,(anonymous_5)
FNDA:0,(anonymous_6)
FNDA:0,(anonymous_7)
FNDA:0,(anonymous_8)
FNDA:0,(anonymous_9)
FNDA:0,(anonymous_10)
FNDA:0,(anonymous_11)
FNDA:0,(anonymous_12)
FNDA:0,(anonymous_13)
FNDA:0,(anonymous_14)
FNDA:0,(anonymous_15)
FNDA:0,(anonymous_16)
FNDA:0,(anonymous_17)
FNDA:0,(anonymous_18)
FNDA:0,(anonymous_19)
FNDA:0,(anonymous_20)
FNDA:0,(anonymous_21)
FNDA:0,(anonymous_22)
FNDA:0,(anonymous_23)
FNDA:0,(anonymous_24)
FNDA:0,(anonymous_25)
DA:27,0
DA:92,0
DA:93,0
DA:96,0
DA:103,0
DA:104,0
DA:106,0
DA:107,0
DA:108,0
DA:111,0
DA:115,0
DA:125,0
DA:128,0
DA:129,0
DA:131,0
DA:135,0
DA:136,0
DA:138,0
DA:140,0
DA:143,0
DA:144,0
DA:145,0
DA:146,0
DA:147,0
DA:155,0
DA:158,0
DA:159,0
DA:167,0
DA:168,0
DA:169,0
DA:172,0
DA:182,0
DA:185,0
DA:194,0
DA:202,0
DA:212,0
DA:216,0
DA:220,0
DA:221,0
DA:225,0
DA:226,0
DA:228,0
DA:230,0
DA:232,0
DA:233,0
DA:234,0
DA:238,0
DA:242,0
DA:245,0
DA:253,0
DA:256,0
DA:257,0
DA:258,0
DA:259,0
DA:262,0
DA:268,0
DA:269,0
DA:270,0
DA:271,0
DA:272,0
DA:273,0
DA:277,0
DA:292,0
DA:293,0
DA:294,0
DA:297,0
DA:300,0
DA:301,0
DA:302,0
DA:303,0
DA:308,0
DA:309,0
DA:311,0
DA:312,0
DA:316,0
DA:317,0
DA:319,0
DA:320,0
DA:321,0
DA:326,0
DA:327,0
DA:328,0
DA:330,0
DA:331,0
DA:337,0
DA:353,0
DA:354,0
DA:358,0
DA:359,0
DA:360,0
DA:365,0
DA:367,0
DA:368,0
DA:370,0
DA:371,0
DA:373,0
DA:376,0
DA:380,0
DA:383,0
DA:384,0
DA:385,0
DA:386,0
DA:387,0
DA:388,0
DA:400,0
DA:404,0
DA:407,0
DA:411,0
DA:412,0
DA:413,0
DA:414,0
DA:415,0
LF:112
LH:0
BRDA:104,0,0,0
BRDA:106,1,0,0
BRDA:145,2,0,0
BRDA:145,3,0,0
BRDA:145,3,1,0
BRDA:158,4,0,0
BRDA:206,5,0,0
BRDA:206,5,1,0
BRDA:212,6,0,0
BRDA:213,7,0,0
BRDA:213,7,1,0
BRDA:220,8,0,0
BRDA:226,9,0,0
BRDA:232,10,0,0
BRDA:238,11,0,0
BRDA:239,12,0,0
BRDA:239,12,1,0
BRDA:246,13,0,0
BRDA:246,13,1,0
BRDA:253,14,0,0
BRDA:253,14,1,0
BRDA:256,15,0,0
BRDA:256,15,1,0
BRDA:257,16,0,0
BRDA:257,16,1,0
BRDA:259,17,0,0
BRDA:259,17,1,0
BRDA:262,18,0,0
BRDA:262,18,1,0
BRDA:269,19,0,0
BRDA:270,20,0,0
BRDA:270,20,1,0
BRDA:272,21,0,0
BRDA:301,22,0,0
BRDA:319,23,0,0
BRDA:326,24,0,0
BRDA:326,25,0,0
BRDA:326,25,1,0
BRDA:330,26,0,0
BRDA:340,27,0,0
BRDA:340,27,1,0
BRDA:342,28,0,0
BRDA:342,28,1,0
BRDA:344,29,0,0
BRDA:344,29,1,0
BRDA:345,30,0,0
BRDA:345,30,1,0
BRDA:353,31,0,0
BRDA:353,32,0,0
BRDA:353,32,1,0
BRDA:359,33,0,0
BRDA:360,34,0,0
BRDA:360,34,1,0
BRDA:367,35,0,0
BRDA:367,36,0,0
BRDA:367,36,1,0
BRDA:370,37,0,0
BRDA:370,38,0,0
BRDA:370,38,1,0
BRDA:376,39,0,0
BRDA:376,39,1,0
BRDA:385,40,0,0
BRDA:385,41,0,0
BRDA:385,41,1,0
BRDA:387,42,0,0
BRDA:389,43,0,0
BRDA:389,43,1,0
BRDA:391,44,0,0
BRDA:391,44,1,0
BRDA:404,45,0,0
BRDA:404,45,1,0
BRDA:411,46,0,0
BRDA:412,47,0,0
BRDA:413,48,0,0
BRDA:414,49,0,0
BRF:75
BRH:0
end_of_record
TN:
SF:src/mcp/tools/index.ts
FN:27,initializeTools
FN:41,registerTools
FN:42,(anonymous_2)
FN:135,getToolsList
FNF:4
FNH:0
FNDA:0,initializeTools
FNDA:0,registerTools
FNDA:0,(anonymous_2)
FNDA:0,getToolsList
DA:18,0
DA:19,0
DA:20,0
DA:21,0
DA:22,0
DA:28,0
DA:29,0
DA:30,0
DA:34,0
DA:35,0
DA:42,0
DA:43,0
DA:45,0
DA:46,0
DA:48,0
DA:58,0
DA:59,0
DA:63,0
DA:65,0
DA:75,0
DA:76,0
DA:79,0
DA:81,0
DA:91,0
DA:92,0
DA:95,0
DA:97,0
DA:107,0
DA:108,0
DA:111,0
DA:113,0
DA:123,0
DA:126,0
DA:136,0
LF:34
LH:0
BRDA:46,0,0,0
BRDA:46,0,1,0
BRDA:46,0,2,0
BRDA:46,0,3,0
BRDA:46,0,4,0
BRDA:46,0,5,0
BRDA:52,1,0,0
BRDA:52,1,1,0
BRDA:58,2,0,0
BRDA:75,3,0,0
BRDA:91,4,0,0
BRDA:107,5,0,0
BRF:12
BRH:0
end_of_record
TN:
SF:src/mcp/tools/lookup.ts
FN:112,(anonymous_0)
FN:117,(anonymous_1)
FN:121,(anonymous_2)
FN:140,(anonymous_3)
FN:168,(anonymous_4)
FN:186,(anonymous_5)
FN:230,(anonymous_6)
FN:242,(anonymous_7)
FN:258,(anonymous_8)
FN:288,(anonymous_9)
FN:381,(anonymous_10)
FNF:11
FNH:0
FNDA:0,(anonymous_0)
FNDA:0,(anonymous_1)
FNDA:0,(anonymous_2)
FNDA:0,(anonymous_3)
FNDA:0,(anonymous_4)
FNDA:0,(anonymous_5)
FNDA:0,(anonymous_6)
FNDA:0,(anonymous_7)
FNDA:0,(anonymous_8)
FNDA:0,(anonymous_9)
FNDA:0,(anonymous_10)
DA:24,0
DA:108,0
DA:113,0
DA:114,0
DA:118,0
DA:121,0
DA:124,0
DA:125,0
DA:129,0
DA:130,0
DA:141,0
DA:142,0
DA:145,0
DA:153,0
DA:156,0
DA:159,0
DA:162,0
DA:169,0
DA:170,0
DA:172,0
DA:174,0
DA:175,0
DA:182,0
DA:183,0
DA:184,0
DA:185,0
DA:186,0
DA:188,0
DA:191,0
DA:192,0
DA:195,0
DA:196,0
DA:198,0
DA:199,0
DA:200,0
DA:201,0
DA:203,0
DA:211,0
DA:214,0
DA:230,0
DA:242,0
DA:253,0
DA:256,0
DA:258,0
DA:269,0
DA:271,0
DA:281,0
DA:282,0
DA:283,0
DA:284,0
DA:288,0
DA:311,0
DA:312,0
DA:313,0
DA:315,0
DA:316,0
DA:317,0
DA:318,0
DA:322,0
DA:332,0
DA:334,0
DA:335,0
DA:338,0
DA:345,0
DA:350,0
DA:352,0
DA:353,0
DA:356,0
DA:361,0
DA:365,0
DA:368,0
DA:370,0
DA:371,0
DA:374,0
DA:382,0
LF:75
LH:0
BRDA:112,0,0,0
BRDA:112,1,0,0
BRDA:124,2,0,0
BRDA:146,3,0,0
BRDA:146,3,1,0
BRDA:149,4,0,0
BRDA:149,4,1,0
BRDA:156,5,0,0
BRDA:156,5,1,0
BRDA:159,6,0,0
BRDA:159,6,1,0
BRDA:174,7,0,0
BRDA:183,8,0,0
BRDA:198,9,0,0
BRDA:215,10,0,0
BRDA:215,10,1,0
BRDA:221,11,0,0
BRDA:221,11,1,0
BRDA:223,12,0,0
BRDA:223,12,1,0
BRDA:224,13,0,0
BRDA:224,13,1,0
BRDA:229,14,0,0
BRDA:229,14,1,0
BRDA:231,15,0,0
BRDA:231,15,1,0
BRDA:232,16,0,0
BRDA:232,16,1,0
BRDA:239,17,0,0
BRDA:239,17,1,0
BRDA:242,18,0,0
BRDA:242,18,1,0
BRDA:243,19,0,0
BRDA:243,19,1,0
BRDA:244,20,0,0
BRDA:244,20,1,0
BRDA:245,21,0,0
BRDA:245,21,1,0
BRDA:247,22,0,0
BRDA:247,22,1,0
BRDA:260,23,0,0
BRDA:260,23,1,0
BRDA:264,24,0,0
BRDA:264,24,1,0
BRDA:282,25,0,0
BRDA:282,25,1,0
BRDA:292,26,0,0
BRDA:292,26,1,0
BRDA:293,27,0,0
BRDA:293,27,1,0
BRDA:294,28,0,0
BRDA:294,28,1,0
BRDA:297,29,0,0
BRDA:297,29,1,0
BRDA:316,30,0,0
BRDA:316,30,1,0
BRDA:356,31,0,0
BRDA:357,32,0,0
BRDA:357,32,1,0
BRDA:357,32,2,0
BRDA:368,33,0,0
BRF:61
BRH:0
end_of_record
TN:
SF:src/mcp/tools/metrics.ts
FN:35,(anonymous_0)
FN:66,(anonymous_1)
FN:82,(anonymous_2)
FN:89,(anonymous_3)
FN:96,(anonymous_4)
FN:103,(anonymous_5)
FN:110,(anonymous_6)
FN:121,(anonymous_7)
FN:132,(anonymous_8)
FN:147,(anonymous_9)
FNF:10
FNH:0
FNDA:0,(anonymous_0)
FNDA:0,(anonymous_1)
FNDA:0,(anonymous_2)
FNDA:0,(anonymous_3)
FNDA:0,(anonymous_4)
FNDA:0,(anonymous_5)
FNDA:0,(anonymous_6)
FNDA:0,(anonymous_7)
FNDA:0,(anonymous_8)
FNDA:0,(anonymous_9)
DA:36,0
DA:67,0
DA:70,0
DA:71,0
DA:72,0
DA:73,0
DA:74,0
DA:75,0
DA:76,0
DA:83,0
DA:90,0
DA:97,0
DA:104,0
DA:111,0
DA:114,0
DA:115,0
DA:120,0
DA:121,0
DA:123,0
DA:124,0
DA:134,0
DA:138,0
DA:148,0
DA:177,0
LF:24
LH:0
BRDA:70,0,0,0
BRDA:71,1,0,0
BRDA:72,2,0,0
BRDA:73,3,0,0
BRDA:74,4,0,0
BRDA:76,5,0,0
BRDA:114,6,0,0
BRDA:123,7,0,0
BRDA:134,8,0,0
BRDA:134,8,1,0
BRF:10
BRH:0
end_of_record
TN:
SF:src/mcp/tools/reflect.ts
FN:55,(anonymous_0)
FN:69,(anonymous_1)
FN:73,(anonymous_2)
FN:77,(anonymous_3)
FN:81,(anonymous_4)
FN:96,(anonymous_5)
FN:136,(anonymous_6)
FN:145,(anonymous_7)
FN:161,(anonymous_8)
FN:246,(anonymous_9)
FN:297,(anonymous_10)
FN:407,(anonymous_11)
FN:434,(anonymous_12)
FN:489,(anonymous_13)
FN:548,(anonymous_14)
FN:568,(anonymous_15)
FN:581,(anonymous_16)
FN:594,(anonymous_17)
FN:601,(anonymous_18)
FN:608,(anonymous_19)
FNF:20
FNH:15
FNDA:12,(anonymous_0)
FNDA:2,(anonymous_1)
FNDA:11,(anonymous_2)
FNDA:1,(anonymous_3)
FNDA:1,(anonymous_4)
FNDA:16,(anonymous_5)
FNDA:16,(anonymous_6)
FNDA:3,(anonymous_7)
FNDA:5,(anonymous_8)
FNDA:12,(anonymous_9)
FNDA:11,(anonymous_10)
FNDA:0,(anonymous_11)
FNDA:0,(anonymous_12)
FNDA:11,(anonymous_13)
FNDA:2,(anonymous_14)
FNDA:2,(anonymous_15)
FNDA:0,(anonymous_16)
FNDA:1,(anonymous_17)
FNDA:0,(anonymous_18)
FNDA:0,(anonymous_19)
DA:45,16
DA:56,12
DA:57,12
DA:58,11
DA:60,1
DA:64,12
DA:65,12
DA:70,2
DA:74,11
DA:78,1
DA:82,1
DA:105,16
DA:108,16
DA:109,16
DA:110,16
DA:113,16
DA:114,16
DA:117,16
DA:118,16
DA:121,16
DA:127,16
DA:130,16
DA:137,16
DA:138,16
DA:140,16
DA:142,16
DA:143,16
DA:144,2
DA:145,2
DA:146,3
DA:149,3
DA:153,1
DA:154,1
DA:157,1
DA:159,1
DA:160,1
DA:161,5
DA:164,1
DA:165,0
DA:169,3
DA:176,2
DA:179,14
DA:183,14
DA:185,5
DA:190,5
DA:193,5
DA:194,0
DA:200,5
DA:205,5
DA:213,14
DA:214,2
DA:215,2
DA:224,12
DA:226,11
DA:228,11
DA:230,1
DA:232,1
DA:236,0
DA:239,1
DA:250,12
DA:253,12
DA:254,12
DA:255,0
DA:263,12
DA:264,12
DA:267,12
DA:268,12
DA:269,0
DA:274,12
DA:278,12
DA:279,12
DA:280,11
DA:281,11
DA:291,11
DA:295,11
DA:297,11
DA:299,11
DA:301,11
DA:303,0
DA:313,11
DA:319,11
DA:320,11
DA:324,11
DA:334,11
DA:335,5
DA:336,1
DA:340,1
DA:341,1
DA:345,11
DA:346,5
DA:347,1
DA:351,1
DA:356,11
DA:357,11
DA:365,11
DA:366,0
DA:370,0
DA:371,0
DA:374,11
DA:382,11
DA:385,11
DA:386,11
DA:387,11
DA:391,11
DA:394,11
DA:407,0
DA:443,0
DA:445,0
DA:447,0
DA:448,0
DA:449,0
DA:453,0
DA:454,0
DA:456,0
DA:457,0
DA:460,0
DA:466,0
DA:472,0
DA:474,0
DA:483,0
DA:499,11
DA:501,11
DA:503,11
DA:506,11
DA:507,11
DA:508,0
DA:512,11
DA:513,11
DA:515,11
DA:516,11
DA:519,11
DA:525,11
DA:531,11
DA:533,11
DA:542,11
DA:552,2
DA:574,2
DA:581,0
DA:595,1
DA:602,0
DA:609,0
DA:610,0
LF:142
LH:113
BRDA:57,0,0,11
BRDA:57,0,1,1
BRDA:127,1,0,0
BRDA:127,1,1,16
BRDA:143,2,0,2
BRDA:149,3,0,1
BRDA:150,4,0,3
BRDA:150,4,1,1
BRDA:164,5,0,0
BRDA:183,6,0,5
BRDA:193,7,0,0
BRDA:213,8,0,2
BRDA:232,9,0,0
BRDA:233,10,0,1
BRDA:233,10,1,1
BRDA:254,11,0,0
BRDA:268,12,0,0
BRDA:268,13,0,12
BRDA:268,13,1,0
BRDA:268,13,2,0
BRDA:280,14,0,11
BRDA:283,15,0,11
BRDA:283,15,1,2
BRDA:284,16,0,11
BRDA:284,16,1,2
BRDA:301,17,0,0
BRDA:301,18,0,11
BRDA:301,18,1,0
BRDA:334,19,0,5
BRDA:345,20,0,5
BRDA:385,21,0,11
BRDA:386,22,0,11
BRDA:386,22,1,0
BRDA:387,23,0,11
BRDA:387,23,1,0
BRDA:400,24,0,11
BRDA:400,24,1,6
BRDA:401,25,0,11
BRDA:401,25,1,6
BRDA:402,26,0,11
BRDA:402,26,1,7
BRDA:403,27,0,11
BRDA:403,27,1,0
BRDA:406,28,0,11
BRDA:406,28,1,0
BRDA:411,29,0,11
BRDA:411,29,1,0
BRDA:448,30,0,0
BRDA:453,31,0,0
BRDA:453,31,1,0
BRDA:454,32,0,0
BRDA:454,32,1,0
BRDA:507,33,0,0
BRDA:512,34,0,11
BRDA:512,34,1,0
BRDA:513,35,0,11
BRDA:513,35,1,0
BRDA:576,36,0,2
BRDA:576,36,1,0
BRDA:609,37,0,0
BRF:60
BRH:35
end_of_record
TN:
SF:src/mcp/tools/request-cache.ts
FN:27,(anonymous_0)
FN:36,(anonymous_1)
FN:49,(anonymous_2)
FN:69,(anonymous_3)
FN:86,(anonymous_4)
FN:110,(anonymous_5)
FN:130,(anonymous_6)
FN:137,(anonymous_7)
FN:152,(anonymous_8)
FNF:9
FNH:0
FNDA:0,(anonymous_0)
FNDA:0,(anonymous_1)
FNDA:0,(anonymous_2)
FNDA:0,(anonymous_3)
FNDA:0,(anonymous_4)
FNDA:0,(anonymous_5)
FNDA:0,(anonymous_6)
FNDA:0,(anonymous_7)
FNDA:0,(anonymous_8)
DA:28,0
DA:29,0
DA:30,0
DA:38,0
DA:41,0
DA:42,0
DA:43,0
DA:50,0
DA:53,0
DA:55,0
DA:56,0
DA:58,0
DA:60,0
DA:63,0
DA:65,0
DA:66,0
DA:68,0
DA:69,0
DA:71,0
DA:73,0
DA:76,0
DA:80,0
DA:87,0
DA:89,0
DA:90,0
DA:94,0
DA:95,0
DA:96,0
DA:97,0
DA:101,0
DA:112,0
DA:114,0
DA:115,0
DA:116,0
DA:121,0
DA:131,0
DA:142,0
DA:153,0
DA:154,0
DA:156,0
DA:157,0
DA:158,0
DA:159,0
DA:163,0
LF:44
LH:0
BRDA:27,0,0,0
BRDA:29,1,0,0
BRDA:29,1,1,0
BRDA:30,2,0,0
BRDA:30,2,1,0
BRDA:58,3,0,0
BRDA:58,4,0,0
BRDA:58,4,1,0
BRDA:63,5,0,0
BRDA:63,5,1,0
BRDA:66,6,0,0
BRDA:66,6,1,0
BRDA:69,7,0,0
BRDA:69,7,1,0
BRDA:71,8,0,0
BRDA:71,8,1,0
BRDA:89,9,0,0
BRDA:95,10,0,0
BRDA:112,11,0,0
BRDA:115,12,0,0
BRDA:157,13,0,0
BRF:21
BRH:0
end_of_record
TN:
SF:src/mcp/tools/signal-extractor.ts
FN:127,normalizeLanguage
FN:135,extractLanguageFromPath
FN:144,parseFramework
FN:159,extractFromErrors
FN:209,extractRepoInfo
FN:237,extractSignals
FN:380,(anonymous_6)
FN:421,toRankingSignals
FNF:8
FNH:0
FNDA:0,normalizeLanguage
FNDA:0,extractLanguageFromPath
FNDA:0,parseFramework
FNDA:0,extractFromErrors
FNDA:0,extractRepoInfo
FNDA:0,extractSignals
FNDA:0,(anonymous_6)
FNDA:0,toRankingSignals
DA:10,0
DA:67,0
DA:78,0
DA:128,0
DA:129,0
DA:136,0
DA:137,0
DA:146,0
DA:147,0
DA:148,0
DA:153,0
DA:164,0
DA:165,0
DA:166,0
DA:168,0
DA:170,0
DA:171,0
DA:172,0
DA:173,0
DA:176,0
DA:177,0
DA:178,0
DA:182,0
DA:183,0
DA:184,0
DA:187,0
DA:188,0
DA:189,0
DA:193,0
DA:194,0
DA:195,0
DA:199,0
DA:210,0
DA:214,0
DA:215,0
DA:216,0
DA:223,0
DA:224,0
DA:225,0
DA:231,0
DA:282,0
DA:289,0
DA:292,0
DA:293,0
DA:294,0
DA:299,0
DA:300,0
DA:301,0
DA:302,0
DA:303,0
DA:306,0
DA:310,0
DA:311,0
DA:312,0
DA:316,0
DA:317,0
DA:318,0
DA:320,0
DA:321,0
DA:322,0
DA:323,0
DA:325,0
DA:326,0
DA:327,0
DA:332,0
DA:333,0
DA:334,0
DA:335,0
DA:337,0
DA:338,0
DA:339,0
DA:341,0
DA:342,0
DA:343,0
DA:344,0
DA:345,0
DA:346,0
DA:347,0
DA:354,0
DA:355,0
DA:362,0
DA:363,0
DA:364,0
DA:365,0
DA:366,0
DA:367,0
DA:368,0
DA:369,0
DA:371,0
DA:372,0
DA:373,0
DA:377,0
DA:378,0
DA:379,0
DA:380,0
DA:387,0
DA:388,0
DA:392,0
DA:393,0
DA:394,0
DA:395,0
DA:396,0
DA:397,0
DA:398,0
DA:399,0
DA:400,0
DA:403,0
DA:404,0
DA:408,0
DA:409,0
DA:410,0
DA:413,0
DA:415,0
DA:422,0
LF:114
LH:0
BRDA:129,0,0,0
BRDA:129,0,1,0
BRDA:137,1,0,0
BRDA:137,1,1,0
BRDA:147,2,0,0
BRDA:171,3,0,0
BRDA:173,4,0,0
BRDA:177,5,0,0
BRDA:183,6,0,0
BRDA:183,7,0,0
BRDA:183,7,1,0
BRDA:188,8,0,0
BRDA:188,9,0,0
BRDA:188,9,1,0
BRDA:210,10,0,0
BRDA:215,11,0,0
BRDA:224,12,0,0
BRDA:292,13,0,0
BRDA:292,13,1,0
BRDA:293,14,0,0
BRDA:299,15,0,0
BRDA:299,15,1,0
BRDA:300,16,0,0
BRDA:302,17,0,0
BRDA:310,18,0,0
BRDA:310,18,1,0
BRDA:311,19,0,0
BRDA:316,20,0,0
BRDA:316,20,1,0
BRDA:316,21,0,0
BRDA:316,21,1,0
BRDA:322,22,0,0
BRDA:326,23,0,0
BRDA:326,24,0,0
BRDA:326,24,1,0
BRDA:335,25,0,0
BRDA:335,26,0,0
BRDA:335,26,1,0
BRDA:338,27,0,0
BRDA:341,28,0,0
BRDA:346,29,0,0
BRDA:346,30,0,0
BRDA:346,30,1,0
BRDA:354,31,0,0
BRDA:362,32,0,0
BRDA:363,33,0,0
BRDA:365,34,0,0
BRDA:367,35,0,0
BRDA:371,36,0,0
BRDA:377,37,0,0
BRDA:378,38,0,0
BRDA:387,39,0,0
BRDA:392,40,0,0
BRDA:393,41,0,0
BRDA:395,42,0,0
BRDA:397,43,0,0
BRDA:399,44,0,0
BRDA:403,45,0,0
BRDA:409,46,0,0
BRDA:410,47,0,0
BRF:60
BRH:0
end_of_record
TN:
SF:src/mcp/transports/stdio.ts
FN:12,(anonymous_0)
FN:19,(anonymous_1)
FN:23,(anonymous_2)
FN:28,(anonymous_3)
FN:37,(anonymous_4)
FN:45,(anonymous_5)
FNF:6
FNH:0
FNDA:0,(anonymous_0)
FNDA:0,(anonymous_1)
FNDA:0,(anonymous_2)
FNDA:0,(anonymous_3)
FNDA:0,(anonymous_4)
FNDA:0,(anonymous_5)
DA:13,0
DA:20,0
DA:23,0
DA:24,0
DA:28,0
DA:29,0
DA:30,0
DA:39,0
DA:46,0
LF:9
LH:0
BRF:0
BRH:0
end_of_record
TN:
SF:src/migrations/001-consolidate-patterns.ts
FN:18,(anonymous_0)
FN:20,(anonymous_1)
FN:23,(anonymous_2)
FN:137,(anonymous_3)
FN:139,(anonymous_4)
FNF:5
FNH:2
FNDA:16,(anonymous_0)
FNDA:16,(anonymous_1)
FNDA:0,(anonymous_2)
FNDA:0,(anonymous_3)
FNDA:0,(anonymous_4)
DA:13,1
DA:20,16
DA:22,16
DA:23,0
DA:26,16
DA:27,16
DA:29,16
DA:30,16
DA:32,16
DA:33,16
DA:37,16
DA:38,16
DA:42,16
DA:43,16
DA:47,16
DA:57,16
DA:60,16
DA:68,16
DA:69,0
DA:70,0
DA:74,0
DA:77,0
DA:80,0
DA:83,0
DA:91,0
DA:94,0
DA:99,0
DA:118,0
DA:120,0
DA:125,16
DA:133,16
DA:139,0
DA:141,0
DA:153,0
DA:160,0
LF:35
LH:19
BRDA:26,0,0,16
BRDA:29,1,0,16
BRDA:32,2,0,16
BRDA:37,3,0,16
BRDA:42,4,0,16
BRDA:74,5,0,0
BRDA:74,5,1,0
BRDA:77,6,0,0
BRDA:77,6,1,0
BRDA:88,7,0,0
BRDA:88,7,1,0
BRDA:89,8,0,0
BRDA:89,8,1,0
BRF:13
BRH:5
end_of_record
TN:
SF:src/migrations/002-add-pattern-search-fields.ts
FN:11,(anonymous_0)
FN:12,(anonymous_1)
FN:82,(anonymous_2)
FN:83,(anonymous_3)
FN:131,(anonymous_4)
FNF:5
FNH:0
FNDA:0,(anonymous_0)
FNDA:0,(anonymous_1)
FNDA:0,(anonymous_2)
FNDA:0,(anonymous_3)
FNDA:0,(anonymous_4)
DA:5,1
DA:12,0
DA:14,0
DA:21,0
DA:25,0
DA:38,0
DA:45,0
DA:69,0
DA:75,0
DA:76,0
DA:78,0
DA:83,0
DA:85,0
DA:87,0
DA:97,0
DA:124,0
DA:125,0
DA:127,0
DA:132,0
DA:133,0
DA:134,0
DA:135,0
LF:22
LH:1
BRF:0
BRH:0
end_of_record
TN:
SF:src/migrations/002-pattern-metadata-enrichment.ts
FN:17,(anonymous_0)
FN:19,(anonymous_1)
FN:81,(anonymous_2)
FN:83,(anonymous_3)
FNF:4
FNH:2
FNDA:16,(anonymous_0)
FNDA:16,(anonymous_1)
FNDA:0,(anonymous_2)
FNDA:0,(anonymous_3)
DA:12,1
DA:19,16
DA:20,16
DA:23,16
DA:33,16
DA:36,16
DA:47,16
DA:50,16
DA:60,16
DA:63,16
DA:69,16
DA:75,16
DA:83,0
DA:84,0
DA:87,0
DA:98,0
LF:16
LH:12
BRF:0
BRH:0
end_of_record
TN:
SF:src/migrations/003-add-pattern-aliases.ts
FN:14,generateAlias
FN:27,(anonymous_1)
FN:29,(anonymous_2)
FN:32,(anonymous_3)
FN:82,(anonymous_4)
FN:84,(anonymous_5)
FN:97,(anonymous_6)
FN:101,(anonymous_7)
FNF:8
FNH:2
FNDA:0,generateAlias
FNDA:16,(anonymous_1)
FNDA:16,(anonymous_2)
FNDA:0,(anonymous_3)
FNDA:0,(anonymous_4)
FNDA:0,(anonymous_5)
FNDA:0,(anonymous_6)
FNDA:0,(anonymous_7)
DA:15,0
DA:22,1
DA:29,16
DA:31,16
DA:32,0
DA:35,16
DA:37,16
DA:42,16
DA:43,16
DA:46,16
DA:53,16
DA:55,16
DA:58,16
DA:62,16
DA:63,0
DA:64,0
DA:65,0
DA:68,0
DA:69,0
DA:70,0
DA:73,0
DA:76,16
DA:84,0
DA:86,0
DA:91,0
DA:93,0
DA:98,0
DA:100,0
DA:101,0
DA:103,0
DA:104,0
DA:108,0
DA:113,0
DA:114,0
DA:118,0
DA:122,0
DA:124,0
DA:125,0
LF:38
LH:13
BRDA:35,0,0,16
BRDA:103,1,0,0
BRDA:113,2,0,0
BRF:3
BRH:1
end_of_record
TN:
SF:src/migrations/MigrationLoader.ts
FN:15,(anonymous_0)
FN:22,(anonymous_1)
FN:25,(anonymous_2)
FN:50,(anonymous_3)
FN:61,(anonymous_4)
FN:97,(anonymous_5)
FN:131,(anonymous_6)
FN:146,(anonymous_7)
FN:160,(anonymous_8)
FN:163,(anonymous_9)
FN:164,(anonymous_10)
FN:165,(anonymous_11)
FNF:12
FNH:8
FNDA:16,(anonymous_0)
FNDA:16,(anonymous_1)
FNDA:144,(anonymous_2)
FNDA:32,(anonymous_3)
FNDA:64,(anonymous_4)
FNDA:64,(anonymous_5)
FNDA:16,(anonymous_6)
FNDA:64,(anonymous_7)
FNDA:0,(anonymous_8)
FNDA:0,(anonymous_9)
FNDA:0,(anonymous_10)
FNDA:0,(anonymous_11)
DA:8,1
DA:9,1
DA:13,16
DA:16,16
DA:23,16
DA:24,16
DA:25,144
DA:28,16
DA:30,16
DA:32,64
DA:33,64
DA:34,64
DA:38,64
DA:39,0
DA:40,0
DA:43,64
DA:44,64
DA:45,48
DA:50,32
DA:53,16
DA:55,16
DA:62,64
DA:63,64
DA:65,64
DA:66,64
DA:68,64
DA:69,64
DA:72,64
DA:74,64
DA:75,0
DA:81,64
DA:84,64
DA:86,48
DA:87,48
DA:89,16
DA:90,16
DA:98,64
DA:100,64
DA:101,64
DA:102,0
DA:104,64
DA:105,64
DA:106,0
DA:107,64
DA:108,0
DA:111,64
DA:112,64
DA:113,64
DA:114,64
DA:115,0
DA:121,64
DA:122,0
DA:132,16
DA:133,48
DA:134,48
DA:135,0
DA:147,64
DA:154,64
DA:161,0
DA:162,0
DA:163,0
DA:164,0
DA:165,0
DA:168,0
DA:170,0
DA:171,0
DA:172,0
DA:174,0
DA:205,0
DA:206,0
DA:207,0
DA:209,0
LF:72
LH:49
BRDA:16,0,0,16
BRDA:16,0,1,0
BRDA:32,1,0,64
BRDA:34,2,0,0
BRDA:38,3,0,0
BRDA:40,4,0,0
BRDA:44,5,0,48
BRDA:63,6,0,0
BRDA:72,7,0,64
BRDA:72,7,1,48
BRDA:74,8,0,0
BRDA:100,9,0,0
BRDA:101,10,0,0
BRDA:101,11,0,64
BRDA:101,11,1,64
BRDA:104,12,0,0
BRDA:105,13,0,0
BRDA:107,14,0,0
BRDA:112,15,0,64
BRDA:114,16,0,0
BRDA:121,17,0,0
BRDA:134,18,0,0
BRDA:168,19,0,0
BRDA:168,19,1,0
BRF:24
BRH:8
end_of_record
TN:
SF:src/migrations/MigrationRunner.ts
FN:9,(anonymous_0)
FN:17,(anonymous_1)
FN:33,(anonymous_2)
FN:45,(anonymous_3)
FN:46,(anonymous_4)
FN:58,(anonymous_5)
FN:70,(anonymous_6)
FN:90,(anonymous_7)
FN:97,(anonymous_8)
FN:112,(anonymous_9)
FN:161,(anonymous_10)
FN:171,(anonymous_11)
FN:183,(anonymous_12)
FN:188,(anonymous_13)
FN:208,(anonymous_14)
FN:240,(anonymous_15)
FN:244,(anonymous_16)
FN:271,(anonymous_17)
FNF:18
FNH:8
FNDA:16,(anonymous_0)
FNDA:16,(anonymous_1)
FNDA:16,(anonymous_2)
FNDA:0,(anonymous_3)
FNDA:48,(anonymous_4)
FNDA:0,(anonymous_5)
FNDA:16,(anonymous_6)
FNDA:0,(anonymous_7)
FNDA:0,(anonymous_8)
FNDA:48,(anonymous_9)
FNDA:0,(anonymous_10)
FNDA:0,(anonymous_11)
FNDA:0,(anonymous_12)
FNDA:0,(anonymous_13)
FNDA:0,(anonymous_14)
FNDA:16,(anonymous_15)
FNDA:48,(anonymous_16)
FNDA:0,(anonymous_17)
DA:7,16
DA:10,16
DA:11,16
DA:18,16
DA:38,16
DA:45,16
DA:46,48
DA:48,16
DA:59,0
DA:74,16
DA:75,16
DA:78,16
DA:79,16
DA:82,16
DA:83,0
DA:84,0
DA:88,16
DA:89,16
DA:90,0
DA:93,16
DA:95,16
DA:96,0
DA:97,0
DA:98,0
DA:102,16
DA:103,48
DA:106,16
DA:113,48
DA:114,48
DA:116,48
DA:118,48
DA:120,48
DA:123,48
DA:126,48
DA:127,48
DA:145,48
DA:147,48
DA:152,0
DA:153,0
DA:154,0
DA:166,0
DA:167,0
DA:170,0
DA:171,0
DA:174,0
DA:175,0
DA:176,0
DA:179,0
DA:181,0
DA:182,0
DA:183,0
DA:184,0
DA:188,0
DA:190,0
DA:191,0
DA:192,0
DA:193,0
DA:196,0
DA:199,0
DA:202,0
DA:209,0
DA:211,0
DA:213,0
DA:215,0
DA:218,0
DA:221,0
DA:226,0
DA:228,0
DA:231,0
DA:232,0
DA:233,0
DA:244,48
DA:246,16
DA:247,0
DA:249,0
DA:250,0
DA:253,0
DA:256,0
DA:257,0
DA:279,0
LF:80
LH:32
BRDA:72,0,0,16
BRDA:74,1,0,16
BRDA:74,2,0,16
BRDA:78,3,0,16
BRDA:82,4,0,0
BRDA:89,5,0,0
BRDA:95,6,0,0
BRDA:164,7,0,0
BRDA:166,8,0,0
BRDA:174,9,0,0
BRDA:181,10,0,0
BRDA:192,11,0,0
BRDA:249,12,0,0
BRDA:256,13,0,0
BRF:14
BRH:4
end_of_record
TN:
SF:src/migrations/MigrationValidator.ts
FN:12,(anonymous_0)
FN:19,(anonymous_1)
FN:76,(anonymous_2)
FN:93,(anonymous_3)
FN:105,(anonymous_4)
FN:148,(anonymous_5)
FN:184,(anonymous_6)
FN:211,(anonymous_7)
FN:228,(anonymous_8)
FN:263,(anonymous_9)
FNF:10
FNH:0
FNDA:0,(anonymous_0)
FNDA:0,(anonymous_1)
FNDA:0,(anonymous_2)
FNDA:0,(anonymous_3)
FNDA:0,(anonymous_4)
FNDA:0,(anonymous_5)
FNDA:0,(anonymous_6)
FNDA:0,(anonymous_7)
FNDA:0,(anonymous_8)
FNDA:0,(anonymous_9)
DA:13,0
DA:20,0
DA:21,0
DA:22,0
DA:24,0
DA:25,0
DA:28,0
DA:29,0
DA:32,0
DA:33,0
DA:36,0
DA:37,0
DA:38,0
DA:39,0
DA:43,0
DA:44,0
DA:45,0
DA:46,0
DA:50,0
DA:51,0
DA:52,0
DA:55,0
DA:59,0
DA:60,0
DA:61,0
DA:64,0
DA:65,0
DA:68,0
DA:69,0
DA:81,0
DA:93,0
DA:94,0
DA:95,0
DA:96,0
DA:110,0
DA:112,0
DA:114,0
DA:117,0
DA:118,0
DA:120,0
DA:124,0
DA:127,0
DA:129,0
DA:132,0
DA:133,0
DA:138,0
DA:152,0
DA:154,0
DA:156,0
DA:157,0
DA:160,0
DA:161,0
DA:164,0
DA:167,0
DA:170,0
DA:172,0
DA:173,0
DA:177,0
DA:185,0
DA:195,0
DA:197,0
DA:199,0
DA:202,0
DA:205,0
DA:212,0
DA:213,0
DA:216,0
DA:217,0
DA:222,0
DA:231,0
DA:232,0
DA:233,0
DA:235,0
DA:236,0
DA:237,0
DA:240,0
DA:241,0
DA:242,0
DA:244,0
DA:248,0
DA:252,0
DA:253,0
DA:255,0
DA:256,0
DA:264,0
DA:266,0
DA:267,0
DA:268,0
DA:271,0
DA:272,0
DA:276,0
DA:277,0
DA:283,0
DA:284,0
DA:288,0
DA:289,0
DA:295,0
DA:296,0
DA:302,0
LF:99
LH:0
BRDA:37,0,0,0
BRDA:44,1,0,0
BRDA:50,2,0,0
BRDA:60,3,0,0
BRDA:68,4,0,0
BRDA:95,5,0,0
BRDA:117,6,0,0
BRDA:117,6,1,0
BRDA:140,7,0,0
BRDA:140,7,1,0
BRDA:216,8,0,0
BRDA:255,9,0,0
BRDA:271,10,0,0
BRDA:271,11,0,0
BRDA:271,11,1,0
BRDA:276,12,0,0
BRDA:276,13,0,0
BRDA:276,13,1,0
BRDA:283,14,0,0
BRDA:283,15,0,0
BRDA:283,15,1,0
BRDA:288,16,0,0
BRDA:288,17,0,0
BRDA:288,17,1,0
BRDA:295,18,0,0
BRF:25
BRH:0
end_of_record
TN:
SF:src/ranking/budget-manager.ts
FN:12,(anonymous_0)
FN:19,(anonymous_1)
FN:27,(anonymous_2)
FN:34,(anonymous_3)
FN:51,(anonymous_4)
FN:58,(anonymous_5)
FN:65,(anonymous_6)
FN:72,(anonymous_7)
FN:79,(anonymous_8)
FN:86,(anonymous_9)
FN:93,(anonymous_10)
FN:104,(anonymous_11)
FN:112,(anonymous_12)
FN:120,(anonymous_13)
FNF:14
FNH:0
FNDA:0,(anonymous_0)
FNDA:0,(anonymous_1)
FNDA:0,(anonymous_2)
FNDA:0,(anonymous_3)
FNDA:0,(anonymous_4)
FNDA:0,(anonymous_5)
FNDA:0,(anonymous_6)
FNDA:0,(anonymous_7)
FNDA:0,(anonymous_8)
FNDA:0,(anonymous_9)
FNDA:0,(anonymous_10)
FNDA:0,(anonymous_11)
FNDA:0,(anonymous_12)
FNDA:0,(anonymous_13)
DA:7,0
DA:8,0
DA:9,0
DA:10,0
DA:13,0
DA:20,0
DA:21,0
DA:28,0
DA:35,0
DA:37,0
DA:38,0
DA:39,0
DA:40,0
DA:41,0
DA:42,0
DA:45,0
DA:52,0
DA:59,0
DA:66,0
DA:73,0
DA:80,0
DA:87,0
DA:94,0
DA:105,0
DA:106,0
DA:113,0
DA:114,0
DA:121,0
LF:28
LH:0
BRDA:12,0,0,0
BRDA:37,1,0,0
BRDA:37,1,1,0
BRDA:39,2,0,0
BRDA:39,2,1,0
BRDA:41,3,0,0
BRDA:42,4,0,0
BRDA:42,4,1,0
BRDA:95,5,0,0
BRDA:95,5,1,0
BRDA:95,5,2,0
BRF:11
BRH:0
end_of_record
TN:
SF:src/ranking/candidate-generator.ts
FN:12,(anonymous_0)
FN:18,(anonymous_1)
FN:36,(anonymous_2)
FN:49,(anonymous_3)
FN:100,(anonymous_4)
FN:103,(anonymous_5)
FN:114,(anonymous_6)
FN:117,(anonymous_7)
FN:126,(anonymous_8)
FN:212,(anonymous_9)
FN:249,(anonymous_10)
FN:268,(anonymous_11)
FN:278,(anonymous_12)
FNF:13
FNH:0
FNDA:0,(anonymous_0)
FNDA:0,(anonymous_1)
FNDA:0,(anonymous_2)
FNDA:0,(anonymous_3)
FNDA:0,(anonymous_4)
FNDA:0,(anonymous_5)
FNDA:0,(anonymous_6)
FNDA:0,(anonymous_7)
FNDA:0,(anonymous_8)
FNDA:0,(anonymous_9)
FNDA:0,(anonymous_10)
FNDA:0,(anonymous_11)
FNDA:0,(anonymous_12)
DA:13,0
DA:14,0
DA:15,0
DA:19,0
DA:23,0
DA:24,0
DA:25,0
DA:29,0
DA:30,0
DA:33,0
DA:37,0
DA:49,0
DA:50,0
DA:53,0
DA:54,0
DA:55,0
DA:57,0
DA:60,0
DA:61,0
DA:62,0
DA:63,0
DA:64,0
DA:66,0
DA:71,0
DA:72,0
DA:73,0
DA:74,0
DA:75,0
DA:77,0
DA:82,0
DA:83,0
DA:84,0
DA:86,0
DA:89,0
DA:90,0
DA:91,0
DA:93,0
DA:97,0
DA:101,0
DA:103,0
DA:104,0
DA:105,0
DA:106,0
DA:111,0
DA:115,0
DA:117,0
DA:118,0
DA:119,0
DA:123,0
DA:128,0
DA:129,0
DA:139,0
DA:140,0
DA:141,0
DA:142,0
DA:143,0
DA:148,0
DA:151,0
DA:152,0
DA:153,0
DA:154,0
DA:155,0
DA:156,0
DA:157,0
DA:162,0
DA:163,0
DA:172,0
DA:173,0
DA:174,0
DA:177,0
DA:178,0
DA:179,0
DA:180,0
DA:181,0
DA:187,0
DA:188,0
DA:189,0
DA:193,0
DA:198,0
DA:199,0
DA:200,0
DA:202,0
DA:203,0
DA:206,0
DA:209,0
DA:216,0
DA:219,0
DA:220,0
DA:223,0
DA:224,0
DA:225,0
DA:229,0
DA:230,0
DA:231,0
DA:233,0
DA:234,0
DA:235,0
DA:238,0
DA:241,0
DA:242,0
DA:246,0
DA:255,0
DA:257,0
DA:258,0
DA:259,0
DA:261,0
DA:268,0
DA:270,0
DA:271,0
DA:272,0
DA:275,0
DA:279,0
DA:280,0
DA:281,0
DA:283,0
DA:284,0
DA:285,0
DA:289,0
LF:118
LH:0
BRDA:18,0,0,0
BRDA:23,1,0,0
BRDA:29,2,0,0
BRDA:53,3,0,0
BRDA:53,3,1,0
BRDA:54,4,0,0
BRDA:60,5,0,0
BRDA:63,6,0,0
BRDA:71,7,0,0
BRDA:74,8,0,0
BRDA:82,9,0,0
BRDA:83,10,0,0
BRDA:89,11,0,0
BRDA:90,12,0,0
BRDA:104,13,0,0
BRDA:118,14,0,0
BRDA:118,15,0,0
BRDA:118,15,1,0
BRDA:141,16,0,0
BRDA:151,17,0,0
BRDA:155,18,0,0
BRDA:162,19,0,0
BRDA:172,20,0,0
BRDA:179,21,0,0
BRDA:189,22,0,0
BRDA:190,23,0,0
BRDA:190,23,1,0
BRDA:200,24,0,0
BRDA:203,25,0,0
BRDA:223,26,0,0
BRDA:223,27,0,0
BRDA:223,27,1,0
BRDA:233,28,0,0
BRDA:238,29,0,0
BRDA:241,30,0,0
BRDA:280,31,0,0
BRDA:280,31,1,0
BRDA:281,32,0,0
BRDA:281,32,1,0
BRDA:284,33,0,0
BRF:40
BRH:0
end_of_record
TN:
SF:src/ranking/deduper.ts
FN:15,(anonymous_0)
FN:22,(anonymous_1)
FN:29,(anonymous_2)
FN:36,(anonymous_3)
FN:43,(anonymous_4)
FN:48,(anonymous_5)
FN:49,(anonymous_6)
FN:50,(anonymous_7)
FN:56,(anonymous_8)
FN:63,(anonymous_9)
FN:70,(anonymous_10)
FN:77,(anonymous_11)
FN:96,(anonymous_12)
FNF:13
FNH:0
FNDA:0,(anonymous_0)
FNDA:0,(anonymous_1)
FNDA:0,(anonymous_2)
FNDA:0,(anonymous_3)
FNDA:0,(anonymous_4)
FNDA:0,(anonymous_5)
FNDA:0,(anonymous_6)
FNDA:0,(anonymous_7)
FNDA:0,(anonymous_8)
FNDA:0,(anonymous_9)
FNDA:0,(anonymous_10)
FNDA:0,(anonymous_11)
FNDA:0,(anonymous_12)
DA:6,0
DA:7,0
DA:8,0
DA:9,0
DA:10,0
DA:16,0
DA:23,0
DA:30,0
DA:37,0
DA:48,0
DA:49,0
DA:50,0
DA:57,0
DA:64,0
DA:71,0
DA:84,0
DA:97,0
DA:98,0
DA:99,0
DA:100,0
DA:101,0
LF:21
LH:0
BRF:0
BRH:0
end_of_record
TN:
SF:src/ranking/index.ts
FN:23,(anonymous_0)
FN:38,(anonymous_1)
FN:49,(anonymous_2)
FN:80,(anonymous_3)
FN:94,(anonymous_4)
FN:111,(anonymous_5)
FN:129,(anonymous_6)
FN:135,(anonymous_7)
FN:145,(anonymous_8)
FN:151,rankPatterns
FNF:10
FNH:0
FNDA:0,(anonymous_0)
FNDA:0,(anonymous_1)
FNDA:0,(anonymous_2)
FNDA:0,(anonymous_3)
FNDA:0,(anonymous_4)
FNDA:0,(anonymous_5)
FNDA:0,(anonymous_6)
FNDA:0,(anonymous_7)
FNDA:0,(anonymous_8)
FNDA:0,rankPatterns
DA:24,0
DA:27,0
DA:28,0
DA:29,0
DA:30,0
DA:39,0
DA:42,0
DA:43,0
DA:45,0
DA:46,0
DA:47,0
DA:49,0
DA:58,0
DA:63,0
DA:64,0
DA:68,0
DA:75,0
DA:76,0
DA:80,0
DA:82,0
DA:83,0
DA:91,0
DA:94,0
DA:95,0
DA:97,0
DA:98,0
DA:101,0
DA:102,0
DA:105,0
DA:107,0
DA:111,0
DA:116,0
DA:119,0
DA:120,0
DA:121,0
DA:122,0
DA:123,0
DA:126,0
DA:131,0
DA:135,0
DA:141,0
DA:142,0
DA:146,0
DA:157,0
DA:158,0
DA:159,0
DA:161,0
LF:47
LH:0
BRDA:25,0,0,0
BRDA:38,1,0,0
BRDA:45,2,0,0
BRDA:45,3,0,0
BRDA:45,3,1,0
BRDA:47,4,0,0
BRDA:63,5,0,0
BRDA:75,6,0,0
BRDA:95,7,0,0
BRDA:98,8,0,0
BRDA:98,9,0,0
BRDA:98,9,1,0
BRDA:102,10,0,0
BRDA:102,11,0,0
BRDA:102,11,1,0
BRDA:120,12,0,0
BRDA:135,13,0,0
BRDA:135,13,1,0
BRDA:137,14,0,0
BRDA:137,14,1,0
BRDA:138,15,0,0
BRDA:138,15,1,0
BRDA:154,16,0,0
BRF:23
BRH:0
end_of_record
TN:
SF:src/ranking/pack-builder.ts
FN:40,(anonymous_0)
FN:51,(anonymous_1)
FN:105,(anonymous_2)
FN:126,(anonymous_3)
FN:171,(anonymous_4)
FN:195,(anonymous_5)
FN:229,(anonymous_6)
FN:256,(anonymous_7)
FN:271,(anonymous_8)
FN:288,(anonymous_9)
FN:312,(anonymous_10)
FN:338,(anonymous_11)
FN:379,(anonymous_12)
FN:388,(anonymous_13)
FN:417,(anonymous_14)
FN:447,(anonymous_15)
FN:454,(anonymous_16)
FN:482,(anonymous_17)
FN:513,(anonymous_18)
FN:544,(anonymous_19)
FN:577,(anonymous_20)
FN:614,(anonymous_21)
FN:645,(anonymous_22)
FN:662,(anonymous_23)
FN:678,(anonymous_24)
FN:679,(anonymous_25)
FN:680,(anonymous_26)
FN:688,(anonymous_27)
FN:698,(anonymous_28)
FNF:29
FNH:0
FNDA:0,(anonymous_0)
FNDA:0,(anonymous_1)
FNDA:0,(anonymous_2)
FNDA:0,(anonymous_3)
FNDA:0,(anonymous_4)
FNDA:0,(anonymous_5)
FNDA:0,(anonymous_6)
FNDA:0,(anonymous_7)
FNDA:0,(anonymous_8)
FNDA:0,(anonymous_9)
FNDA:0,(anonymous_10)
FNDA:0,(anonymous_11)
FNDA:0,(anonymous_12)
FNDA:0,(anonymous_13)
FNDA:0,(anonymous_14)
FNDA:0,(anonymous_15)
FNDA:0,(anonymous_16)
FNDA:0,(anonymous_17)
FNDA:0,(anonymous_18)
FNDA:0,(anonymous_19)
FNDA:0,(anonymous_20)
FNDA:0,(anonymous_21)
FNDA:0,(anonymous_22)
FNDA:0,(anonymous_23)
FNDA:0,(anonymous_24)
FNDA:0,(anonymous_25)
FNDA:0,(anonymous_26)
FNDA:0,(anonymous_27)
FNDA:0,(anonymous_28)
DA:41,0
DA:42,0
DA:43,0
DA:44,0
DA:45,0
DA:56,0
DA:69,0
DA:70,0
DA:71,0
DA:74,0
DA:90,0
DA:93,0
DA:94,0
DA:97,0
DA:100,0
DA:103,0
DA:105,0
DA:111,0
DA:119,0
DA:122,0
DA:125,0
DA:126,0
DA:128,0
DA:131,0
DA:132,0
DA:133,0
DA:137,0
DA:144,0
DA:145,0
DA:148,0
DA:149,0
DA:155,0
DA:156,0
DA:157,0
DA:160,0
DA:174,0
DA:176,0
DA:177,0
DA:178,0
DA:181,0
DA:182,0
DA:184,0
DA:195,0
DA:206,0
DA:216,0
DA:223,0
DA:230,0
DA:231,0
DA:232,0
DA:233,0
DA:234,0
DA:236,0
DA:237,0
DA:239,0
DA:240,0
DA:242,0
DA:243,0
DA:245,0
DA:246,0
DA:248,0
DA:249,0
DA:251,0
DA:256,0
DA:257,0
DA:259,0
DA:273,0
DA:282,0
DA:293,0
DA:294,0
DA:299,0
DA:301,0
DA:302,0
DA:303,0
DA:304,0
DA:318,0
DA:320,0
DA:321,0
DA:323,0
DA:329,0
DA:330,0
DA:343,0
DA:344,0
DA:347,0
DA:356,0
DA:357,0
DA:362,0
DA:363,0
DA:368,0
DA:369,0
DA:370,0
DA:371,0
DA:373,0
DA:383,0
DA:384,0
DA:388,0
DA:389,0
DA:390,0
DA:391,0
DA:395,0
DA:402,0
DA:421,0
DA:423,0
DA:424,0
DA:427,0
DA:428,0
DA:429,0
DA:431,0
DA:432,0
DA:435,0
DA:441,0
DA:454,0
DA:455,0
DA:456,0
DA:459,0
DA:460,0
DA:463,0
DA:464,0
DA:465,0
DA:467,0
DA:473,0
DA:474,0
DA:488,0
DA:490,0
DA:491,0
DA:493,0
DA:494,0
DA:499,0
DA:501,0
DA:502,0
DA:503,0
DA:504,0
DA:519,0
DA:521,0
DA:522,0
DA:524,0
DA:525,0
DA:530,0
DA:532,0
DA:533,0
DA:534,0
DA:535,0
DA:549,0
DA:550,0
DA:556,0
DA:558,0
DA:564,0
DA:565,0
DA:569,0
DA:579,0
DA:580,0
DA:582,0
DA:583,0
DA:584,0
DA:585,0
DA:586,0
DA:593,0
DA:594,0
DA:597,0
DA:598,0
DA:599,0
DA:600,0
DA:601,0
DA:602,0
DA:603,0
DA:610,0
DA:611,0
DA:614,0
DA:615,0
DA:616,0
DA:618,0
DA:619,0
DA:623,0
DA:628,0
DA:632,0
DA:633,0
DA:635,0
DA:636,0
DA:637,0
DA:638,0
DA:642,0
DA:643,0
DA:645,0
DA:646,0
DA:647,0
DA:648,0
DA:649,0
DA:650,0
DA:651,0
DA:667,0
DA:668,0
DA:669,0
DA:672,0
DA:674,0
DA:675,0
DA:676,0
DA:678,0
DA:679,0
DA:680,0
DA:682,0
DA:689,0
DA:690,0
DA:692,0
DA:702,0
DA:704,0
DA:705,0
DA:714,0
LF:206
LH:0
BRDA:54,0,0,0
BRDA:132,1,0,0
BRDA:148,2,0,0
BRDA:155,3,0,0
BRDA:178,4,0,0
BRDA:188,5,0,0
BRDA:188,5,1,0
BRDA:189,6,0,0
BRDA:189,6,1,0
BRDA:195,7,0,0
BRDA:195,7,1,0
BRDA:197,8,0,0
BRDA:197,8,1,0
BRDA:197,8,2,0
BRDA:198,9,0,0
BRDA:198,9,1,0
BRDA:202,10,0,0
BRDA:202,10,1,0
BRDA:237,11,0,0
BRDA:237,11,1,0
BRDA:237,11,2,0
BRDA:237,11,3,0
BRDA:237,11,4,0
BRDA:301,12,0,0
BRDA:321,13,0,0
BRDA:325,14,0,0
BRDA:325,14,1,0
BRDA:329,15,0,0
BRDA:329,16,0,0
BRDA:329,16,1,0
BRDA:343,17,0,0
BRDA:356,18,0,0
BRDA:356,19,0,0
BRDA:356,19,1,0
BRDA:362,20,0,0
BRDA:369,21,0,0
BRDA:370,22,0,0
BRDA:371,23,0,0
BRDA:383,24,0,0
BRDA:383,25,0,0
BRDA:383,25,1,0
BRDA:391,26,0,0
BRDA:391,26,1,0
BRDA:397,27,0,0
BRDA:397,27,1,0
BRDA:403,28,0,0
BRDA:403,28,1,0
BRDA:406,29,0,0
BRDA:406,29,1,0
BRDA:423,30,0,0
BRDA:431,31,0,0
BRDA:456,32,0,0
BRDA:465,33,0,0
BRDA:469,34,0,0
BRDA:469,34,1,0
BRDA:473,35,0,0
BRDA:473,36,0,0
BRDA:473,36,1,0
BRDA:491,37,0,0
BRDA:493,38,0,0
BRDA:501,39,0,0
BRDA:522,40,0,0
BRDA:524,41,0,0
BRDA:532,42,0,0
BRDA:552,43,0,0
BRDA:552,43,1,0
BRDA:556,44,0,0
BRDA:556,45,0,0
BRDA:556,45,1,0
BRDA:560,46,0,0
BRDA:560,46,1,0
BRDA:564,47,0,0
BRDA:564,48,0,0
BRDA:564,48,1,0
BRDA:580,49,0,0
BRDA:580,50,0,0
BRDA:580,50,1,0
BRDA:583,51,0,0
BRDA:585,52,0,0
BRDA:594,53,0,0
BRDA:598,54,0,0
BRDA:598,55,0,0
BRDA:598,55,1,0
BRDA:600,56,0,0
BRDA:602,57,0,0
BRDA:611,58,0,0
BRDA:619,59,0,0
BRDA:633,60,0,0
BRDA:643,61,0,0
BRDA:647,62,0,0
BRDA:650,63,0,0
BRDA:672,64,0,0
BRDA:672,64,1,0
BRDA:672,64,2,0
BRDA:674,65,0,0
BRDA:674,65,1,0
BRDA:675,66,0,0
BRDA:675,66,1,0
BRDA:676,67,0,0
BRDA:676,67,1,0
BRDA:689,68,0,0
BRDA:708,69,0,0
BRDA:708,69,1,0
BRF:103
BRH:0
end_of_record
TN:
SF:src/ranking/pack-serializer.ts
FN:15,(anonymous_0)
FN:26,(anonymous_1)
FN:34,(anonymous_2)
FN:57,(anonymous_3)
FN:63,(anonymous_4)
FN:80,(anonymous_5)
FNF:6
FNH:0
FNDA:0,(anonymous_0)
FNDA:0,(anonymous_1)
FNDA:0,(anonymous_2)
FNDA:0,(anonymous_3)
FNDA:0,(anonymous_4)
FNDA:0,(anonymous_5)
DA:5,0
DA:17,0
DA:20,0
DA:27,0
DA:28,0
DA:39,0
DA:40,0
DA:44,0
DA:45,0
DA:46,0
DA:51,0
DA:58,0
DA:59,0
DA:62,0
DA:63,0
DA:67,0
DA:68,0
DA:70,0
DA:71,0
DA:74,0
DA:82,0
DA:83,0
DA:84,0
DA:85,0
DA:87,0
DA:88,0
DA:89,0
DA:90,0
DA:91,0
DA:93,0
DA:96,0
DA:97,0
DA:98,0
DA:99,0
DA:100,0
DA:101,0
DA:102,0
DA:104,0
DA:107,0
LF:39
LH:0
BRDA:58,0,0,0
BRDA:58,1,0,0
BRDA:58,1,1,0
BRDA:62,2,0,0
BRDA:82,3,0,0
BRDA:83,4,0,0
BRDA:83,5,0,0
BRDA:83,5,1,0
BRDA:84,6,0,0
BRDA:85,7,0,0
BRDA:87,8,0,0
BRDA:90,9,0,0
BRDA:96,10,0,0
BRDA:100,11,0,0
BRF:14
BRH:0
end_of_record
TN:
SF:src/ranking/parallel-scorer.ts
FN:23,(anonymous_0)
FN:31,(anonymous_1)
FN:59,(anonymous_2)
FN:69,(anonymous_3)
FN:96,(anonymous_4)
FN:144,(anonymous_5)
FN:152,(anonymous_6)
FN:162,(anonymous_7)
FNF:8
FNH:0
FNDA:0,(anonymous_0)
FNDA:0,(anonymous_1)
FNDA:0,(anonymous_2)
FNDA:0,(anonymous_3)
FNDA:0,(anonymous_4)
FNDA:0,(anonymous_5)
FNDA:0,(anonymous_6)
FNDA:0,(anonymous_7)
DA:19,0
DA:20,0
DA:23,0
DA:25,0
DA:38,0
DA:39,0
DA:48,0
DA:51,0
DA:52,0
DA:54,0
DA:55,0
DA:59,0
DA:60,0
DA:63,0
DA:66,0
DA:75,0
DA:76,0
DA:82,0
DA:83,0
DA:84,0
DA:85,0
DA:93,0
DA:107,0
DA:111,0
DA:116,0
DA:117,0
DA:122,0
DA:126,0
DA:132,0
DA:145,0
DA:159,0
DA:164,0
DA:165,0
DA:167,0
LF:34
LH:0
BRDA:23,0,0,0
BRDA:26,1,0,0
BRDA:26,1,1,0
BRDA:26,1,2,0
BRDA:38,2,0,0
BRDA:38,3,0,0
BRDA:38,3,1,0
BRDA:111,4,0,0
BRDA:111,4,1,0
BRDA:111,5,0,0
BRDA:111,5,1,0
BRDA:111,5,2,0
BRDA:145,6,0,0
BRF:13
BRH:0
end_of_record
TN:
SF:src/ranking/semantic-scorer.ts
FN:64,(anonymous_0)
FN:70,(anonymous_1)
FN:79,(anonymous_2)
FN:164,(anonymous_3)
FN:169,(anonymous_4)
FN:181,(anonymous_5)
FN:193,(anonymous_6)
FN:194,(anonymous_7)
FN:226,(anonymous_8)
FN:238,(anonymous_9)
FN:291,(anonymous_10)
FN:299,(anonymous_11)
FN:318,(anonymous_12)
FNF:13
FNH:0
FNDA:0,(anonymous_0)
FNDA:0,(anonymous_1)
FNDA:0,(anonymous_2)
FNDA:0,(anonymous_3)
FNDA:0,(anonymous_4)
FNDA:0,(anonymous_5)
FNDA:0,(anonymous_6)
FNDA:0,(anonymous_7)
FNDA:0,(anonymous_8)
FNDA:0,(anonymous_9)
FNDA:0,(anonymous_10)
FNDA:0,(anonymous_11)
FNDA:0,(anonymous_12)
DA:52,0
DA:65,0
DA:70,0
DA:71,0
DA:72,0
DA:91,0
DA:92,0
DA:94,0
DA:95,0
DA:104,0
DA:105,0
DA:109,0
DA:110,0
DA:111,0
DA:115,0
DA:116,0
DA:117,0
DA:118,0
DA:122,0
DA:124,0
DA:125,0
DA:126,0
DA:130,0
DA:131,0
DA:133,0
DA:137,0
DA:139,0
DA:141,0
DA:146,0
DA:153,0
DA:155,0
DA:164,0
DA:167,0
DA:168,0
DA:169,0
DA:171,0
DA:172,0
DA:175,0
DA:189,0
DA:192,0
DA:193,0
DA:194,0
DA:196,0
DA:197,0
DA:200,0
DA:202,0
DA:204,0
DA:205,0
DA:207,0
DA:208,0
DA:210,0
DA:211,0
DA:212,0
DA:214,0
DA:216,0
DA:217,0
DA:219,0
DA:220,0
DA:224,0
DA:225,0
DA:226,0
DA:227,0
DA:228,0
DA:232,0
DA:247,0
DA:250,0
DA:251,0
DA:255,0
DA:256,0
DA:260,0
DA:261,0
DA:265,0
DA:266,0
DA:270,0
DA:271,0
DA:272,0
DA:273,0
DA:277,0
DA:278,0
DA:279,0
DA:282,0
DA:295,0
DA:298,0
DA:299,0
DA:301,0
DA:302,0
DA:306,0
DA:309,0
DA:312,0
DA:323,0
DA:332,0
DA:333,0
DA:334,0
DA:340,0
DA:345,0
LF:95
LH:0
BRDA:89,0,0,0
BRDA:104,1,0,0
BRDA:109,2,0,0
BRDA:115,3,0,0
BRDA:117,4,0,0
BRDA:117,4,1,0
BRDA:122,5,0,0
BRDA:122,5,1,0
BRDA:122,6,0,0
BRDA:122,6,1,0
BRDA:131,7,0,0
BRDA:137,8,0,0
BRDA:168,9,0,0
BRDA:171,10,0,0
BRDA:196,11,0,0
BRDA:202,12,0,0
BRDA:202,12,1,0
BRDA:202,12,2,0
BRDA:202,12,3,0
BRDA:202,12,4,0
BRDA:210,13,0,0
BRDA:210,13,1,0
BRDA:211,14,0,0
BRDA:225,15,0,0
BRDA:227,16,0,0
BRDA:227,17,0,0
BRDA:227,17,1,0
BRDA:250,18,0,0
BRDA:255,19,0,0
BRDA:260,20,0,0
BRDA:265,21,0,0
BRDA:270,22,0,0
BRDA:270,22,1,0
BRDA:270,23,0,0
BRDA:270,23,1,0
BRDA:278,24,0,0
BRDA:295,25,0,0
BRDA:301,26,0,0
BRDA:302,27,0,0
BRDA:302,27,1,0
BRDA:306,28,0,0
BRDA:334,29,0,0
BRDA:335,30,0,0
BRDA:335,30,1,0
BRDA:335,30,2,0
BRDA:335,30,3,0
BRF:46
BRH:0
end_of_record
TN:
SF:src/ranking/snippet-trimmer.ts
FN:27,(anonymous_0)
FN:113,(anonymous_1)
FN:177,(anonymous_2)
FN:189,(anonymous_3)
FN:195,(anonymous_4)
FN:202,(anonymous_5)
FN:210,(anonymous_6)
FN:222,(anonymous_7)
FNF:8
FNH:0
FNDA:0,(anonymous_0)
FNDA:0,(anonymous_1)
FNDA:0,(anonymous_2)
FNDA:0,(anonymous_3)
FNDA:0,(anonymous_4)
FNDA:0,(anonymous_5)
FNDA:0,(anonymous_6)
FNDA:0,(anonymous_7)
DA:22,0
DA:33,0
DA:35,0
DA:36,0
DA:39,0
DA:40,0
DA:43,0
DA:44,0
DA:48,0
DA:51,0
DA:54,0
DA:55,0
DA:57,0
DA:59,0
DA:60,0
DA:61,0
DA:62,0
DA:67,0
DA:68,0
DA:69,0
DA:72,0
DA:74,0
DA:75,0
DA:76,0
DA:82,0
DA:83,0
DA:88,0
DA:89,0
DA:92,0
DA:95,0
DA:96,0
DA:98,0
DA:106,0
DA:107,0
DA:118,0
DA:119,0
DA:120,0
DA:121,0
DA:124,0
DA:125,0
DA:126,0
DA:129,0
DA:130,0
DA:131,0
DA:132,0
DA:136,0
DA:137,0
DA:138,0
DA:140,0
DA:141,0
DA:142,0
DA:143,0
DA:147,0
DA:148,0
DA:152,0
DA:153,0
DA:155,0
DA:156,0
DA:157,0
DA:158,0
DA:160,0
DA:161,0
DA:162,0
DA:165,0
DA:166,0
DA:167,0
DA:171,0
DA:178,0
DA:189,0
DA:196,0
DA:203,0
DA:204,0
DA:215,0
DA:216,0
DA:223,0
LF:75
LH:0
BRDA:35,0,0,0
BRDA:44,1,0,0
BRDA:44,1,1,0
BRDA:57,2,0,0
BRDA:60,3,0,0
BRDA:67,4,0,0
BRDA:67,4,1,0
BRDA:72,5,0,0
BRDA:82,6,0,0
BRDA:129,7,0,0
BRDA:136,8,0,0
BRDA:136,8,1,0
BRDA:137,9,0,0
BRDA:137,9,1,0
BRDA:140,10,0,0
BRDA:140,11,0,0
BRDA:140,11,1,0
BRDA:147,12,0,0
BRDA:157,13,0,0
BRDA:157,13,1,0
BRDA:158,14,0,0
BRDA:158,14,1,0
BRDA:161,15,0,0
BRDA:165,16,0,0
BRDA:165,17,0,0
BRDA:165,17,1,0
BRDA:196,18,0,0
BRDA:196,18,1,0
BRF:28
BRH:0
end_of_record
TN:
SF:src/ranking/storage-adapter.ts
FN:9,adaptStoragePattern
FN:61,adaptFrameworks
FN:69,(anonymous_2)
FN:90,createRankerFromRepository
FN:98,(anonymous_4)
FN:102,(anonymous_5)
FNF:6
FNH:0
FNDA:0,adaptStoragePattern
FNDA:0,adaptFrameworks
FNDA:0,(anonymous_2)
FNDA:0,createRankerFromRepository
FNDA:0,(anonymous_4)
FNDA:0,(anonymous_5)
DA:11,0
DA:12,0
DA:13,0
DA:14,0
DA:16,0
DA:20,0
DA:44,0
DA:45,0
DA:49,0
DA:50,0
DA:55,0
DA:64,0
DA:65,0
DA:68,0
DA:70,0
DA:72,0
DA:73,0
DA:74,0
DA:76,0
DA:77,0
DA:78,0
DA:80,0
DA:95,0
DA:97,0
DA:101,0
DA:102,0
DA:103,0
DA:106,0
LF:28
LH:0
BRDA:12,0,0,0
BRDA:25,1,0,0
BRDA:25,1,1,0
BRDA:25,1,2,0
BRDA:26,2,0,0
BRDA:26,2,1,0
BRDA:26,2,2,0
BRDA:28,3,0,0
BRDA:28,3,1,0
BRDA:28,3,2,0
BRDA:32,4,0,0
BRDA:32,4,1,0
BRDA:33,5,0,0
BRDA:33,5,1,0
BRDA:34,6,0,0
BRDA:34,6,1,0
BRDA:37,7,0,0
BRDA:37,7,1,0
BRDA:37,7,2,0
BRDA:44,8,0,0
BRDA:44,8,1,0
BRDA:49,9,0,0
BRDA:64,10,0,0
BRDA:64,11,0,0
BRDA:64,11,1,0
BRDA:70,12,0,0
BRDA:70,12,1,0
BRDA:73,13,0,0
BRDA:77,14,0,0
BRDA:77,15,0,0
BRDA:77,15,1,0
BRDA:77,15,2,0
BRF:32
BRH:0
end_of_record
TN:
SF:src/ranking/types.ts
FNF:0
FNH:0
DA:73,0
LF:1
LH:0
BRF:0
BRH:0
end_of_record
TN:
SF:src/ranking/scorers/freshness.ts
FN:6,scoreFreshness
FNF:1
FNH:0
FNDA:0,scoreFreshness
DA:3,0
DA:4,0
DA:11,0
DA:15,0
DA:16,0
DA:19,0
DA:20,0
DA:22,0
LF:8
LH:0
BRDA:8,0,0,0
BRDA:9,1,0,0
BRDA:11,2,0,0
BRDA:11,2,1,0
BRDA:15,3,0,0
BRDA:15,3,1,0
BRF:6
BRH:0
end_of_record
TN:
SF:src/ranking/scorers/locality.ts
FN:4,scoreLocality
FNF:1
FNH:0
FNDA:0,scoreLocality
DA:9,0
DA:11,0
DA:15,0
DA:20,0
DA:21,0
DA:22,0
DA:27,0
DA:28,0
DA:29,0
DA:30,0
DA:35,0
LF:11
LH:0
BRDA:9,0,0,0
BRDA:9,1,0,0
BRDA:9,1,1,0
BRDA:11,2,0,0
BRDA:12,3,0,0
BRDA:12,3,1,0
BRDA:20,4,0,0
BRDA:20,5,0,0
BRDA:20,5,1,0
BRDA:21,6,0,0
BRDA:27,7,0,0
BRDA:27,8,0,0
BRDA:27,8,1,0
BRDA:29,9,0,0
BRF:14
BRH:0
end_of_record
TN:
SF:src/ranking/scorers/scope.ts
FN:15,scoreScope
FN:80,(anonymous_1)
FN:82,(anonymous_2)
FN:176,isDirectoryMatch
FNF:4
FNH:0
FNDA:0,scoreScope
FNDA:0,(anonymous_1)
FNDA:0,(anonymous_2)
FNDA:0,isDirectoryMatch
DA:23,0
DA:25,0
DA:28,0
DA:29,0
DA:30,0
DA:31,0
DA:32,0
DA:34,0
DA:35,0
DA:36,0
DA:37,0
DA:39,0
DA:42,0
DA:45,0
DA:46,0
DA:49,0
DA:50,0
DA:51,0
DA:54,0
DA:55,0
DA:56,0
DA:59,0
DA:60,0
DA:61,0
DA:64,0
DA:66,0
DA:67,0
DA:68,0
DA:75,0
DA:78,0
DA:79,0
DA:80,0
DA:82,0
DA:84,0
DA:85,0
DA:86,0
DA:87,0
DA:88,0
DA:94,0
DA:97,0
DA:101,0
DA:103,0
DA:104,0
DA:105,0
DA:106,0
DA:107,0
DA:110,0
DA:111,0
DA:112,0
DA:115,0
DA:116,0
DA:117,0
DA:119,0
DA:120,0
DA:124,0
DA:125,0
DA:131,0
DA:132,0
DA:133,0
DA:134,0
DA:135,0
DA:138,0
DA:139,0
DA:140,0
DA:143,0
DA:144,0
DA:145,0
DA:153,0
DA:154,0
DA:155,0
DA:158,0
DA:166,0
DA:178,0
DA:182,0
DA:185,0
LF:75
LH:0
BRDA:28,0,0,0
BRDA:28,1,0,0
BRDA:28,1,1,0
BRDA:34,2,0,0
BRDA:35,3,0,0
BRDA:49,4,0,0
BRDA:49,4,1,0
BRDA:54,5,0,0
BRDA:54,5,1,0
BRDA:59,6,0,0
BRDA:66,7,0,0
BRDA:78,8,0,0
BRDA:78,9,0,0
BRDA:78,9,1,0
BRDA:85,10,0,0
BRDA:97,11,0,0
BRDA:98,12,0,0
BRDA:98,12,1,0
BRDA:98,12,2,0
BRDA:104,13,0,0
BRDA:105,14,0,0
BRDA:105,14,1,0
BRDA:105,15,0,0
BRDA:105,15,1,0
BRDA:110,16,0,0
BRDA:110,16,1,0
BRDA:111,17,0,0
BRDA:115,18,0,0
BRDA:115,18,1,0
BRDA:121,19,0,0
BRDA:121,19,1,0
BRDA:125,20,0,0
BRDA:125,20,1,0
BRDA:131,21,0,0
BRDA:131,22,0,0
BRDA:131,22,1,0
BRDA:133,23,0,0
BRDA:138,24,0,0
BRDA:138,24,1,0
BRDA:139,25,0,0
BRDA:143,26,0,0
BRDA:159,27,0,0
BRDA:159,27,1,0
BRDA:160,28,0,0
BRDA:160,28,1,0
BRDA:161,29,0,0
BRDA:161,29,1,0
BRDA:161,30,0,0
BRDA:161,30,1,0
BRDA:172,31,0,0
BRDA:172,31,1,0
BRDA:178,32,0,0
BRDA:178,32,1,0
BRDA:185,33,0,0
BRDA:185,33,1,0
BRF:55
BRH:0
end_of_record
TN:
SF:src/ranking/scorers/trust.ts
FN:12,getTrustModel
FN:25,wilsonLowerBound
FN:44,scoreTrust
FNF:3
FNH:0
FNDA:0,getTrustModel
FNDA:0,wilsonLowerBound
FNDA:0,scoreTrust
DA:5,0
DA:6,0
DA:7,0
DA:10,0
DA:13,0
DA:14,0
DA:15,0
DA:22,0
DA:26,0
DA:28,0
DA:29,0
DA:32,0
DA:33,0
DA:36,0
DA:39,0
DA:41,0
DA:49,0
DA:50,0
DA:53,0
DA:59,0
DA:60,0
DA:61,0
DA:62,0
DA:66,0
DA:67,0
DA:69,0
DA:73,0
DA:74,0
DA:77,0
DA:79,0
LF:30
LH:0
BRDA:13,0,0,0
BRDA:28,1,0,0
BRDA:49,2,0,0
BRDA:49,2,1,0
BRDA:50,3,0,0
BRDA:50,3,1,0
BRDA:53,4,0,0
BRDA:54,5,0,0
BRDA:54,5,1,0
BRDA:54,5,2,0
BRDA:69,6,0,0
BRF:11
BRH:0
end_of_record
TN:
SF:src/ranking/utils/bloom.ts
FN:6,(anonymous_0)
FN:18,(anonymous_1)
FN:28,(anonymous_2)
FN:41,(anonymous_3)
FN:61,(anonymous_4)
FN:63,(anonymous_5)
FN:78,(anonymous_6)
FN:91,(anonymous_7)
FN:95,(anonymous_8)
FNF:9
FNH:0
FNDA:0,(anonymous_0)
FNDA:0,(anonymous_1)
FNDA:0,(anonymous_2)
FNDA:0,(anonymous_3)
FNDA:0,(anonymous_4)
FNDA:0,(anonymous_5)
FNDA:0,(anonymous_6)
FNDA:0,(anonymous_7)
FNDA:0,(anonymous_8)
DA:8,0
DA:11,0
DA:14,0
DA:15,0
DA:19,0
DA:20,0
DA:21,0
DA:22,0
DA:23,0
DA:24,0
DA:29,0
DA:30,0
DA:31,0
DA:32,0
DA:33,0
DA:34,0
DA:35,0
DA:38,0
DA:42,0
DA:45,0
DA:46,0
DA:47,0
DA:48,0
DA:49,0
DA:51,0
DA:54,0
DA:63,0
DA:64,0
DA:67,0
DA:70,0
DA:71,0
DA:72,0
DA:73,0
DA:79,0
DA:82,0
DA:83,0
DA:84,0
DA:88,0
DA:92,0
DA:95,0
LF:40
LH:0
BRDA:6,0,0,0
BRDA:6,1,0,0
BRDA:34,2,0,0
BRDA:83,3,0,0
BRF:4
BRH:0
end_of_record
TN:
SF:src/ranking/utils/heap.ts
FN:5,(anonymous_0)
FN:10,(anonymous_1)
FN:32,(anonymous_2)
FN:47,(anonymous_3)
FN:50,(anonymous_4)
FN:65,(anonymous_5)
FN:78,(anonymous_6)
FN:101,(anonymous_7)
FN:105,(anonymous_8)
FNF:9
FNH:0
FNDA:0,(anonymous_0)
FNDA:0,(anonymous_1)
FNDA:0,(anonymous_2)
FNDA:0,(anonymous_3)
FNDA:0,(anonymous_4)
FNDA:0,(anonymous_5)
FNDA:0,(anonymous_6)
FNDA:0,(anonymous_7)
FNDA:0,(anonymous_8)
DA:2,0
DA:3,0
DA:6,0
DA:7,0
DA:11,0
DA:13,0
DA:15,0
DA:16,0
DA:17,0
DA:18,0
DA:22,0
DA:23,0
DA:24,0
DA:25,0
DA:26,0
DA:29,0
DA:34,0
DA:35,0
DA:36,0
DA:38,0
DA:39,0
DA:43,0
DA:44,0
DA:47,0
DA:51,0
DA:53,0
DA:54,0
DA:55,0
DA:56,0
DA:58,0
DA:59,0
DA:62,0
DA:66,0
DA:67,0
DA:69,0
DA:70,0
DA:71,0
DA:73,0
DA:79,0
DA:80,0
DA:81,0
DA:82,0
DA:84,0
DA:85,0
DA:88,0
DA:89,0
DA:92,0
DA:93,0
DA:94,0
DA:96,0
DA:102,0
DA:106,0
LF:52
LH:0
BRDA:13,0,0,0
BRDA:23,1,0,0
BRDA:51,2,0,0
BRDA:58,3,0,0
BRDA:69,4,0,0
BRDA:69,4,1,0
BRDA:84,5,0,0
BRDA:84,6,0,0
BRDA:84,6,1,0
BRDA:88,7,0,0
BRDA:88,8,0,0
BRDA:88,8,1,0
BRDA:92,9,0,0
BRDA:92,9,1,0
BRF:14
BRH:0
end_of_record
TN:
SF:src/ranking/utils/trie.ts
FN:10,(anonymous_0)
FN:29,(anonymous_1)
FN:39,(anonymous_2)
FN:84,(anonymous_3)
FN:87,(anonymous_4)
FN:106,(anonymous_5)
FNF:6
FNH:0
FNDA:0,(anonymous_0)
FNDA:0,(anonymous_1)
FNDA:0,(anonymous_2)
FNDA:0,(anonymous_3)
FNDA:0,(anonymous_4)
FNDA:0,(anonymous_5)
DA:2,0
DA:3,0
DA:4,0
DA:8,0
DA:11,0
DA:12,0
DA:14,0
DA:15,0
DA:16,0
DA:18,0
DA:21,0
DA:22,0
DA:26,0
DA:30,0
DA:31,0
DA:34,0
DA:36,0
DA:46,0
DA:47,0
DA:50,0
DA:51,0
DA:54,0
DA:57,0
DA:58,0
DA:67,0
DA:68,0
DA:69,0
DA:73,0
DA:75,0
DA:77,0
DA:78,0
DA:86,0
DA:87,0
DA:90,0
DA:91,0
DA:92,0
DA:93,0
DA:94,0
DA:95,0
DA:96,0
DA:99,0
DA:103,0
DA:108,0
DA:110,0
DA:115,0
LF:45
LH:0
BRDA:15,0,0,0
BRDA:21,1,0,0
BRDA:21,2,0,0
BRDA:21,2,1,0
BRDA:50,3,0,0
BRDA:57,4,0,0
BRDA:68,5,0,0
BRDA:68,6,0,0
BRDA:68,6,1,0
BRDA:73,7,0,0
BRDA:92,8,0,0
BRDA:92,8,1,0
BRDA:92,9,0,0
BRDA:92,9,1,0
BRDA:108,10,0,0
BRF:15
BRH:0
end_of_record
TN:
SF:src/reflection/batch-processor.ts
FN:36,(anonymous_0)
FN:74,(anonymous_1)
FN:77,(anonymous_2)
FN:112,(anonymous_3)
FN:119,(anonymous_4)
FN:131,(anonymous_5)
FN:162,(anonymous_6)
FN:177,(anonymous_7)
FNF:8
FNH:8
FNDA:13,(anonymous_0)
FNDA:1,(anonymous_1)
FNDA:1,(anonymous_2)
FNDA:117,(anonymous_3)
FNDA:1,(anonymous_4)
FNDA:123,(anonymous_5)
FNDA:7,(anonymous_6)
FNDA:10,(anonymous_7)
DA:38,13
DA:47,13
DA:56,13
DA:58,118
DA:59,1
DA:60,1
DA:63,1
DA:64,1
DA:70,1
DA:73,1
DA:74,1
DA:76,1
DA:77,1
DA:80,117
DA:87,118
DA:92,118
DA:95,118
DA:99,118
DA:103,13
DA:104,1
DA:111,13
DA:112,117
DA:115,13
DA:116,1
DA:119,1
DA:124,13
DA:133,123
DA:134,112
DA:138,11
DA:143,7
DA:156,4
DA:164,7
DA:165,7
DA:166,118
DA:167,118
DA:168,118
DA:170,7
DA:180,10
DA:181,10
DA:183,10
LF:40
LH:40
BRDA:58,0,0,1
BRDA:58,0,1,117
BRDA:63,1,0,1
BRDA:103,2,0,1
BRDA:115,3,0,1
BRDA:133,4,0,112
BRDA:133,5,0,123
BRDA:133,5,1,12
BRDA:138,6,0,7
BRF:9
BRH:9
end_of_record
TN:
SF:src/reflection/git-resolver.ts
FN:20,(anonymous_0)
FN:34,(anonymous_1)
FN:87,(anonymous_2)
FN:109,(anonymous_3)
FN:127,(anonymous_4)
FN:145,(anonymous_5)
FN:152,(anonymous_6)
FN:160,(anonymous_7)
FN:161,(anonymous_8)
FN:169,(anonymous_9)
FN:173,(anonymous_10)
FN:177,(anonymous_11)
FN:187,(anonymous_12)
FNF:13
FNH:13
FNDA:44,(anonymous_0)
FNDA:45,(anonymous_1)
FNDA:2,(anonymous_2)
FNDA:5,(anonymous_3)
FNDA:57,(anonymous_4)
FNDA:50,(anonymous_5)
FNDA:2,(anonymous_6)
FNDA:26,(anonymous_7)
FNDA:26,(anonymous_8)
FNDA:20,(anonymous_9)
FNDA:5,(anonymous_10)
FNDA:25,(anonymous_11)
FNDA:1,(anonymous_12)
DA:21,44
DA:27,44
DA:36,45
DA:37,6
DA:41,39
DA:42,12
DA:47,27
DA:48,17
DA:49,17
DA:50,17
DA:51,1
DA:56,26
DA:57,26
DA:60,20
DA:61,13
DA:62,13
DA:63,13
DA:66,20
DA:69,6
DA:74,2
DA:78,4
DA:88,2
DA:91,2
DA:93,2
DA:94,5
DA:95,0
DA:96,5
DA:97,5
DA:98,5
DA:99,0
DA:101,5
DA:104,0
DA:109,2
DA:110,5
DA:111,5
DA:112,4
DA:115,1
DA:119,2
DA:120,2
DA:129,57
DA:130,2
DA:134,55
DA:135,7
DA:139,48
DA:146,50
DA:153,2
DA:161,26
DA:162,26
DA:166,26
DA:167,26
DA:169,26
DA:170,20
DA:173,26
DA:174,5
DA:177,26
DA:178,25
DA:179,20
DA:181,5
DA:187,26
DA:188,1
LF:60
LH:57
BRDA:20,0,0,0
BRDA:36,1,0,6
BRDA:41,2,0,12
BRDA:47,3,0,17
BRDA:50,4,0,1
BRDA:50,5,0,17
BRDA:50,5,1,2
BRDA:60,6,0,13
BRDA:69,7,0,2
BRDA:70,8,0,6
BRDA:70,8,1,4
BRDA:70,8,2,1
BRDA:94,9,0,0
BRDA:94,9,1,5
BRDA:96,10,0,5
BRDA:96,10,1,0
BRDA:98,11,0,0
BRDA:98,11,1,5
BRDA:98,12,0,5
BRDA:98,12,1,0
BRDA:129,13,0,2
BRDA:134,14,0,7
BRDA:134,15,0,55
BRDA:134,15,1,49
BRDA:178,16,0,20
BRDA:178,16,1,5
BRDA:182,17,0,5
BRDA:182,17,1,0
BRF:28
BRH:22
end_of_record
TN:
SF:src/reflection/miner.ts
FN:26,(anonymous_0)
FN:52,(anonymous_1)
FN:124,(anonymous_2)
FN:125,(anonymous_3)
FN:157,(anonymous_4)
FN:164,(anonymous_5)
FN:210,(anonymous_6)
FN:211,(anonymous_7)
FN:245,(anonymous_8)
FN:246,(anonymous_9)
FN:269,(anonymous_10)
FN:310,(anonymous_11)
FN:319,(anonymous_12)
FN:320,(anonymous_13)
FN:326,(anonymous_14)
FN:330,(anonymous_15)
FN:334,(anonymous_16)
FN:342,(anonymous_17)
FNF:18
FNH:0
FNDA:0,(anonymous_0)
FNDA:0,(anonymous_1)
FNDA:0,(anonymous_2)
FNDA:0,(anonymous_3)
FNDA:0,(anonymous_4)
FNDA:0,(anonymous_5)
FNDA:0,(anonymous_6)
FNDA:0,(anonymous_7)
FNDA:0,(anonymous_8)
FNDA:0,(anonymous_9)
FNDA:0,(anonymous_10)
FNDA:0,(anonymous_11)
FNDA:0,(anonymous_12)
FNDA:0,(anonymous_13)
FNDA:0,(anonymous_14)
FNDA:0,(anonymous_15)
FNDA:0,(anonymous_16)
FNDA:0,(anonymous_17)
DA:19,0
DA:20,0
DA:21,0
DA:27,0
DA:29,0
DA:30,0
DA:31,0
DA:32,0
DA:34,0
DA:35,0
DA:36,0
DA:37,0
DA:42,0
DA:46,0
DA:53,0
DA:61,0
DA:62,0
DA:63,0
DA:66,0
DA:67,0
DA:69,0
DA:70,0
DA:71,0
DA:73,0
DA:75,0
DA:77,0
DA:78,0
DA:88,0
DA:89,0
DA:90,0
DA:91,0
DA:95,0
DA:96,0
DA:97,0
DA:98,0
DA:102,0
DA:103,0
DA:108,0
DA:109,0
DA:118,0
DA:125,0
DA:126,0
DA:129,0
DA:133,0
DA:137,0
DA:138,0
DA:157,0
DA:166,0
DA:169,0
DA:170,0
DA:171,0
DA:175,0
DA:177,0
DA:211,0
DA:212,0
DA:215,0
DA:225,0
DA:226,0
DA:227,0
DA:228,0
DA:229,0
DA:235,0
DA:236,0
DA:237,0
DA:239,0
DA:246,0
DA:249,0
DA:250,0
DA:251,0
DA:252,0
DA:254,0
DA:255,0
DA:256,0
DA:257,0
DA:259,0
DA:260,0
DA:263,0
DA:270,0
DA:271,0
DA:304,0
DA:311,0
DA:312,0
DA:313,0
DA:320,0
DA:321,0
DA:323,0
DA:324,0
DA:326,0
DA:327,0
DA:330,0
DA:331,0
DA:334,0
DA:335,0
DA:336,0
DA:338,0
DA:342,0
DA:343,0
LF:97
LH:0
BRDA:36,0,0,0
BRDA:62,1,0,0
BRDA:75,2,0,0
BRDA:77,3,0,0
BRDA:77,4,0,0
BRDA:77,4,1,0
BRDA:89,5,0,0
BRDA:89,5,1,0
BRDA:95,6,0,0
BRDA:97,7,0,0
BRDA:97,7,1,0
BRDA:102,8,0,0
BRDA:102,9,0,0
BRDA:102,9,1,0
BRDA:108,10,0,0
BRDA:108,11,0,0
BRDA:108,11,1,0
BRDA:129,12,0,0
BRDA:130,13,0,0
BRDA:130,13,1,0
BRDA:170,14,0,0
BRDA:181,15,0,0
BRDA:181,15,1,0
BRDA:212,16,0,0
BRDA:228,17,0,0
BRDA:236,18,0,0
BRDA:255,19,0,0
BRDA:255,20,0,0
BRDA:255,20,1,0
BRDA:256,21,0,0
BRDA:257,22,0,0
BRDA:259,23,0,0
BRDA:304,24,0,0
BRDA:304,24,1,0
BRDA:335,25,0,0
BRDA:335,25,1,0
BRDA:338,26,0,0
BRDA:338,26,1,0
BRF:38
BRH:0
end_of_record
TN:
SF:src/reflection/outcome-processor.ts
FN:24,(anonymous_0)
FN:53,(anonymous_1)
FN:66,(anonymous_2)
FN:102,(anonymous_3)
FN:112,(anonymous_4)
FNF:5
FNH:5
FNDA:24,(anonymous_0)
FNDA:2,(anonymous_1)
FNDA:14,(anonymous_2)
FNDA:5,(anonymous_3)
FNDA:1,(anonymous_4)
DA:12,4
DA:29,24
DA:31,10
DA:41,14
DA:42,13
DA:43,13
DA:47,1
DA:54,2
DA:68,14
DA:69,14
DA:71,14
DA:72,42
DA:75,42
DA:79,8
DA:83,34
DA:92,3
DA:96,3
DA:106,5
DA:113,1
LF:19
LH:19
BRDA:29,0,0,10
BRDA:41,1,0,13
BRDA:75,2,0,8
BRDA:76,3,0,42
BRDA:76,3,1,34
BRDA:83,4,0,3
BRDA:84,5,0,34
BRDA:84,5,1,1
BRDA:84,5,2,33
BRDA:84,5,3,1
BRDA:84,5,4,33
BRDA:84,5,5,4
BRDA:84,5,6,33
BRDA:84,5,7,3
BRDA:84,5,8,33
BRDA:84,5,9,10
BRDA:84,5,10,10
BRF:17
BRH:17
end_of_record
TN:
SF:src/reflection/pattern-inserter.ts
FN:17,(anonymous_0)
FN:27,(anonymous_1)
FN:39,(anonymous_2)
FN:161,(anonymous_3)
FN:196,(anonymous_4)
FNF:5
FNH:0
FNDA:0,(anonymous_0)
FNDA:0,(anonymous_1)
FNDA:0,(anonymous_2)
FNDA:0,(anonymous_3)
FNDA:0,(anonymous_4)
DA:18,0
DA:28,0
DA:45,0
DA:49,0
DA:54,0
DA:55,0
DA:57,0
DA:59,0
DA:60,0
DA:61,0
DA:62,0
DA:65,0
DA:66,0
DA:67,0
DA:68,0
DA:71,0
DA:79,0
DA:82,0
DA:87,0
DA:90,0
DA:91,0
DA:92,0
DA:95,0
DA:98,0
DA:99,0
DA:100,0
DA:104,0
DA:112,0
DA:131,0
DA:132,0
DA:135,0
DA:139,0
DA:140,0
DA:145,0
DA:146,0
DA:155,0
DA:162,0
DA:170,0
DA:172,0
DA:202,0
DA:208,0
LF:41
LH:0
BRDA:45,0,0,0
BRDA:45,0,1,0
BRDA:45,0,2,0
BRDA:46,1,0,0
BRDA:46,1,1,0
BRDA:49,2,0,0
BRDA:49,2,1,0
BRDA:57,3,0,0
BRDA:57,3,1,0
BRDA:61,4,0,0
BRDA:61,4,1,0
BRDA:62,5,0,0
BRDA:62,5,1,0
BRDA:67,6,0,0
BRDA:67,6,1,0
BRDA:68,7,0,0
BRDA:68,7,1,0
BRDA:131,8,0,0
BRDA:139,9,0,0
BRDA:148,10,0,0
BRDA:148,10,1,0
BRDA:149,11,0,0
BRDA:149,11,1,0
BRDA:150,12,0,0
BRDA:150,12,1,0
BRDA:170,13,0,0
BRDA:185,14,0,0
BRDA:185,14,1,0
BRF:28
BRH:0
end_of_record
TN:
SF:src/reflection/snippet-matcher.ts
FN:28,(anonymous_0)
FN:43,(anonymous_1)
FN:46,(anonymous_2)
FN:47,(anonymous_3)
FN:54,(anonymous_4)
FN:86,(anonymous_5)
FN:175,(anonymous_6)
FN:190,(anonymous_7)
FNF:8
FNH:8
FNDA:47,(anonymous_0)
FNDA:65,(anonymous_1)
FNDA:177,(anonymous_2)
FNDA:177,(anonymous_3)
FNDA:62,(anonymous_4)
FNDA:8,(anonymous_5)
FNDA:12,(anonymous_6)
FNDA:2,(anonymous_7)
DA:29,47
DA:36,47
DA:44,65
DA:46,177
DA:47,177
DA:56,62
DA:62,62
DA:63,7
DA:64,7
DA:65,1
DA:69,61
DA:70,61
DA:73,61
DA:74,6
DA:80,61
DA:93,8
DA:94,8
DA:98,1
DA:105,7
DA:108,7
DA:111,7
DA:112,7
DA:113,7
DA:119,7
DA:120,42
DA:121,42
DA:122,42
DA:123,42
DA:125,42
DA:126,7
DA:131,7
DA:132,2
DA:134,10
DA:136,0
DA:137,0
DA:138,0
DA:139,0
DA:141,0
DA:142,0
DA:148,7
DA:149,2
DA:153,5
DA:154,3
DA:162,2
DA:180,12
DA:181,12
DA:182,3
DA:184,9
DA:191,2
LF:49
LH:43
BRDA:28,0,0,3
BRDA:62,1,0,7
BRDA:64,2,0,1
BRDA:64,3,0,7
BRDA:64,3,1,1
BRDA:73,4,0,6
BRDA:94,5,0,1
BRDA:95,6,0,8
BRDA:95,6,1,7
BRDA:125,7,0,7
BRDA:131,8,0,2
BRDA:134,9,0,10
BRDA:134,10,0,10
BRDA:134,10,1,10
BRDA:141,11,0,0
BRDA:148,12,0,2
BRDA:148,12,1,5
BRDA:153,13,0,3
BRDA:153,13,1,2
BRDA:181,14,0,3
BRDA:181,15,0,12
BRDA:181,15,1,11
BRDA:181,15,2,10
BRF:23
BRH:22
end_of_record
TN:
SF:src/reflection/storage.ts
FN:20,(anonymous_0)
FN:31,(anonymous_1)
FN:79,(anonymous_2)
FN:115,(anonymous_3)
FN:134,(anonymous_4)
FN:151,(anonymous_5)
FN:166,(anonymous_6)
FN:197,(anonymous_7)
FN:214,(anonymous_8)
FNF:9
FNH:0
FNDA:0,(anonymous_0)
FNDA:0,(anonymous_1)
FNDA:0,(anonymous_2)
FNDA:0,(anonymous_3)
FNDA:0,(anonymous_4)
FNDA:0,(anonymous_5)
FNDA:0,(anonymous_6)
FNDA:0,(anonymous_7)
FNDA:0,(anonymous_8)
DA:21,0
DA:25,0
DA:33,0
DA:48,0
DA:61,0
DA:83,0
DA:88,0
DA:96,0
DA:98,0
DA:100,0
DA:106,0
DA:109,0
DA:119,0
DA:121,0
DA:126,0
DA:128,0
DA:135,0
DA:140,0
DA:152,0
DA:157,0
DA:160,0
DA:170,0
DA:171,0
DA:173,0
DA:187,0
DA:203,0
DA:208,0
DA:215,0
LF:28
LH:0
BRDA:90,0,0,0
BRDA:90,0,1,0
BRDA:98,1,0,0
BRDA:104,2,0,0
BRDA:104,2,1,0
BRDA:119,3,0,0
BRDA:119,3,1,0
BRDA:143,4,0,0
BRDA:143,4,1,0
BRDA:144,5,0,0
BRDA:144,5,1,0
BRDA:157,6,0,0
BRDA:157,6,1,0
BRDA:160,7,0,0
BRDA:160,7,1,0
BRDA:166,8,0,0
BRF:16
BRH:0
end_of_record
TN:
SF:src/reflection/types.ts
FN:11,(anonymous_0)
FN:127,(anonymous_1)
FN:196,(anonymous_2)
FN:246,(anonymous_3)
FNF:4
FNH:4
FNDA:4,(anonymous_0)
FNDA:6,(anonymous_1)
FNDA:15,(anonymous_2)
FNDA:3,(anonymous_3)
DA:10,3
DA:13,4
DA:15,0
DA:16,0
DA:24,3
DA:52,3
DA:62,3
DA:86,3
DA:95,3
DA:103,3
DA:114,3
DA:127,6
DA:134,3
DA:149,3
DA:196,15
DA:246,3
DA:247,3
DA:248,3
DA:249,3
DA:250,3
DA:251,3
DA:252,3
DA:253,3
DA:254,3
DA:255,3
LF:25
LH:23
BRDA:13,0,0,4
BRDA:15,1,0,0
BRDA:15,2,0,0
BRDA:15,2,1,0
BRDA:127,3,0,6
BRDA:127,3,1,2
BRDA:196,4,0,15
BRDA:196,4,1,10
BRDA:196,4,2,6
BRDA:196,4,3,5
BRDA:246,5,0,3
BRDA:246,5,1,3
BRF:12
BRH:9
end_of_record
TN:
SF:src/reflection/validator.ts
FN:40,(anonymous_0)
FN:68,(anonymous_1)
FN:179,(anonymous_2)
FN:247,(anonymous_3)
FN:399,(anonymous_4)
FN:433,(anonymous_5)
FN:438,(anonymous_6)
FN:466,(anonymous_7)
FN:467,(anonymous_8)
FN:475,(anonymous_9)
FN:479,(anonymous_10)
FN:483,(anonymous_11)
FN:493,(anonymous_12)
FN:502,(anonymous_13)
FN:511,(anonymous_14)
FNF:15
FNH:13
FNDA:26,(anonymous_0)
FNDA:5,(anonymous_1)
FNDA:27,(anonymous_2)
FNDA:7,(anonymous_3)
FNDA:15,(anonymous_4)
FNDA:4,(anonymous_5)
FNDA:4,(anonymous_6)
FNDA:23,(anonymous_7)
FNDA:23,(anonymous_8)
FNDA:23,(anonymous_9)
FNDA:0,(anonymous_10)
FNDA:23,(anonymous_11)
FNDA:0,(anonymous_12)
FNDA:27,(anonymous_13)
FNDA:1,(anonymous_14)
DA:22,2
DA:44,26
DA:45,26
DA:52,26
DA:53,26
DA:54,26
DA:58,26
DA:72,5
DA:73,5
DA:76,5
DA:77,3
DA:78,3
DA:79,3
DA:80,2
DA:88,3
DA:89,1
DA:90,1
DA:91,0
DA:101,5
DA:102,5
DA:103,5
DA:104,5
DA:106,5
DA:109,5
DA:110,2
DA:116,5
DA:119,5
DA:120,5
DA:123,5
DA:124,0
DA:131,0
DA:140,5
DA:141,0
DA:142,0
DA:146,0
DA:147,0
DA:156,5
DA:157,0
DA:158,0
DA:159,0
DA:160,0
DA:161,0
DA:170,5
DA:184,27
DA:187,27
DA:188,4
DA:189,4
DA:190,1
DA:196,26
DA:198,7
DA:205,7
DA:208,15
DA:209,15
DA:212,4
DA:213,4
DA:217,0
DA:222,0
DA:225,0
DA:233,26
DA:234,3
DA:240,26
DA:261,7
DA:262,7
DA:264,0
DA:272,7
DA:273,7
DA:275,7
DA:276,0
DA:283,7
DA:285,7
DA:286,7
DA:287,0
DA:295,7
DA:298,7
DA:299,0
DA:300,0
DA:301,0
DA:303,0
DA:307,0
DA:313,7
DA:318,7
DA:319,0
DA:327,7
DA:328,7
DA:330,7
DA:332,5
DA:333,3
DA:338,3
DA:340,3
DA:341,3
DA:342,1
DA:348,2
DA:353,4
DA:354,3
DA:361,3
DA:363,2
DA:367,2
DA:373,1
DA:382,1
DA:388,0
DA:406,15
DA:407,15
DA:409,6
DA:416,9
DA:417,9
DA:418,9
DA:422,0
DA:438,4
DA:439,4
DA:442,4
DA:443,2
DA:451,2
DA:452,2
DA:453,0
DA:460,2
DA:467,23
DA:468,23
DA:472,23
DA:473,23
DA:475,23
DA:476,23
DA:479,23
DA:480,0
DA:483,23
DA:484,23
DA:485,23
DA:487,0
DA:493,23
DA:494,0
DA:503,27
DA:504,27
DA:505,27
DA:512,1
DA:513,1
DA:514,1
DA:515,1
LF:136
LH:106
BRDA:42,0,0,0
BRDA:79,1,0,2
BRDA:90,2,0,0
BRDA:93,3,0,0
BRDA:93,3,1,0
BRDA:94,4,0,0
BRDA:94,4,1,0
BRDA:109,5,0,2
BRDA:123,6,0,0
BRDA:140,7,0,0
BRDA:146,8,0,0
BRDA:150,9,0,0
BRDA:150,9,1,0
BRDA:156,10,0,0
BRDA:160,11,0,0
BRDA:187,12,0,4
BRDA:189,13,0,1
BRDA:189,14,0,4
BRDA:189,14,1,1
BRDA:196,15,0,7
BRDA:196,15,1,15
BRDA:196,15,2,4
BRDA:196,15,3,0
BRDA:196,15,4,0
BRDA:212,16,0,4
BRDA:212,16,1,0
BRDA:218,17,0,0
BRDA:218,17,1,0
BRDA:233,18,0,3
BRDA:233,19,0,26
BRDA:233,19,1,3
BRDA:275,20,0,0
BRDA:286,21,0,0
BRDA:298,22,0,0
BRDA:298,22,1,7
BRDA:300,23,0,0
BRDA:300,23,1,0
BRDA:300,24,0,0
BRDA:300,24,1,0
BRDA:318,25,0,0
BRDA:328,26,0,7
BRDA:328,26,1,7
BRDA:328,26,2,5
BRDA:330,27,0,5
BRDA:332,28,0,3
BRDA:332,28,1,2
BRDA:338,29,0,3
BRDA:341,30,0,1
BRDA:353,31,0,3
BRDA:361,32,0,2
BRDA:361,32,1,1
BRDA:363,33,0,1
BRDA:363,33,1,1
BRDA:442,34,0,2
BRDA:452,35,0,0
BRDA:484,36,0,23
BRDA:484,36,1,0
BRDA:488,37,0,0
BRDA:488,37,1,0
BRF:59
BRH:29
end_of_record
TN:
SF:src/schemas/pattern/base.ts
FN:68,(anonymous_0)
FNF:1
FNH:0
FNDA:0,(anonymous_0)
DA:6,0
DA:13,0
DA:18,0
DA:23,0
DA:31,0
DA:36,0
DA:42,0
DA:48,0
DA:54,0
DA:63,0
DA:69,0
DA:79,0
DA:86,0
DA:92,0
DA:98,0
LF:15
LH:0
BRF:0
BRH:0
end_of_record
TN:
SF:src/schemas/pattern/index.ts
FNF:0
FNH:0
DA:23,0
DA:37,0
LF:2
LH:0
BRF:0
BRH:0
end_of_record
TN:
SF:src/schemas/pattern/metadata.ts
FN:110,validateTrigger
FN:114,validateVocab
FN:118,validateMetadata
FN:122,validateXMeta
FNF:4
FNH:0
FNDA:0,validateTrigger
FNDA:0,validateVocab
FNDA:0,validateMetadata
FNDA:0,validateXMeta
DA:9,0
DA:17,0
DA:20,0
DA:29,0
DA:37,0
DA:45,0
DA:56,0
DA:111,0
DA:115,0
DA:119,0
DA:123,0
LF:11
LH:0
BRF:0
BRH:0
end_of_record
TN:
SF:src/schemas/pattern/validators.ts
FN:20,formatZodError
FN:21,(anonymous_1)
FN:28,checkPatternWarnings
FN:35,(anonymous_3)
FN:83,validatePatternFile
FN:140,validatePattern
FN:157,starRatingToTrustScore
FN:162,trustScoreToStarRating
FNF:8
FNH:0
FNDA:0,formatZodError
FNDA:0,(anonymous_1)
FNDA:0,checkPatternWarnings
FNDA:0,(anonymous_3)
FNDA:0,validatePatternFile
FNDA:0,validatePattern
FNDA:0,starRatingToTrustScore
FNDA:0,trustScoreToStarRating
DA:21,0
DA:31,0
DA:34,0
DA:35,0
DA:36,0
DA:39,0
DA:40,0
DA:47,0
DA:51,0
DA:54,0
DA:59,0
DA:65,0
DA:69,0
DA:75,0
DA:76,0
DA:79,0
DA:86,0
DA:88,0
DA:92,0
DA:93,0
DA:94,0
DA:95,0
DA:97,0
DA:109,0
DA:111,0
DA:112,0
DA:119,0
DA:121,0
DA:127,0
DA:141,0
DA:143,0
DA:144,0
DA:150,0
DA:158,0
DA:163,0
DA:164,0
DA:165,0
DA:166,0
LF:38
LH:0
BRDA:34,0,0,0
BRDA:39,1,0,0
BRDA:47,2,0,0
BRDA:48,3,0,0
BRDA:48,3,1,0
BRDA:48,3,2,0
BRDA:54,4,0,0
BRDA:55,5,0,0
BRDA:55,5,1,0
BRDA:55,5,2,0
BRDA:55,5,3,0
BRDA:65,6,0,0
BRDA:66,7,0,0
BRDA:66,7,1,0
BRDA:66,7,2,0
BRDA:67,8,0,0
BRDA:67,8,1,0
BRDA:75,9,0,0
BRDA:75,10,0,0
BRDA:75,10,1,0
BRDA:92,11,0,0
BRDA:92,11,1,0
BRDA:92,12,0,0
BRDA:92,12,1,0
BRDA:94,13,0,0
BRDA:94,13,1,0
BRDA:111,14,0,0
BRDA:124,15,0,0
BRDA:124,15,1,0
BRDA:132,16,0,0
BRDA:132,16,1,0
BRDA:143,17,0,0
BRF:32
BRH:0
end_of_record
TN:
SF:src/schemas/pattern/types/anti.ts
FNF:0
FNH:0
DA:5,0
LF:1
LH:0
BRF:0
BRH:0
end_of_record
TN:
SF:src/schemas/pattern/types/codebase.ts
FNF:0
FNH:0
DA:5,0
LF:1
LH:0
BRF:0
BRH:0
end_of_record
TN:
SF:src/schemas/pattern/types/failure.ts
FNF:0
FNH:0
DA:5,0
LF:1
LH:0
[...]
DA:60,0
DA:63,0
DA:64,0
DA:65,0
DA:66,0
DA:68,0
DA:72,0
DA:73,0
DA:74,0
DA:78,0
DA:79,0
DA:80,0
DA:83,0
DA:91,0
DA:93,0
DA:102,0
DA:105,0
DA:106,0
DA:108,0
DA:109,0
DA:113,0
DA:116,0
DA:120,0
DA:122,0
DA:130,0
DA:137,0
DA:144,0
DA:145,0
DA:146,0
DA:147,0
DA:150,0
DA:151,0
DA:154,0
DA:166,0
DA:167,0
DA:168,0
DA:169,0
DA:176,0
DA:178,0
DA:179,0
DA:180,0
DA:181,0
DA:185,0
DA:194,0
DA:195,0
DA:196,0
DA:198,0
DA:201,0
LF:53
LH:1
BRDA:63,0,0,0
BRDA:63,0,1,0
BRDA:63,1,0,0
BRDA:63,1,1,0
BRDA:65,2,0,0
BRDA:65,2,1,0
BRDA:73,3,0,0
BRDA:93,4,0,0
BRDA:93,4,1,0
BRDA:105,5,0,0
BRDA:105,6,0,0
BRDA:105,6,1,0
BRDA:108,7,0,0
BRDA:108,8,0,0
BRDA:108,8,1,0
BRDA:113,9,0,0
BRDA:113,9,1,0
BRDA:117,10,0,0
BRDA:117,10,1,0
BRDA:120,11,0,0
BRDA:120,11,1,0
BRDA:144,12,0,0
BRDA:144,12,1,0
BRDA:146,13,0,0
BRDA:146,14,0,0
BRDA:146,14,1,0
BRDA:168,15,0,0
BRDA:168,15,1,0
BRDA:170,16,0,0
BRDA:170,16,1,0
BRDA:170,16,2,0
BRDA:178,17,0,0
BRDA:178,17,1,0
BRDA:195,18,0,0
BRDA:195,18,1,0
BRF:35
BRH:0
end_of_record
TN:
SF:src/storage/repository.ts
FN:27,(anonymous_0)
FN:42,(anonymous_1)
FN:45,(anonymous_2)
FN:53,(anonymous_3)
FN:62,(anonymous_4)
FN:70,(anonymous_5)
FN:82,(anonymous_6)
FN:88,(anonymous_7)
FN:100,(anonymous_8)
FN:117,(anonymous_9)
FN:130,(anonymous_10)
FN:152,(anonymous_11)
FN:186,(anonymous_12)
FN:204,(anonymous_13)
FN:216,(anonymous_14)
FN:248,(anonymous_15)
FN:255,(anonymous_16)
FN:264,(anonymous_17)
FN:288,(anonymous_18)
FN:303,(anonymous_19)
FN:307,(anonymous_20)
FN:310,(anonymous_21)
FN:322,(anonymous_22)
FN:329,(anonymous_23)
FN:332,(anonymous_24)
FN:348,(anonymous_25)
FN:356,(anonymous_26)
FN:371,(anonymous_27)
FN:374,(anonymous_28)
FN:396,(anonymous_29)
FN:411,(anonymous_30)
FN:435,(anonymous_31)
FN:436,(anonymous_32)
FN:460,(anonymous_33)
FN:530,(anonymous_34)
FN:582,(anonymous_35)
FN:596,(anonymous_36)
FN:601,(anonymous_37)
FN:625,(anonymous_38)
FN:634,(anonymous_39)
FN:651,(anonymous_40)
FN:659,(anonymous_41)
FN:666,(anonymous_42)
FNF:43
FNH:0
FNDA:0,(anonymous_0)
FNDA:0,(anonymous_1)
FNDA:0,(anonymous_2)
FNDA:0,(anonymous_3)
FNDA:0,(anonymous_4)
FNDA:0,(anonymous_5)
FNDA:0,(anonymous_6)
FNDA:0,(anonymous_7)
FNDA:0,(anonymous_8)
FNDA:0,(anonymous_9)
FNDA:0,(anonymous_10)
FNDA:0,(anonymous_11)
FNDA:0,(anonymous_12)
FNDA:0,(anonymous_13)
FNDA:0,(anonymous_14)
FNDA:0,(anonymous_15)
FNDA:0,(anonymous_16)
FNDA:0,(anonymous_17)
FNDA:0,(anonymous_18)
FNDA:0,(anonymous_19)
FNDA:0,(anonymous_20)
FNDA:0,(anonymous_21)
FNDA:0,(anonymous_22)
FNDA:0,(anonymous_23)
FNDA:0,(anonymous_24)
FNDA:0,(anonymous_25)
FNDA:0,(anonymous_26)
FNDA:0,(anonymous_27)
FNDA:0,(anonymous_28)
FNDA:0,(anonymous_29)
FNDA:0,(anonymous_30)
FNDA:0,(anonymous_31)
FNDA:0,(anonymous_32)
FNDA:0,(anonymous_33)
FNDA:0,(anonymous_34)
FNDA:0,(anonymous_35)
FNDA:0,(anonymous_36)
FNDA:0,(anonymous_37)
FNDA:0,(anonymous_38)
FNDA:0,(anonymous_39)
FNDA:0,(anonymous_40)
FNDA:0,(anonymous_41)
FNDA:0,(anonymous_42)
DA:25,0
DA:35,0
DA:36,0
DA:37,0
DA:38,0
DA:39,0
DA:42,0
DA:43,0
DA:45,0
DA:46,0
DA:55,0
DA:58,0
DA:59,0
DA:62,0
DA:63,0
DA:71,0
DA:72,0
DA:73,0
DA:75,0
DA:83,0
DA:90,0
DA:91,0
DA:95,0
DA:97,0
DA:101,0
DA:102,0
DA:103,0
DA:106,0
DA:113,0
DA:114,0
DA:118,0
DA:121,0
DA:122,0
DA:126,0
DA:127,0
DA:132,0
DA:133,0
DA:134,0
DA:138,0
DA:139,0
DA:140,0
DA:143,0
DA:144,0
DA:145,0
DA:154,0
DA:155,0
DA:158,0
DA:161,0
DA:162,0
DA:163,0
DA:164,0
DA:168,0
DA:171,0
DA:172,0
DA:173,0
DA:174,0
DA:177,0
DA:193,0
DA:196,0
DA:200,0
DA:203,0
DA:204,0
DA:205,0
DA:208,0
DA:209,0
DA:210,0
DA:213,0
DA:214,0
DA:216,0
DA:218,0
DA:221,0
DA:222,0
DA:223,0
DA:227,0
DA:233,0
DA:236,0
DA:237,0
DA:240,0
DA:241,0
DA:244,0
DA:245,0
DA:248,0
DA:257,0
DA:265,0
DA:268,0
DA:271,0
DA:282,0
DA:283,0
DA:285,0
DA:287,0
DA:288,0
DA:290,0
DA:298,0
DA:299,0
DA:300,0
DA:303,0
DA:304,0
DA:307,0
DA:310,0
DA:312,0
DA:326,0
DA:329,0
DA:333,0
DA:343,0
DA:350,0
DA:353,0
DA:356,0
DA:358,0
DA:361,0
DA:362,0
DA:363,0
DA:365,0
DA:372,0
DA:374,0
DA:376,0
DA:381,0
DA:382,0
DA:389,0
DA:398,0
DA:402,0
DA:403,0
DA:405,0
DA:406,0
DA:412,0
DA:413,0
DA:415,0
DA:416,0
DA:417,0
DA:420,0
DA:422,0
DA:423,0
DA:426,0
DA:427,0
DA:431,0
DA:436,0
DA:438,0
DA:448,0
DA:452,0
DA:453,0
DA:462,0
DA:465,0
DA:468,0
DA:471,0
DA:474,0
DA:477,0
DA:480,0
DA:485,0
DA:486,0
DA:489,0
DA:490,0
DA:495,0
DA:498,0
DA:499,0
DA:502,0
DA:503,0
DA:508,0
DA:509,0
DA:512,0
DA:513,0
DA:515,0
DA:516,0
DA:518,0
DA:519,0
DA:524,0
DA:525,0
DA:529,0
DA:531,0
DA:534,0
DA:535,0
DA:542,0
DA:543,0
DA:546,0
DA:547,0
DA:552,0
DA:553,0
DA:556,0
DA:557,0
DA:562,0
DA:563,0
DA:566,0
DA:567,0
DA:572,0
DA:573,0
DA:576,0
DA:577,0
DA:583,0
DA:593,0
DA:598,0
DA:605,0
DA:608,0
DA:617,0
DA:619,0
DA:622,0
DA:626,0
DA:627,0
DA:635,0
DA:636,0
DA:637,0
DA:643,0
DA:644,0
DA:648,0
DA:649,0
DA:650,0
DA:651,0
DA:656,0
DA:657,0
DA:658,0
DA:659,0
DA:661,0
DA:664,0
DA:665,0
DA:666,0
DA:671,0
DA:672,0
DA:673,0
DA:677,0
DA:679,0
LF:217
LH:0
BRDA:28,0,0,0
BRDA:35,1,0,0
BRDA:35,1,1,0
BRDA:71,2,0,0
BRDA:102,3,0,0
BRDA:121,4,0,0
BRDA:133,5,0,0
BRDA:139,6,0,0
BRDA:155,7,0,0
BRDA:161,8,0,0
BRDA:171,9,0,0
BRDA:186,10,0,0
BRDA:188,11,0,0
BRDA:189,12,0,0
BRDA:190,13,0,0
BRDA:191,14,0,0
BRDA:192,15,0,0
BRDA:203,16,0,0
BRDA:203,17,0,0
BRDA:203,17,1,0
BRDA:208,18,0,0
BRDA:213,19,0,0
BRDA:213,20,0,0
BRDA:213,20,1,0
BRDA:221,21,0,0
BRDA:223,22,0,0
BRDA:223,22,1,0
BRDA:233,23,0,0
BRDA:233,23,1,0
BRDA:236,24,0,0
BRDA:236,24,1,0
BRDA:268,25,0,0
BRDA:285,26,0,0
BRDA:324,27,0,0
BRDA:334,28,0,0
BRDA:334,28,1,0
BRDA:362,29,0,0
BRDA:362,29,1,0
BRDA:376,30,0,0
BRDA:376,30,1,0
BRDA:381,31,0,0
BRDA:413,32,0,0
BRDA:413,32,1,0
BRDA:422,33,0,0
BRDA:422,33,1,0
BRDA:440,34,0,0
BRDA:440,34,1,0
BRDA:442,35,0,0
BRDA:442,35,1,0
BRDA:443,36,0,0
BRDA:443,36,1,0
BRDA:444,37,0,0
BRDA:444,37,1,0
BRDA:485,38,0,0
BRDA:485,39,0,0
BRDA:485,39,1,0
BRDA:495,40,0,0
BRDA:495,40,1,0
BRDA:498,41,0,0
BRDA:498,42,0,0
BRDA:498,42,1,0
BRDA:508,43,0,0
BRDA:508,44,0,0
BRDA:508,44,1,0
BRDA:513,45,0,0
BRDA:513,45,1,0
BRDA:516,46,0,0
BRDA:516,47,0,0
BRDA:516,47,1,0
BRDA:516,47,2,0
BRDA:518,48,0,0
BRDA:518,48,1,0
BRDA:518,48,2,0
BRDA:524,49,0,0
BRDA:531,50,0,0
BRDA:531,50,1,0
BRDA:531,50,2,0
BRDA:531,50,3,0
BRDA:531,50,4,0
BRDA:534,51,0,0
BRDA:534,52,0,0
BRDA:534,52,1,0
BRDA:542,53,0,0
BRDA:542,54,0,0
BRDA:542,54,1,0
BRDA:552,55,0,0
BRDA:552,56,0,0
BRDA:552,56,1,0
BRDA:562,57,0,0
BRDA:562,58,0,0
BRDA:562,58,1,0
BRDA:572,59,0,0
BRDA:572,60,0,0
BRDA:572,60,1,0
BRDA:629,61,0,0
BRDA:629,61,1,0
BRDA:643,62,0,0
BRDA:648,63,0,0
BRDA:648,64,0,0
BRDA:648,64,1,0
BRDA:656,65,0,0
BRDA:656,66,0,0
BRDA:656,66,1,0
BRDA:664,67,0,0
BRDA:672,68,0,0
BRF:105
BRH:0
end_of_record
TN:
SF:src/storage/types.js
FNF:0
FNH:0
LF:0
LH:0
BRF:0
BRH:0
end_of_record
TN:
SF:src/storage/watcher.ts
FN:13,(anonymous_0)
FN:22,(anonymous_1)
FN:28,(anonymous_2)
FN:41,(anonymous_3)
FN:42,(anonymous_4)
FN:43,(anonymous_5)
FN:44,(anonymous_6)
FN:45,(anonymous_7)
FN:51,(anonymous_8)
FN:67,(anonymous_9)
FN:75,(anonymous_10)
FN:93,(anonymous_11)
FN:102,(anonymous_12)
FN:103,(anonymous_13)
FN:106,(anonymous_14)
FN:114,(anonymous_15)
FNF:16
FNH:0
FNDA:0,(anonymous_0)
FNDA:0,(anonymous_1)
FNDA:0,(anonymous_2)
FNDA:0,(anonymous_3)
FNDA:0,(anonymous_4)
FNDA:0,(anonymous_5)
FNDA:0,(anonymous_6)
FNDA:0,(anonymous_7)
FNDA:0,(anonymous_8)
FNDA:0,(anonymous_9)
FNDA:0,(anonymous_10)
FNDA:0,(anonymous_11)
FNDA:0,(anonymous_12)
FNDA:0,(anonymous_13)
FNDA:0,(anonymous_14)
FNDA:0,(anonymous_15)
DA:9,0
DA:14,0
DA:15,0
DA:16,0
DA:23,0
DA:24,0
DA:27,0
DA:28,0
DA:30,0
DA:40,0
DA:41,0
DA:42,0
DA:43,0
DA:44,0
DA:45,0
DA:52,0
DA:53,0
DA:54,0
DA:58,0
DA:59,0
DA:61,0
DA:69,0
DA:70,0
DA:71,0
DA:75,0
DA:76,0
DA:78,0
DA:84,0
DA:87,0
DA:94,0
DA:103,0
DA:104,0
DA:106,0
DA:107,0
DA:108,0
DA:109,0
DA:110,0
DA:114,0
DA:115,0
DA:116,0
DA:117,0
DA:118,0
DA:119,0
DA:123,0
LF:44
LH:0
BRDA:13,0,0,0
BRDA:13,1,0,0
BRDA:23,2,0,0
BRDA:52,3,0,0
BRDA:70,4,0,0
BRDA:94,5,0,0
BRDA:94,5,1,0
BRDA:102,6,0,0
BRDA:107,7,0,0
BRDA:115,8,0,0
BRDA:115,9,0,0
BRDA:115,9,1,0
BRF:12
BRH:0
end_of_record
TN:
SF:src/trust/batch-processor.ts
FN:12,(anonymous_0)
FN:20,(anonymous_1)
FN:144,(anonymous_2)
FN:157,(anonymous_3)
FN:170,(anonymous_4)
FN:184,chunkBatch
FN:197,processLargeBatch
FN:212,(anonymous_7)
FN:213,(anonymous_8)
FN:214,(anonymous_9)
FN:216,(anonymous_10)
FN:217,(anonymous_11)
FNF:12
FNH:0
FNDA:0,(anonymous_0)
FNDA:0,(anonymous_1)
FNDA:0,(anonymous_2)
FNDA:0,(anonymous_3)
FNDA:0,(anonymous_4)
FNDA:0,chunkBatch
FNDA:0,processLargeBatch
FNDA:0,(anonymous_7)
FNDA:0,(anonymous_8)
FNDA:0,(anonymous_9)
FNDA:0,(anonymous_10)
FNDA:0,(anonymous_11)
DA:13,0
DA:25,0
DA:26,0
DA:29,0
DA:32,0
DA:35,0
DA:38,0
DA:39,0
DA:40,0
DA:42,0
DA:43,0
DA:44,0
DA:46,0
DA:47,0
DA:48,0
DA:49,0
DA:53,0
DA:54,0
DA:56,0
DA:58,0
DA:60,0
DA:63,0
DA:65,0
DA:66,0
DA:71,0
DA:72,0
DA:74,0
DA:79,0
DA:80,0
DA:82,0
DA:85,0
DA:86,0
DA:90,0
DA:100,0
DA:101,0
DA:102,0
DA:107,0
DA:108,0
DA:109,0
DA:112,0
DA:113,0
DA:114,0
DA:117,0
DA:118,0
DA:122,0
DA:123,0
DA:130,0
DA:133,0
DA:147,0
DA:149,0
DA:150,0
DA:151,0
DA:152,0
DA:156,0
DA:157,0
DA:158,0
DA:159,0
DA:160,0
DA:164,0
DA:174,0
DA:175,0
DA:176,0
DA:185,0
DA:187,0
DA:188,0
DA:191,0
DA:202,0
DA:203,0
DA:205,0
DA:206,0
DA:207,0
DA:211,0
DA:212,0
DA:213,0
DA:214,0
DA:216,0
DA:217,0
LF:77
LH:0
BRDA:25,0,0,0
BRDA:25,0,1,0
BRDA:46,1,0,0
BRDA:58,2,0,0
BRDA:58,2,1,0
BRDA:63,3,0,0
BRDA:79,4,0,0
BRDA:79,4,1,0
BRDA:100,5,0,0
BRDA:100,5,1,0
BRDA:107,6,0,0
BRDA:117,7,0,0
BRDA:117,7,1,0
BRDA:130,8,0,0
BRDA:130,8,1,0
BRDA:137,9,0,0
BRDA:137,9,1,0
BRDA:150,10,0,0
BRDA:150,10,1,0
BRDA:158,11,0,0
BRDA:158,11,1,0
BRDA:159,12,0,0
BRDA:159,12,1,0
BRDA:176,13,0,0
BRDA:176,13,1,0
BRDA:200,14,0,0
BRF:26
BRH:0
end_of_record
TN:
SF:src/trust/beta-bernoulli.ts
FN:28,(anonymous_0)
FN:48,(anonymous_1)
FN:93,(anonymous_2)
FN:148,(anonymous_3)
FN:175,(anonymous_4)
FN:194,(anonymous_5)
FN:222,(anonymous_6)
FN:231,(anonymous_7)
FN:238,(anonymous_8)
FN:247,(anonymous_9)
FN:260,(anonymous_10)
FN:267,(anonymous_11)
FN:273,(anonymous_12)
FN:297,(anonymous_13)
FN:323,(anonymous_14)
FN:336,(anonymous_15)
FN:371,(anonymous_16)
FN:394,(anonymous_17)
FN:402,(anonymous_18)
FN:426,(anonymous_19)
FN:431,(anonymous_20)
FN:460,(anonymous_21)
FN:480,(anonymous_22)
FN:497,(anonymous_23)
FN:502,(anonymous_24)
FN:511,(anonymous_25)
FN:519,(anonymous_26)
FNF:27
FNH:0
FNDA:0,(anonymous_0)
FNDA:0,(anonymous_1)
FNDA:0,(anonymous_2)
FNDA:0,(anonymous_3)
FNDA:0,(anonymous_4)
FNDA:0,(anonymous_5)
FNDA:0,(anonymous_6)
FNDA:0,(anonymous_7)
FNDA:0,(anonymous_8)
FNDA:0,(anonymous_9)
FNDA:0,(anonymous_10)
FNDA:0,(anonymous_11)
FNDA:0,(anonymous_12)
FNDA:0,(anonymous_13)
FNDA:0,(anonymous_14)
FNDA:0,(anonymous_15)
FNDA:0,(anonymous_16)
FNDA:0,(anonymous_17)
FNDA:0,(anonymous_18)
FNDA:0,(anonymous_19)
FNDA:0,(anonymous_20)
FNDA:0,(anonymous_21)
FNDA:0,(anonymous_22)
FNDA:0,(anonymous_23)
FNDA:0,(anonymous_24)
FNDA:0,(anonymous_25)
FNDA:0,(anonymous_26)
DA:20,0
DA:29,0
DA:30,0
DA:41,0
DA:42,0
DA:50,0
DA:51,0
DA:53,0
DA:54,0
DA:58,0
DA:59,0
DA:62,0
DA:65,0
DA:68,0
DA:71,0
DA:72,0
DA:75,0
DA:77,0
DA:94,0
DA:96,0
DA:97,0
DA:101,0
DA:104,0
DA:106,0
DA:108,0
DA:109,0
DA:115,0
DA:116,0
DA:120,0
DA:121,0
DA:123,0
DA:127,0
DA:130,0
DA:140,0
DA:142,0
DA:149,0
DA:151,0
DA:152,0
DA:155,0
DA:156,0
DA:157,0
DA:160,0
DA:165,0
DA:166,0
DA:169,0
DA:176,0
DA:177,0
DA:179,0
DA:180,0
DA:183,0
DA:184,0
DA:185,0
DA:188,0
DA:195,0
DA:196,0
DA:197,0
DA:200,0
DA:207,0
DA:216,0
DA:223,0
DA:224,0
DA:225,0
DA:232,0
DA:239,0
DA:240,0
DA:241,0
DA:250,0
DA:261,0
DA:268,0
DA:277,0
DA:278,0
DA:279,0
DA:280,0
DA:282,0
DA:284,0
DA:298,0
DA:300,0
DA:305,0
DA:311,0
DA:312,0
DA:315,0
DA:318,0
DA:320,0
DA:327,0
DA:328,0
DA:329,0
DA:338,0
DA:339,0
DA:343,0
DA:344,0
DA:345,0
DA:346,0
DA:347,0
DA:349,0
DA:350,0
DA:351,0
DA:353,0
DA:354,0
DA:357,0
DA:358,0
DA:360,0
DA:364,0
DA:372,0
DA:373,0
DA:376,0
DA:377,0
DA:381,0
DA:383,0
DA:384,0
DA:387,0
DA:395,0
DA:396,0
DA:398,0
DA:407,0
DA:408,0
DA:409,0
DA:411,0
DA:412,0
DA:413,0
DA:415,0
DA:416,0
DA:420,0
DA:428,0
DA:433,0
DA:434,0
DA:441,0
DA:442,0
DA:448,0
DA:449,0
DA:450,0
DA:451,0
DA:454,0
DA:455,0
DA:462,0
DA:463,0
DA:464,0
DA:465,0
DA:466,0
DA:467,0
DA:469,0
DA:470,0
DA:472,0
DA:474,0
DA:477,0
DA:486,0
DA:487,0
DA:498,0
DA:499,0
DA:503,0
DA:505,0
DA:506,0
DA:508,0
DA:513,0
DA:514,0
DA:515,0
DA:516,0
DA:519,0
LF:157
LH:0
BRDA:50,0,0,0
BRDA:50,1,0,0
BRDA:50,1,1,0
BRDA:53,2,0,0
BRDA:53,3,0,0
BRDA:53,3,1,0
BRDA:96,4,0,0
BRDA:108,5,0,0
BRDA:120,6,0,0
BRDA:120,6,1,0
BRDA:151,7,0,0
BRDA:151,8,0,0
BRDA:151,8,1,0
BRDA:156,9,0,0
BRDA:165,10,0,0
BRDA:176,11,0,0
BRDA:176,12,0,0
BRDA:176,12,1,0
BRDA:179,13,0,0
BRDA:179,14,0,0
BRDA:179,14,1,0
BRDA:184,15,0,0
BRDA:196,16,0,0
BRDA:223,17,0,0
BRDA:223,17,1,0
BRDA:239,18,0,0
BRDA:239,18,1,0
BRDA:300,19,0,0
BRDA:301,20,0,0
BRDA:301,20,1,0
BRDA:301,20,2,0
BRDA:338,21,0,0
BRDA:338,22,0,0
BRDA:338,22,1,0
BRDA:353,23,0,0
BRDA:357,24,0,0
BRDA:357,24,1,0
BRDA:372,25,0,0
BRDA:373,26,0,0
BRDA:376,27,0,0
BRDA:376,28,0,0
BRDA:376,28,1,0
BRDA:395,29,0,0
BRDA:395,29,1,0
BRDA:415,30,0,0
BRDA:433,31,0,0
BRDA:469,32,0,0
BRDA:469,32,1,0
BRDA:499,33,0,0
BRDA:499,33,1,0
BRDA:503,34,0,0
BRDA:515,35,0,0
BRF:52
BRH:0
end_of_record
TN:
SF:src/trust/decay.ts
FN:18,calculateDecayFactor
FN:39,applyDecay
FN:71,calculateEffectiveAge
FN:96,calculateAverageDecay
FN:120,daysUntilTarget
FN:191,getDecaySchedule
FNF:6
FNH:0
FNDA:0,calculateDecayFactor
FNDA:0,applyDecay
FNDA:0,calculateEffectiveAge
FNDA:0,calculateAverageDecay
FNDA:0,daysUntilTarget
FNDA:0,getDecaySchedule
DA:19,0
DA:20,0
DA:21,0
DA:25,0
DA:47,0
DA:51,0
DA:52,0
DA:54,0
DA:79,0
DA:81,0
DA:83,0
DA:84,0
DA:87,0
DA:90,0
DA:102,0
DA:103,0
DA:105,0
DA:107,0
DA:128,0
DA:131,0
DA:132,0
DA:136,0
DA:137,0
DA:138,0
DA:140,0
DA:141,0
DA:145,0
DA:146,0
DA:147,0
DA:149,0
DA:150,0
DA:151,0
DA:159,0
DA:161,0
DA:162,0
DA:163,0
DA:165,0
DA:168,0
DA:169,0
DA:171,0
DA:176,0
DA:200,0
DA:201,0
DA:203,0
DA:204,0
DA:205,0
DA:213,0
DA:215,0
DA:223,0
LF:49
LH:0
BRDA:19,0,0,0
BRDA:20,1,0,0
BRDA:44,2,0,0
BRDA:45,3,0,0
BRDA:83,4,0,0
BRDA:102,5,0,0
BRDA:102,5,1,0
BRDA:103,6,0,0
BRDA:103,6,1,0
BRDA:105,7,0,0
BRDA:125,8,0,0
BRDA:126,9,0,0
BRDA:131,10,0,0
BRDA:137,11,0,0
BRDA:137,12,0,0
BRDA:137,12,1,0
BRDA:140,13,0,0
BRDA:140,14,0,0
BRDA:140,14,1,0
BRDA:161,15,0,0
BRDA:161,15,1,0
BRDA:162,16,0,0
BRDA:162,16,1,0
BRDA:168,17,0,0
BRDA:168,17,1,0
BRDA:196,18,0,0
BRDA:197,19,0,0
BRDA:198,20,0,0
BRF:28
BRH:0
end_of_record
TN:
SF:src/trust/index.ts
FN:19,createTrustModel
FNF:1
FNH:0
FNDA:0,createTrustModel
DA:23,0
LF:1
LH:0
BRF:0
BRH:0
end_of_record
TN:
SF:src/trust/storage-adapter.ts
FN:18,(anonymous_0)
FN:23,(anonymous_1)
FN:57,(anonymous_2)
FN:114,(anonymous_3)
FN:162,(anonymous_4)
FN:220,(anonymous_5)
FN:235,(anonymous_6)
FN:241,(anonymous_7)
FN:256,(anonymous_8)
FN:261,(anonymous_9)
FN:264,(anonymous_10)
FN:267,(anonymous_11)
FN:272,(anonymous_12)
FN:287,(anonymous_13)
FN:298,(anonymous_14)
FN:302,(anonymous_15)
FN:306,(anonymous_16)
FN:321,(anonymous_17)
FN:334,(anonymous_18)
FN:345,(anonymous_19)
FN:352,(anonymous_20)
FNF:21
FNH:0
FNDA:0,(anonymous_0)
FNDA:0,(anonymous_1)
FNDA:0,(anonymous_2)
FNDA:0,(anonymous_3)
FNDA:0,(anonymous_4)
FNDA:0,(anonymous_5)
FNDA:0,(anonymous_6)
FNDA:0,(anonymous_7)
FNDA:0,(anonymous_8)
FNDA:0,(anonymous_9)
FNDA:0,(anonymous_10)
FNDA:0,(anonymous_11)
FNDA:0,(anonymous_12)
FNDA:0,(anonymous_13)
FNDA:0,(anonymous_14)
FNDA:0,(anonymous_15)
FNDA:0,(anonymous_16)
FNDA:0,(anonymous_17)
FNDA:0,(anonymous_18)
FNDA:0,(anonymous_19)
FNDA:0,(anonymous_20)
DA:19,0
DA:20,0
DA:25,0
DA:26,0
DA:29,0
DA:30,0
DA:31,0
DA:33,0
DA:34,0
DA:38,0
DA:49,0
DA:50,0
DA:52,0
DA:53,0
DA:61,0
DA:62,0
DA:64,0
DA:65,0
DA:74,0
DA:75,0
DA:81,0
DA:85,0
DA:86,0
DA:87,0
DA:88,0
DA:92,0
DA:93,0
DA:96,0
DA:99,0
DA:102,0
DA:105,0
DA:106,0
DA:107,0
DA:110,0
DA:117,0
DA:120,0
DA:121,0
DA:122,0
DA:123,0
DA:125,0
DA:129,0
DA:130,0
DA:134,0
DA:135,0
DA:137,0
DA:138,0
DA:139,0
DA:140,0
DA:151,0
DA:152,0
DA:156,0
DA:159,0
DA:165,0
DA:166,0
DA:168,0
DA:169,0
DA:170,0
DA:179,0
DA:180,0
DA:186,0
DA:190,0
DA:191,0
DA:192,0
DA:193,0
DA:197,0
DA:198,0
DA:201,0
DA:204,0
DA:205,0
DA:206,0
DA:211,0
DA:214,0
DA:216,0
DA:221,0
DA:222,0
DA:223,0
DA:224,0
DA:227,0
DA:228,0
DA:230,0
DA:231,0
DA:236,0
DA:237,0
DA:238,0
DA:242,0
DA:257,0
DA:259,0
DA:260,0
DA:261,0
DA:263,0
DA:264,0
DA:267,0
DA:268,0
DA:270,0
DA:272,0
DA:273,0
DA:274,0
DA:275,0
DA:277,0
DA:281,0
DA:288,0
DA:299,0
DA:303,0
DA:310,0
DA:311,0
DA:312,0
DA:313,0
DA:314,0
DA:317,0
DA:324,0
DA:325,0
DA:326,0
DA:327,0
DA:328,0
DA:331,0
DA:337,0
DA:338,0
DA:346,0
DA:353,0
LF:119
LH:0
BRDA:18,0,0,0
BRDA:25,1,0,0
BRDA:33,2,0,0
BRDA:40,3,0,0
BRDA:40,3,1,0
BRDA:42,4,0,0
BRDA:42,4,1,0
BRDA:43,5,0,0
BRDA:43,5,1,0
BRDA:44,6,0,0
BRDA:44,6,1,0
BRDA:45,7,0,0
BRDA:45,7,1,0
BRDA:64,8,0,0
BRDA:74,9,0,0
BRDA:81,10,0,0
BRDA:82,11,0,0
BRDA:82,11,1,0
BRDA:92,12,0,0
BRDA:105,13,0,0
BRDA:122,14,0,0
BRDA:122,14,1,0
BRDA:129,15,0,0
BRDA:139,16,0,0
BRDA:142,17,0,0
BRDA:142,17,1,0
BRDA:144,18,0,0
BRDA:144,18,1,0
BRDA:145,19,0,0
BRDA:145,19,1,0
BRDA:146,20,0,0
BRDA:146,20,1,0
BRDA:147,21,0,0
BRDA:147,21,1,0
BRDA:169,22,0,0
BRDA:179,23,0,0
BRDA:186,24,0,0
BRDA:187,25,0,0
BRDA:187,25,1,0
BRDA:197,26,0,0
BRDA:204,27,0,0
BRDA:223,28,0,0
BRDA:261,29,0,0
BRDA:261,29,1,0
BRDA:264,30,0,0
BRDA:264,30,1,0
BRDA:267,31,0,0
BRDA:267,31,1,0
BRDA:270,32,0,0
BRDA:273,33,0,0
BRDA:273,33,1,0
BRDA:274,34,0,0
BRDA:274,34,1,0
BRDA:303,35,0,0
BRDA:303,35,1,0
BRDA:311,36,0,0
BRDA:311,36,1,0
BRDA:313,37,0,0
BRDA:327,38,0,0
BRF:59
BRH:0
end_of_record
TN:
SF:src/trust/visualization.ts
FN:39,generateBetaDistribution
FN:68,betaPDF
FN:86,logBeta
FN:93,logGamma
FN:122,generateTrustVisualization
FN:155,calculateMode
FN:173,calculateMedian
FN:189,approximateQuantile
FN:218,approximateCDF
FN:233,incompleteBetaRegularized
FN:258,generateASCIIVisualization
FN:267,(anonymous_11)
FN:316,generateStarRating
FN:326,generateDecayVisualization
FNF:14
FNH:0
FNDA:0,generateBetaDistribution
FNDA:0,betaPDF
FNDA:0,logBeta
FNDA:0,logGamma
FNDA:0,generateTrustVisualization
FNDA:0,calculateMode
FNDA:0,calculateMedian
FNDA:0,approximateQuantile
FNDA:0,approximateCDF
FNDA:0,incompleteBetaRegularized
FNDA:0,generateASCIIVisualization
FNDA:0,(anonymous_11)
FNDA:0,generateStarRating
FNDA:0,generateDecayVisualization
DA:44,0
DA:47,0
DA:48,0
DA:52,0
DA:53,0
DA:54,0
DA:56,0
DA:62,0
DA:69,0
DA:72,0
DA:76,0
DA:80,0
DA:87,0
DA:94,0
DA:95,0
DA:100,0
DA:101,0
DA:107,0
DA:108,0
DA:109,0
DA:110,0
DA:113,0
DA:114,0
DA:126,0
DA:129,0
DA:132,0
DA:133,0
DA:134,0
DA:137,0
DA:138,0
DA:139,0
DA:142,0
DA:156,0
DA:157,0
DA:158,0
DA:159,0
DA:160,0
DA:161,0
DA:162,0
DA:163,0
DA:165,0
DA:175,0
DA:178,0
DA:179,0
DA:183,0
DA:190,0
DA:191,0
DA:192,0
DA:193,0
DA:194,0
DA:196,0
DA:197,0
DA:198,0
DA:200,0
DA:201,0
DA:204,0
DA:205,0
DA:207,0
DA:211,0
DA:219,0
DA:220,0
DA:223,0
DA:224,0
DA:226,0
DA:234,0
DA:235,0
DA:236,0
DA:238,0
DA:239,0
DA:240,0
DA:242,0
DA:244,0
DA:245,0
DA:249,0
DA:263,0
DA:264,0
DA:267,0
DA:270,0
DA:273,0
DA:276,0
DA:277,0
DA:278,0
DA:280,0
DA:282,0
DA:283,0
DA:284,0
DA:285,0
DA:286,0
DA:288,0
DA:292,0
DA:293,0
DA:297,0
DA:300,0
DA:304,0
DA:309,0
DA:317,0
DA:318,0
DA:319,0
DA:320,0
DA:332,0
DA:340,0
DA:341,0
DA:342,0
DA:345,0
DA:346,0
DA:349,0
DA:350,0
DA:351,0
DA:353,0
DA:354,0
DA:355,0
DA:356,0
DA:357,0
DA:358,0
DA:360,0
DA:364,0
DA:365,0
DA:369,0
DA:372,0
DA:378,0
LF:120
LH:0
BRDA:42,0,0,0
BRDA:47,1,0,0
BRDA:47,2,0,0
BRDA:47,2,1,0
BRDA:69,3,0,0
BRDA:69,4,0,0
BRDA:69,4,1,0
BRDA:72,5,0,0
BRDA:72,6,0,0
BRDA:72,6,1,0
BRDA:94,7,0,0
BRDA:124,8,0,0
BRDA:156,9,0,0
BRDA:156,9,1,0
BRDA:156,10,0,0
BRDA:156,10,1,0
BRDA:158,11,0,0
BRDA:158,11,1,0
BRDA:158,12,0,0
BRDA:158,12,1,0
BRDA:160,13,0,0
BRDA:160,13,1,0
BRDA:162,14,0,0
BRDA:162,14,1,0
BRDA:175,15,0,0
BRDA:178,16,0,0
BRDA:178,17,0,0
BRDA:178,17,1,0
BRDA:200,18,0,0
BRDA:204,19,0,0
BRDA:204,19,1,0
BRDA:219,20,0,0
BRDA:220,21,0,0
BRDA:223,22,0,0
BRDA:223,22,1,0
BRDA:239,23,0,0
BRDA:244,24,0,0
BRDA:260,25,0,0
BRDA:261,26,0,0
BRDA:283,27,0,0
BRDA:283,27,1,0
BRDA:285,28,0,0
BRDA:285,28,1,0
BRDA:329,29,0,0
BRDA:330,30,0,0
BRDA:355,31,0,0
BRDA:355,31,1,0
BRDA:357,32,0,0
BRDA:357,32,1,0
BRF:49
BRH:0
end_of_record
TN:
SF:src/types/index.d.ts
FNF:0
FNH:0
LF:0
LH:0
BRF:0
BRH:0
end_of_record
