TN:
SF:src/index.js
FN:12,(anonymous_0)
FN:29,(anonymous_1)
FN:62,(anonymous_2)
FN:88,(anonymous_3)
FN:104,(anonymous_4)
FN:154,(anonymous_5)
FN:180,(anonymous_6)
FN:200,(anonymous_7)
FN:210,(anonymous_8)
FN:224,(anonymous_9)
FNF:10
FNH:0
FNDA:0,(anonymous_0)
FNDA:0,(anonymous_1)
FNDA:0,(anonymous_2)
FNDA:0,(anonymous_3)
FNDA:0,(anonymous_4)
FNDA:0,(anonymous_5)
FNDA:0,(anonymous_6)
FNDA:0,(anonymous_7)
FNDA:0,(anonymous_8)
FNDA:0,(anonymous_9)
DA:13,0
DA:14,0
DA:18,0
DA:20,0
DA:30,0
DA:38,0
DA:44,0
DA:48,0
DA:54,0
DA:56,0
DA:63,0
DA:66,0
DA:87,0
DA:88,0
DA:89,0
DA:91,0
DA:94,0
DA:95,0
DA:96,0
DA:98,0
DA:105,0
DA:108,0
DA:109,0
DA:110,0
DA:111,0
DA:121,0
DA:122,0
DA:123,0
DA:132,0
DA:133,0
DA:139,0
DA:140,0
DA:148,0
DA:156,0
DA:157,0
DA:158,0
DA:163,0
DA:164,0
DA:174,0
DA:181,0
DA:182,0
DA:184,0
DA:201,0
DA:204,0
DA:205,0
DA:209,0
DA:210,0
DA:212,0
DA:215,0
DA:216,0
DA:218,0
DA:225,0
DA:229,0
DA:234,0
DA:237,0
LF:55
LH:0
BRDA:12,0,0,0
BRDA:29,1,0,0
BRDA:77,2,0,0
BRDA:77,2,1,0
BRDA:79,3,0,0
BRDA:79,3,1,0
BRDA:83,4,0,0
BRDA:83,4,1,0
BRDA:108,5,0,0
BRDA:108,5,1,0
BRDA:110,6,0,0
BRDA:110,6,1,0
BRDA:121,7,0,0
BRDA:121,7,1,0
BRDA:132,8,0,0
BRDA:132,8,1,0
BRDA:139,9,0,0
BRDA:139,9,1,0
BRDA:156,10,0,0
BRDA:156,10,1,0
BRDA:163,11,0,0
BRDA:163,11,1,0
BRDA:163,12,0,0
BRDA:163,12,1,0
BRDA:209,13,0,0
BRDA:209,13,1,0
BRDA:225,14,0,0
BRDA:225,14,1,0
BRF:28
BRH:0
end_of_record
TN:
SF:src/cli/commands/brief.ts
FN:16,createBriefCommand
FN:27,(anonymous_1)
FN:67,(anonymous_2)
FN:97,(anonymous_3)
FN:135,(anonymous_4)
FNF:5
FNH:0
FNDA:0,createBriefCommand
FNDA:0,(anonymous_1)
FNDA:0,(anonymous_2)
FNDA:0,(anonymous_3)
FNDA:0,(anonymous_4)
DA:17,0
DA:21,0
DA:28,0
DA:29,0
DA:32,0
DA:33,0
DA:39,0
DA:40,0
DA:41,0
DA:44,0
DA:49,0
DA:50,0
DA:51,0
DA:52,0
DA:55,0
DA:59,0
DA:63,0
DA:68,0
DA:70,0
DA:72,0
DA:77,0
DA:78,0
DA:79,0
DA:83,0
DA:84,0
DA:86,0
DA:90,0
DA:94,0
DA:98,0
DA:99,0
DA:102,0
DA:103,0
DA:105,0
DA:106,0
DA:107,0
DA:110,0
DA:113,0
DA:114,0
DA:117,0
DA:121,0
DA:125,0
DA:136,0
DA:137,0
DA:140,0
DA:141,0
DA:147,0
DA:149,0
DA:150,0
DA:151,0
DA:154,0
DA:156,0
DA:157,0
DA:158,0
DA:161,0
DA:164,0
DA:165,0
DA:167,0
DA:171,0
DA:175,0
LF:59
LH:0
BRDA:39,0,0,0
BRDA:45,1,0,0
BRDA:45,1,1,0
BRDA:49,2,0,0
BRDA:57,3,0,0
BRDA:57,3,1,0
BRDA:77,4,0,0
BRDA:88,5,0,0
BRDA:88,5,1,0
BRDA:105,6,0,0
BRDA:113,7,0,0
BRDA:119,8,0,0
BRDA:119,8,1,0
BRDA:149,9,0,0
BRDA:154,10,0,0
BRDA:154,10,1,0
BRDA:156,11,0,0
BRDA:169,12,0,0
BRDA:169,12,1,0
BRF:19
BRH:0
end_of_record
TN:
SF:src/cli/commands/migrate.ts
FN:14,createMigrateCommand
FN:22,(anonymous_1)
FN:42,(anonymous_2)
FN:55,(anonymous_3)
FN:80,(anonymous_4)
FN:125,(anonymous_5)
FN:177,(anonymous_6)
FN:195,(anonymous_7)
FN:211,(anonymous_8)
FNF:9
FNH:0
FNDA:0,createMigrateCommand
FNDA:0,(anonymous_1)
FNDA:0,(anonymous_2)
FNDA:0,(anonymous_3)
FNDA:0,(anonymous_4)
FNDA:0,(anonymous_5)
FNDA:0,(anonymous_6)
FNDA:0,(anonymous_7)
FNDA:0,(anonymous_8)
DA:15,0
DA:19,0
DA:23,0
DA:25,0
DA:26,0
DA:27,0
DA:28,0
DA:30,0
DA:31,0
DA:33,0
DA:35,0
DA:36,0
DA:37,0
DA:38,0
DA:40,0
DA:41,0
DA:42,0
DA:43,0
DA:46,0
DA:47,0
DA:53,0
DA:54,0
DA:55,0
DA:56,0
DA:62,0
DA:64,0
DA:65,0
DA:66,0
DA:70,0
DA:81,0
DA:83,0
DA:84,0
DA:85,0
DA:86,0
DA:88,0
DA:89,0
DA:91,0
DA:92,0
DA:93,0
DA:94,0
DA:97,0
DA:101,0
DA:107,0
DA:113,0
DA:115,0
DA:116,0
DA:117,0
DA:121,0
DA:126,0
DA:128,0
DA:129,0
DA:130,0
DA:131,0
DA:134,0
DA:135,0
DA:136,0
DA:138,0
DA:139,0
DA:141,0
DA:142,0
DA:143,0
DA:144,0
DA:147,0
DA:152,0
DA:156,0
DA:160,0
DA:166,0
DA:168,0
DA:169,0
DA:170,0
DA:174,0
DA:178,0
DA:180,0
DA:181,0
DA:182,0
DA:184,0
DA:186,0
DA:187,0
DA:188,0
DA:192,0
DA:196,0
DA:198,0
DA:199,0
DA:200,0
DA:201,0
DA:203,0
DA:205,0
DA:208,0
DA:209,0
DA:210,0
DA:211,0
DA:212,0
DA:216,0
DA:218,0
DA:219,0
DA:221,0
DA:222,0
DA:225,0
DA:227,0
DA:228,0
DA:229,0
DA:233,0
LF:102
LH:0
BRDA:40,0,0,0
BRDA:43,1,0,0
BRDA:43,1,1,0
BRDA:46,2,0,0
BRDA:46,2,1,0
BRDA:53,3,0,0
BRDA:91,4,0,0
BRDA:97,5,0,0
BRDA:97,5,1,0
BRDA:108,6,0,0
BRDA:108,6,1,0
BRDA:130,7,0,0
BRDA:130,8,0,0
BRDA:130,8,1,0
BRDA:141,9,0,0
BRDA:152,10,0,0
BRDA:152,10,1,0
BRDA:161,11,0,0
BRDA:161,11,1,0
BRDA:209,12,0,0
BRDA:218,13,0,0
BRDA:218,13,1,0
BRF:22
BRH:0
end_of_record
TN:
SF:src/cli/commands/pack.ts
FN:19,createPackCommand
FN:30,(anonymous_1)
FN:100,(anonymous_2)
FN:122,(anonymous_3)
FN:229,(anonymous_4)
FN:288,(anonymous_5)
FN:322,(anonymous_6)
FNF:7
FNH:0
FNDA:0,createPackCommand
FNDA:0,(anonymous_1)
FNDA:0,(anonymous_2)
FNDA:0,(anonymous_3)
FNDA:0,(anonymous_4)
FNDA:0,(anonymous_5)
FNDA:0,(anonymous_6)
DA:20,0
DA:24,0
DA:31,0
DA:32,0
DA:35,0
DA:38,0
DA:39,0
DA:41,0
DA:42,0
DA:44,0
DA:45,0
DA:46,0
DA:48,0
DA:49,0
DA:50,0
DA:63,0
DA:65,0
DA:88,0
DA:91,0
DA:93,0
DA:94,0
DA:95,0
DA:99,0
DA:100,0
DA:103,0
DA:106,0
DA:107,0
DA:109,0
DA:113,0
DA:117,0
DA:123,0
DA:124,0
DA:131,0
DA:134,0
DA:137,0
DA:140,0
DA:142,0
DA:143,0
DA:144,0
DA:145,0
DA:150,0
DA:153,0
DA:156,0
DA:158,0
DA:164,0
DA:165,0
DA:166,0
DA:169,0
DA:172,0
DA:174,0
DA:181,0
DA:184,0
DA:185,0
DA:188,0
DA:191,0
DA:193,0
DA:194,0
DA:196,0
DA:201,0
DA:202,0
DA:207,0
DA:210,0
DA:214,0
DA:218,0
DA:230,0
DA:231,0
DA:234,0
DA:235,0
DA:236,0
DA:237,0
DA:241,0
DA:242,0
DA:243,0
DA:246,0
DA:247,0
DA:249,0
DA:250,0
DA:251,0
DA:252,0
DA:253,0
DA:254,0
DA:259,0
DA:271,0
DA:276,0
DA:288,0
DA:297,0
DA:299,0
DA:301,0
DA:302,0
DA:305,0
DA:306,0
DA:310,0
DA:314,0
DA:318,0
DA:323,0
DA:324,0
DA:326,0
DA:334,0
DA:335,0
DA:336,0
DA:339,0
DA:341,0
DA:342,0
DA:343,0
DA:347,0
DA:351,0
DA:352,0
DA:354,0
DA:356,0
DA:360,0
DA:364,0
LF:111
LH:0
BRDA:41,0,0,0
BRDA:48,1,0,0
BRDA:52,2,0,0
BRDA:52,2,1,0
BRDA:53,3,0,0
BRDA:53,3,1,0
BRDA:54,4,0,0
BRDA:54,4,1,0
BRDA:63,5,0,0
BRDA:93,6,0,0
BRDA:99,7,0,0
BRDA:111,8,0,0
BRDA:111,8,1,0
BRDA:140,9,0,0
BRDA:140,9,1,0
BRDA:143,10,0,0
BRDA:164,11,0,0
BRDA:184,12,0,0
BRDA:184,13,0,0
BRDA:184,13,1,0
BRDA:201,14,0,0
BRDA:204,15,0,0
BRDA:204,15,1,0
BRDA:212,16,0,0
BRDA:212,16,1,0
BRDA:235,17,0,0
BRDA:250,18,0,0
BRDA:250,19,0,0
BRDA:250,19,1,0
BRDA:262,20,0,0
BRDA:262,20,1,0
BRDA:278,21,0,0
BRDA:278,21,1,0
BRDA:312,22,0,0
BRDA:312,22,1,0
BRDA:334,23,0,0
BRDA:339,24,0,0
BRDA:339,24,1,0
BRDA:342,25,0,0
BRDA:358,26,0,0
BRDA:358,26,1,0
BRF:41
BRH:0
end_of_record
TN:
SF:src/cli/commands/patterns.ts
FN:22,getRepository
FN:29,createPatternsCommand
FN:35,(anonymous_2)
FN:42,(anonymous_3)
FN:43,(anonymous_4)
FN:55,(anonymous_5)
FN:72,(anonymous_6)
FN:90,(anonymous_7)
FN:108,(anonymous_8)
FN:130,(anonymous_9)
FN:150,(anonymous_10)
FN:188,(anonymous_11)
FN:218,(anonymous_12)
FN:244,(anonymous_13)
FN:274,(anonymous_14)
FN:308,(anonymous_15)
FN:341,(anonymous_16)
FN:393,(anonymous_17)
FN:403,(anonymous_18)
FN:406,(anonymous_19)
FN:410,(anonymous_20)
FN:414,(anonymous_21)
FN:419,(anonymous_22)
FN:455,(anonymous_23)
FNF:24
FNH:0
FNDA:0,getRepository
FNDA:0,createPatternsCommand
FNDA:0,(anonymous_2)
FNDA:0,(anonymous_3)
FNDA:0,(anonymous_4)
FNDA:0,(anonymous_5)
FNDA:0,(anonymous_6)
FNDA:0,(anonymous_7)
FNDA:0,(anonymous_8)
FNDA:0,(anonymous_9)
FNDA:0,(anonymous_10)
FNDA:0,(anonymous_11)
FNDA:0,(anonymous_12)
FNDA:0,(anonymous_13)
FNDA:0,(anonymous_14)
FNDA:0,(anonymous_15)
FNDA:0,(anonymous_16)
FNDA:0,(anonymous_17)
FNDA:0,(anonymous_18)
FNDA:0,(anonymous_19)
FNDA:0,(anonymous_20)
FNDA:0,(anonymous_21)
FNDA:0,(anonymous_22)
FNDA:0,(anonymous_23)
DA:20,0
DA:23,0
DA:24,0
DA:26,0
DA:30,0
DA:32,0
DA:36,0
DA:38,0
DA:39,0
DA:40,0
DA:42,0
DA:43,0
DA:45,0
DA:47,0
DA:48,0
DA:50,0
DA:51,0
DA:53,0
DA:54,0
DA:55,0
DA:56,0
DA:60,0
DA:63,0
DA:64,0
DA:65,0
DA:69,0
DA:73,0
DA:75,0
DA:76,0
DA:77,0
DA:79,0
DA:81,0
DA:82,0
DA:83,0
DA:87,0
DA:91,0
DA:93,0
DA:94,0
DA:95,0
DA:97,0
DA:99,0
DA:100,0
DA:101,0
DA:105,0
DA:109,0
DA:111,0
DA:112,0
DA:113,0
DA:116,0
DA:117,0
DA:119,0
DA:120,0
DA:121,0
DA:126,0
DA:127,0
DA:130,0
DA:131,0
DA:132,0
DA:133,0
DA:135,0
DA:136,0
DA:137,0
DA:140,0
DA:141,0
DA:143,0
DA:144,0
DA:145,0
DA:146,0
DA:147,0
DA:150,0
DA:151,0
DA:154,0
DA:157,0
DA:162,0
DA:163,0
DA:164,0
DA:166,0
DA:169,0
DA:170,0
DA:172,0
DA:175,0
DA:176,0
DA:178,0
DA:179,0
DA:184,0
DA:189,0
DA:190,0
DA:191,0
DA:193,0
DA:194,0
DA:195,0
DA:198,0
DA:200,0
DA:201,0
DA:202,0
DA:203,0
DA:204,0
DA:207,0
DA:210,0
DA:211,0
DA:215,0
DA:219,0
DA:220,0
DA:221,0
DA:223,0
DA:224,0
DA:225,0
DA:228,0
DA:229,0
DA:231,0
DA:232,0
DA:237,0
DA:246,0
DA:247,0
DA:250,0
DA:251,0
DA:252,0
DA:253,0
DA:256,0
DA:259,0
DA:263,0
DA:264,0
DA:268,0
DA:271,0
DA:272,0
DA:273,0
DA:275,0
DA:281,0
DA:284,0
DA:287,0
DA:288,0
DA:295,0
DA:299,0
DA:303,0
DA:309,0
DA:311,0
DA:313,0
DA:322,0
DA:323,0
DA:324,0
DA:327,0
DA:328,0
DA:330,0
DA:334,0
DA:338,0
DA:342,0
DA:344,0
DA:345,0
DA:346,0
DA:349,0
DA:352,0
DA:355,0
DA:356,0
DA:360,0
DA:361,0
DA:362,0
DA:365,0
DA:370,0
DA:371,0
DA:376,0
DA:381,0
DA:385,0
DA:389,0
DA:394,0
DA:395,0
DA:396,0
DA:399,0
DA:401,0
DA:403,0
DA:406,0
DA:410,0
DA:414,0
DA:419,0
DA:427,0
DA:428,0
DA:429,0
DA:433,0
DA:434,0
DA:437,0
DA:438,0
DA:443,0
DA:447,0
DA:451,0
DA:455,0
DA:456,0
DA:457,0
LF:186
LH:0
BRDA:23,0,0,0
BRDA:50,1,0,0
BRDA:163,2,0,0
BRDA:163,2,1,0
BRDA:169,3,0,0
BRDA:169,3,1,0
BRDA:178,4,0,0
BRDA:193,5,0,0
BRDA:223,6,0,0
BRDA:251,7,0,0
BRDA:263,8,0,0
BRDA:272,9,0,0
BRDA:275,10,0,0
BRDA:275,10,1,0
BRDA:282,11,0,0
BRDA:282,11,1,0
BRDA:287,12,0,0
BRDA:297,13,0,0
BRDA:297,13,1,0
BRDA:322,14,0,0
BRDA:332,15,0,0
BRDA:332,15,1,0
BRDA:344,16,0,0
BRDA:360,17,0,0
BRDA:370,18,0,0
BRDA:373,19,0,0
BRDA:373,19,1,0
BRDA:377,20,0,0
BRDA:377,20,1,0
BRDA:383,21,0,0
BRDA:383,21,1,0
BRDA:410,22,0,0
BRDA:410,22,1,0
BRDA:414,23,0,0
BRDA:414,23,1,0
BRDA:419,24,0,0
BRDA:419,24,1,0
BRDA:428,25,0,0
BRDA:428,25,1,0
BRDA:429,26,0,0
BRDA:429,26,1,0
BRDA:437,27,0,0
BRDA:445,28,0,0
BRDA:445,28,1,0
BRDA:456,29,0,0
BRF:45
BRH:0
end_of_record
TN:
SF:src/cli/commands/shared/formatters.ts
FN:21,(anonymous_0)
FN:25,(anonymous_1)
FN:34,(anonymous_2)
FN:62,(anonymous_3)
FN:71,(anonymous_4)
FN:93,(anonymous_5)
FN:136,(anonymous_6)
FN:171,(anonymous_7)
FN:190,(anonymous_8)
FN:203,(anonymous_9)
FN:220,formatValue
FN:236,formatDuration
FNF:12
FNH:0
FNDA:0,(anonymous_0)
FNDA:0,(anonymous_1)
FNDA:0,(anonymous_2)
FNDA:0,(anonymous_3)
FNDA:0,(anonymous_4)
FNDA:0,(anonymous_5)
FNDA:0,(anonymous_6)
FNDA:0,(anonymous_7)
FNDA:0,(anonymous_8)
FNDA:0,(anonymous_9)
FNDA:0,formatValue
FNDA:0,formatDuration
DA:22,0
DA:26,0
DA:36,0
DA:37,0
DA:41,0
DA:42,0
DA:46,0
DA:47,0
DA:51,0
DA:52,0
DA:56,0
DA:57,0
DA:58,0
DA:61,0
DA:62,0
DA:69,0
DA:70,0
DA:72,0
DA:73,0
DA:74,0
DA:76,0
DA:77,0
DA:79,0
DA:80,0
DA:82,0
DA:87,0
DA:94,0
DA:110,0
DA:111,0
DA:112,0
DA:113,0
DA:114,0
DA:117,0
DA:118,0
DA:120,0
DA:130,0
DA:137,0
DA:145,0
DA:161,0
DA:162,0
DA:165,0
DA:172,0
DA:173,0
DA:174,0
DA:176,0
DA:177,0
DA:178,0
DA:179,0
DA:181,0
DA:191,0
DA:204,0
DA:206,0
DA:209,0
DA:212,0
DA:221,0
DA:222,0
DA:224,0
DA:225,0
DA:227,0
DA:228,0
DA:230,0
DA:237,0
DA:238,0
DA:240,0
DA:241,0
DA:243,0
LF:66
LH:0
BRDA:21,0,0,0
BRDA:36,1,0,0
BRDA:36,2,0,0
BRDA:36,2,1,0
BRDA:36,2,2,0
BRDA:41,3,0,0
BRDA:46,4,0,0
BRDA:46,5,0,0
BRDA:46,5,1,0
BRDA:51,6,0,0
BRDA:56,7,0,0
BRDA:56,7,1,0
BRDA:57,8,0,0
BRDA:73,9,0,0
BRDA:73,10,0,0
BRDA:73,10,1,0
BRDA:76,11,0,0
BRDA:77,12,0,0
BRDA:77,12,1,0
BRDA:79,13,0,0
BRDA:111,14,0,0
BRDA:111,14,1,0
BRDA:112,15,0,0
BRDA:112,15,1,0
BRDA:113,16,0,0
BRDA:113,16,1,0
BRDA:114,17,0,0
BRDA:114,17,1,0
BRDA:117,18,0,0
BRDA:117,18,1,0
BRDA:118,19,0,0
BRDA:118,19,1,0
BRDA:118,19,2,0
BRDA:122,20,0,0
BRDA:122,20,1,0
BRDA:146,21,0,0
BRDA:146,21,1,0
BRDA:147,22,0,0
BRDA:147,22,1,0
BRDA:148,23,0,0
BRDA:148,23,1,0
BRDA:151,24,0,0
BRDA:151,24,1,0
BRDA:153,25,0,0
BRDA:153,25,1,0
BRDA:156,26,0,0
BRDA:156,26,1,0
BRDA:158,27,0,0
BRDA:158,27,1,0
BRDA:176,28,0,0
BRDA:176,28,1,0
BRDA:178,29,0,0
BRDA:178,29,1,0
BRDA:203,30,0,0
BRDA:204,31,0,0
BRDA:204,31,1,0
BRDA:204,31,2,0
BRDA:204,31,3,0
BRDA:204,31,4,0
BRDA:221,32,0,0
BRDA:221,33,0,0
BRDA:221,33,1,0
BRDA:224,34,0,0
BRDA:225,35,0,0
BRDA:225,35,1,0
BRDA:227,36,0,0
BRDA:237,37,0,0
BRDA:240,38,0,0
BRF:68
BRH:0
end_of_record
TN:
SF:src/cli/commands/shared/mcp-client.ts
FN:34,(anonymous_0)
FN:46,(anonymous_1)
FN:57,(anonymous_2)
FN:105,(anonymous_3)
FN:127,(anonymous_4)
FN:133,(anonymous_5)
FN:135,(anonymous_6)
FN:172,(anonymous_7)
FN:215,(anonymous_8)
FN:216,(anonymous_9)
FN:222,(anonymous_10)
FN:244,(anonymous_11)
FN:257,getSharedMCPClient
FN:267,(anonymous_13)
FN:273,(anonymous_14)
FN:280,(anonymous_15)
FNF:16
FNH:0
FNDA:0,(anonymous_0)
FNDA:0,(anonymous_1)
FNDA:0,(anonymous_2)
FNDA:0,(anonymous_3)
FNDA:0,(anonymous_4)
FNDA:0,(anonymous_5)
FNDA:0,(anonymous_6)
FNDA:0,(anonymous_7)
FNDA:0,(anonymous_8)
FNDA:0,(anonymous_9)
FNDA:0,(anonymous_10)
FNDA:0,(anonymous_11)
FNDA:0,getSharedMCPClient
FNDA:0,(anonymous_13)
FNDA:0,(anonymous_14)
FNDA:0,(anonymous_15)
DA:35,0
DA:47,0
DA:48,0
DA:50,0
DA:51,0
DA:58,0
DA:59,0
DA:60,0
DA:64,0
DA:65,0
DA:74,0
DA:80,0
DA:91,0
DA:93,0
DA:94,0
DA:97,0
DA:98,0
DA:109,0
DA:110,0
DA:111,0
DA:112,0
DA:114,0
DA:115,0
DA:117,0
DA:130,0
DA:131,0
DA:133,0
DA:134,0
DA:135,0
DA:141,0
DA:146,0
DA:148,0
DA:151,0
DA:154,0
DA:155,0
DA:156,0
DA:162,0
DA:166,0
DA:173,0
DA:174,0
DA:178,0
DA:194,0
DA:197,0
DA:198,0
DA:209,0
DA:216,0
DA:223,0
DA:224,0
DA:225,0
DA:228,0
DA:229,0
DA:230,0
DA:233,0
DA:234,0
DA:235,0
DA:238,0
DA:245,0
DA:258,0
DA:259,0
DA:261,0
DA:267,0
DA:268,0
DA:269,0
DA:273,0
DA:274,0
DA:275,0
DA:277,0
DA:280,0
DA:281,0
DA:282,0
DA:284,0
LF:71
LH:0
BRDA:34,0,0,0
BRDA:36,1,0,0
BRDA:36,1,1,0
BRDA:37,2,0,0
BRDA:37,2,1,0
BRDA:38,3,0,0
BRDA:38,3,1,0
BRDA:39,4,0,0
BRDA:39,4,1,0
BRDA:47,5,0,0
BRDA:48,6,0,0
BRDA:59,7,0,0
BRDA:69,8,0,0
BRDA:69,8,1,0
BRDA:93,9,0,0
BRDA:107,10,0,0
BRDA:114,11,0,0
BRDA:119,12,0,0
BRDA:119,12,1,0
BRDA:148,13,0,0
BRDA:148,13,1,0
BRDA:151,14,0,0
BRDA:155,15,0,0
BRDA:166,16,0,0
BRDA:166,16,1,0
BRDA:173,17,0,0
BRDA:194,18,0,0
BRDA:194,18,1,0
BRDA:223,19,0,0
BRDA:228,20,0,0
BRDA:233,21,0,0
BRDA:258,22,0,0
BRDA:268,23,0,0
BRDA:274,24,0,0
BRDA:281,25,0,0
BRF:35
BRH:0
end_of_record
TN:
SF:src/cli/commands/shared/progress.ts
FN:19,createSpinner
FN:38,(anonymous_1)
FN:51,(anonymous_2)
FN:58,(anonymous_3)
FN:68,(anonymous_4)
FN:75,(anonymous_5)
FN:84,(anonymous_6)
FN:91,(anonymous_7)
FN:98,(anonymous_8)
FN:109,(anonymous_9)
FN:123,(anonymous_10)
FN:131,(anonymous_11)
FN:138,(anonymous_12)
FN:146,(anonymous_13)
FN:157,(anonymous_14)
FN:171,(anonymous_15)
FN:179,withProgress
FN:188,(anonymous_17)
FN:189,(anonymous_18)
FN:209,withParallelProgress
FN:216,(anonymous_20)
FNF:21
FNH:0
FNDA:0,createSpinner
FNDA:0,(anonymous_1)
FNDA:0,(anonymous_2)
FNDA:0,(anonymous_3)
FNDA:0,(anonymous_4)
FNDA:0,(anonymous_5)
FNDA:0,(anonymous_6)
FNDA:0,(anonymous_7)
FNDA:0,(anonymous_8)
FNDA:0,(anonymous_9)
FNDA:0,(anonymous_10)
FNDA:0,(anonymous_11)
FNDA:0,(anonymous_12)
FNDA:0,(anonymous_13)
FNDA:0,(anonymous_14)
FNDA:0,(anonymous_15)
FNDA:0,withProgress
FNDA:0,(anonymous_17)
FNDA:0,(anonymous_18)
FNDA:0,withParallelProgress
FNDA:0,(anonymous_20)
DA:20,0
DA:22,0
DA:39,0
DA:40,0
DA:41,0
DA:42,0
DA:52,0
DA:59,0
DA:60,0
DA:61,0
DA:69,0
DA:76,0
DA:77,0
DA:78,0
DA:85,0
DA:92,0
DA:99,0
DA:100,0
DA:102,0
DA:103,0
DA:110,0
DA:111,0
DA:112,0
DA:124,0
DA:125,0
DA:132,0
DA:139,0
DA:140,0
DA:147,0
DA:148,0
DA:150,0
DA:151,0
DA:158,0
DA:160,0
DA:161,0
DA:164,0
DA:165,0
DA:172,0
DA:184,0
DA:186,0
DA:187,0
DA:188,0
DA:189,0
DA:192,0
DA:193,0
DA:194,0
DA:196,0
DA:197,0
DA:198,0
DA:201,0
DA:202,0
DA:213,0
DA:214,0
DA:216,0
DA:217,0
DA:218,0
DA:219,0
DA:220,0
DA:221,0
DA:223,0
DA:224,0
DA:228,0
DA:229,0
DA:230,0
DA:231,0
DA:233,0
DA:234,0
LF:67
LH:0
BRDA:20,0,0,0
BRDA:20,0,1,0
BRDA:24,1,0,0
BRDA:24,1,1,0
BRDA:25,2,0,0
BRDA:25,2,1,0
BRDA:43,3,0,0
BRDA:43,3,1,0
BRDA:59,4,0,0
BRDA:77,5,0,0
BRDA:77,5,1,0
BRDA:85,6,0,0
BRDA:85,6,1,0
BRDA:99,7,0,0
BRDA:110,8,0,0
BRDA:111,9,0,0
BRDA:148,10,0,0
BRDA:187,11,0,0
BRDA:187,11,1,0
BRF:19
BRH:0
end_of_record
TN:
SF:src/cli/commands/shared/validators.ts
FN:13,validatePatternId
FN:22,validateTrustScore
FN:29,validatePattern
FN:97,validateFilePath
FN:124,validateOutputFormat
FN:141,validateOptions
FN:188,displayValidationErrors
FN:198,formatValidationResult
FN:205,(anonymous_8)
FNF:9
FNH:0
FNDA:0,validatePatternId
FNDA:0,validateTrustScore
FNDA:0,validatePattern
FNDA:0,validateFilePath
FNDA:0,validateOutputFormat
FNDA:0,validateOptions
FNDA:0,displayValidationErrors
FNDA:0,formatValidationResult
FNDA:0,(anonymous_8)
DA:15,0
DA:16,0
DA:23,0
DA:33,0
DA:36,0
DA:37,0
DA:38,0
DA:39,0
DA:42,0
DA:43,0
DA:46,0
DA:47,0
DA:51,0
DA:55,0
DA:59,0
DA:60,0
DA:61,0
DA:62,0
DA:69,0
DA:70,0
DA:76,0
DA:77,0
DA:78,0
DA:79,0
DA:80,0
DA:82,0
DA:83,0
DA:88,0
DA:101,0
DA:102,0
DA:106,0
DA:107,0
DA:111,0
DA:112,0
DA:118,0
DA:125,0
DA:126,0
DA:146,0
DA:147,0
DA:150,0
DA:151,0
DA:152,0
DA:156,0
DA:161,0
DA:162,0
DA:163,0
DA:164,0
DA:168,0
DA:173,0
DA:174,0
DA:175,0
DA:176,0
DA:178,0
DA:189,0
DA:190,0
DA:191,0
DA:202,0
DA:203,0
DA:205,0
DA:206,0
LF:60
LH:0
BRDA:23,0,0,0
BRDA:23,0,1,0
BRDA:36,1,0,0
BRDA:36,1,1,0
BRDA:38,2,0,0
BRDA:42,3,0,0
BRDA:46,4,0,0
BRDA:51,5,0,0
BRDA:52,6,0,0
BRDA:52,6,1,0
BRDA:60,7,0,0
BRDA:61,8,0,0
BRDA:61,9,0,0
BRDA:61,9,1,0
BRDA:69,10,0,0
BRDA:69,11,0,0
BRDA:69,11,1,0
BRDA:76,12,0,0
BRDA:76,13,0,0
BRDA:76,13,1,0
BRDA:79,14,0,0
BRDA:82,15,0,0
BRDA:101,16,0,0
BRDA:106,17,0,0
BRDA:111,18,0,0
BRDA:111,19,0,0
BRDA:111,19,1,0
BRDA:150,20,0,0
BRDA:151,21,0,0
BRDA:151,21,1,0
BRDA:161,22,0,0
BRDA:163,23,0,0
BRDA:163,23,1,0
BRDA:163,24,0,0
BRDA:163,24,1,0
BRDA:173,25,0,0
BRDA:174,26,0,0
BRDA:175,27,0,0
BRDA:176,28,0,0
BRDA:202,29,0,0
BRDA:202,29,1,0
BRDA:205,30,0,0
BRDA:205,30,1,0
BRF:43
BRH:0
end_of_record
TN:
SF:src/config/constants.ts
FNF:0
FNH:0
DA:4,0
DA:11,0
DA:12,0
DA:13,0
LF:4
LH:0
BRF:0
BRH:0
end_of_record
TN:
SF:src/intelligence/brief-generator.ts
FN:42,(anonymous_0)
FN:64,(anonymous_1)
FN:102,(anonymous_2)
FN:203,(anonymous_3)
FN:234,(anonymous_4)
FN:276,(anonymous_5)
FN:320,(anonymous_6)
FN:337,(anonymous_7)
FN:367,(anonymous_8)
FN:416,(anonymous_9)
FN:435,(anonymous_10)
FN:473,(anonymous_11)
FN:501,(anonymous_12)
FN:506,(anonymous_13)
FN:511,(anonymous_14)
FN:518,(anonymous_15)
FN:522,(anonymous_16)
FN:533,(anonymous_17)
FN:569,(anonymous_18)
FN:596,(anonymous_19)
FN:631,(anonymous_20)
FN:638,(anonymous_21)
FN:649,(anonymous_22)
FN:676,(anonymous_23)
FN:697,(anonymous_24)
FNF:25
FNH:0
FNDA:0,(anonymous_0)
FNDA:0,(anonymous_1)
FNDA:0,(anonymous_2)
FNDA:0,(anonymous_3)
FNDA:0,(anonymous_4)
FNDA:0,(anonymous_5)
FNDA:0,(anonymous_6)
FNDA:0,(anonymous_7)
FNDA:0,(anonymous_8)
FNDA:0,(anonymous_9)
FNDA:0,(anonymous_10)
FNDA:0,(anonymous_11)
FNDA:0,(anonymous_12)
FNDA:0,(anonymous_13)
FNDA:0,(anonymous_14)
FNDA:0,(anonymous_15)
FNDA:0,(anonymous_16)
FNDA:0,(anonymous_17)
FNDA:0,(anonymous_18)
FNDA:0,(anonymous_19)
FNDA:0,(anonymous_20)
FNDA:0,(anonymous_21)
FNDA:0,(anonymous_22)
FNDA:0,(anonymous_23)
FNDA:0,(anonymous_24)
DA:46,0
DA:47,0
DA:48,0
DA:49,0
DA:52,0
DA:55,0
DA:61,0
DA:66,0
DA:75,0
DA:106,0
DA:112,0
DA:115,0
DA:118,0
DA:119,0
DA:120,0
DA:122,0
DA:133,0
DA:136,0
DA:137,0
DA:139,0
DA:140,0
DA:152,0
DA:153,0
DA:156,0
DA:164,0
DA:165,0
DA:181,0
DA:184,0
DA:204,0
DA:222,0
DA:223,0
DA:225,0
DA:228,0
DA:235,0
DA:239,0
DA:246,0
DA:249,0
DA:250,0
DA:254,0
DA:255,0
DA:270,0
DA:281,0
DA:284,0
DA:286,0
DA:287,0
DA:288,0
DA:289,0
DA:291,0
DA:292,0
DA:293,0
DA:294,0
DA:295,0
DA:297,0
DA:298,0
DA:299,0
DA:300,0
DA:301,0
DA:303,0
DA:304,0
DA:305,0
DA:306,0
DA:308,0
DA:309,0
DA:310,0
DA:314,0
DA:315,0
DA:316,0
DA:318,0
DA:319,0
DA:321,0
DA:324,0
DA:325,0
DA:331,0
DA:338,0
DA:346,0
DA:347,0
DA:348,0
DA:353,0
DA:354,0
DA:357,0
DA:358,0
DA:361,0
DA:371,0
DA:374,0
DA:375,0
DA:376,0
DA:379,0
DA:381,0
DA:382,0
DA:383,0
DA:385,0
DA:386,0
DA:387,0
DA:388,0
DA:390,0
DA:391,0
DA:392,0
DA:394,0
DA:395,0
DA:396,0
DA:400,0
DA:404,0
DA:405,0
DA:406,0
DA:410,0
DA:421,0
DA:424,0
DA:431,0
DA:432,0
DA:435,0
DA:440,0
DA:447,0
DA:454,0
DA:461,0
DA:467,0
DA:478,0
DA:481,0
DA:482,0
DA:498,0
DA:499,0
DA:501,0
DA:505,0
DA:506,0
DA:508,0
DA:509,0
DA:511,0
DA:517,0
DA:518,0
DA:519,0
DA:520,0
DA:522,0
DA:527,0
DA:537,0
DA:540,0
DA:541,0
DA:542,0
DA:543,0
DA:553,0
DA:554,0
DA:563,0
DA:570,0
DA:573,0
DA:574,0
DA:577,0
DA:578,0
DA:579,0
DA:584,0
DA:585,0
DA:586,0
DA:587,0
DA:590,0
DA:597,0
DA:600,0
DA:601,0
DA:608,0
DA:609,0
DA:617,0
DA:618,0
DA:625,0
DA:634,0
DA:638,0
DA:650,0
DA:653,0
DA:661,0
DA:662,0
DA:670,0
DA:682,0
DA:683,0
DA:688,0
DA:690,0
DA:698,0
DA:701,0
DA:702,0
DA:703,0
DA:704,0
DA:708,0
DA:709,0
DA:712,0
LF:178
LH:0
BRDA:50,0,0,0
BRDA:50,0,1,0
BRDA:104,1,0,0
BRDA:108,2,0,0
BRDA:109,3,0,0
BRDA:110,4,0,0
BRDA:111,5,0,0
BRDA:115,6,0,0
BRDA:115,6,1,0
BRDA:118,7,0,0
BRDA:120,8,0,0
BRDA:136,9,0,0
BRDA:152,10,0,0
BRDA:152,10,1,0
BRDA:179,11,0,0
BRDA:179,11,1,0
BRDA:222,12,0,0
BRDA:239,13,0,0
BRDA:239,13,1,0
BRDA:241,14,0,0
BRDA:241,14,1,0
BRDA:243,15,0,0
BRDA:243,15,1,0
BRDA:249,16,0,0
BRDA:254,17,0,0
BRDA:284,18,0,0
BRDA:284,18,1,0
BRDA:284,18,2,0
BRDA:284,18,3,0
BRDA:284,18,4,0
BRDA:314,19,0,0
BRDA:314,20,0,0
BRDA:314,20,1,0
BRDA:316,21,0,0
BRDA:319,22,0,0
BRDA:347,23,0,0
BRDA:353,24,0,0
BRDA:353,24,1,0
BRDA:357,25,0,0
BRDA:379,26,0,0
BRDA:379,26,1,0
BRDA:379,26,2,0
BRDA:379,26,3,0
BRDA:400,27,0,0
BRDA:401,28,0,0
BRDA:401,28,1,0
BRDA:405,29,0,0
BRDA:405,30,0,0
BRDA:405,30,1,0
BRDA:431,31,0,0
BRDA:481,32,0,0
BRDA:498,33,0,0
BRDA:508,34,0,0
BRDA:517,35,0,0
BRDA:519,36,0,0
BRDA:541,37,0,0
BRDA:541,38,0,0
BRDA:541,38,1,0
BRDA:545,39,0,0
BRDA:545,39,1,0
BRDA:553,40,0,0
BRDA:553,41,0,0
BRDA:553,41,1,0
BRDA:578,42,0,0
BRDA:584,43,0,0
BRDA:600,44,0,0
BRDA:608,45,0,0
BRDA:617,46,0,0
BRDA:617,47,0,0
BRDA:617,47,1,0
BRDA:661,48,0,0
BRDA:661,49,0,0
BRDA:661,49,1,0
BRDA:688,50,0,0
BRDA:688,50,1,0
BRDA:703,51,0,0
BRDA:708,52,0,0
BRF:77
BRH:0
end_of_record
TN:
SF:src/intelligence/context-pack-service.ts
FN:79,(anonymous_0)
FN:94,(anonymous_1)
FN:108,(anonymous_2)
FN:138,(anonymous_3)
FN:225,(anonymous_4)
FN:259,(anonymous_5)
FN:265,(anonymous_6)
FN:276,(anonymous_7)
FN:294,(anonymous_8)
FN:311,(anonymous_9)
FN:327,(anonymous_10)
FN:331,(anonymous_11)
FN:338,(anonymous_12)
FN:344,(anonymous_13)
FNF:14
FNH:0
FNDA:0,(anonymous_0)
FNDA:0,(anonymous_1)
FNDA:0,(anonymous_2)
FNDA:0,(anonymous_3)
FNDA:0,(anonymous_4)
FNDA:0,(anonymous_5)
FNDA:0,(anonymous_6)
FNDA:0,(anonymous_7)
FNDA:0,(anonymous_8)
FNDA:0,(anonymous_9)
FNDA:0,(anonymous_10)
FNDA:0,(anonymous_11)
FNDA:0,(anonymous_12)
FNDA:0,(anonymous_13)
DA:80,0
DA:81,0
DA:82,0
DA:83,0
DA:90,0
DA:94,0
DA:97,0
DA:100,0
DA:103,0
DA:104,0
DA:109,0
DA:139,0
DA:140,0
DA:143,0
DA:144,0
DA:145,0
DA:155,0
DA:156,0
DA:157,0
DA:160,0
DA:166,0
DA:169,0
DA:176,0
DA:177,0
DA:178,0
DA:180,0
DA:181,0
DA:182,0
DA:184,0
DA:185,0
DA:186,0
DA:187,0
DA:188,0
DA:191,0
DA:192,0
DA:194,0
DA:197,0
DA:198,0
DA:199,0
DA:201,0
DA:202,0
DA:204,0
DA:207,0
DA:210,0
DA:211,0
DA:213,0
DA:215,0
DA:216,0
DA:217,0
DA:220,0
DA:225,0
DA:234,0
DA:235,0
DA:239,0
DA:240,0
DA:241,0
DA:242,0
DA:245,0
DA:254,0
DA:256,0
DA:262,0
DA:263,0
DA:265,0
DA:278,0
DA:279,0
DA:280,0
DA:282,0
DA:295,0
DA:296,0
DA:298,0
DA:299,0
DA:301,0
DA:308,0
DA:312,0
DA:315,0
DA:316,0
DA:317,0
DA:324,0
DA:328,0
DA:332,0
DA:340,0
DA:342,0
DA:344,0
LF:83
LH:0
BRDA:83,0,0,0
BRDA:91,1,0,0
BRDA:91,1,1,0
BRDA:93,2,0,0
BRDA:93,2,1,0
BRDA:103,3,0,0
BRDA:144,4,0,0
BRDA:155,5,0,0
BRDA:155,5,1,0
BRDA:178,6,0,0
BRDA:186,7,0,0
BRDA:199,8,0,0
BRDA:211,9,0,0
BRDA:211,9,1,0
BRDA:215,10,0,0
BRDA:241,11,0,0
BRDA:263,12,0,0
BRDA:263,12,1,0
BRDA:268,13,0,0
BRDA:268,13,1,0
BRDA:269,14,0,0
BRDA:269,14,1,0
BRDA:270,15,0,0
BRDA:270,15,1,0
BRDA:271,16,0,0
BRDA:271,16,1,0
BRDA:272,17,0,0
BRDA:272,17,1,0
BRDA:283,18,0,0
BRDA:283,18,1,0
BRDA:285,19,0,0
BRDA:285,19,1,0
BRDA:288,20,0,0
BRDA:288,20,1,0
BRDA:289,21,0,0
BRDA:289,21,1,0
BRDA:290,22,0,0
BRDA:290,22,1,0
BRDA:299,23,0,0
BRDA:302,24,0,0
BRDA:302,24,1,0
BRDA:333,25,0,0
BRDA:333,25,1,0
BRDA:334,26,0,0
BRDA:334,26,1,0
BRF:45
BRH:0
end_of_record
TN:
SF:src/intelligence/failure-corpus.ts
FN:27,(anonymous_0)
FN:36,(anonymous_1)
FN:42,(anonymous_2)
FN:45,(anonymous_3)
FN:58,(anonymous_4)
FN:67,(anonymous_5)
FN:101,(anonymous_6)
FN:108,(anonymous_7)
FN:124,(anonymous_8)
FN:126,(anonymous_9)
FN:149,(anonymous_10)
FN:155,(anonymous_11)
FN:157,(anonymous_12)
FNF:13
FNH:0
FNDA:0,(anonymous_0)
FNDA:0,(anonymous_1)
FNDA:0,(anonymous_2)
FNDA:0,(anonymous_3)
FNDA:0,(anonymous_4)
FNDA:0,(anonymous_5)
FNDA:0,(anonymous_6)
FNDA:0,(anonymous_7)
FNDA:0,(anonymous_8)
FNDA:0,(anonymous_9)
FNDA:0,(anonymous_10)
FNDA:0,(anonymous_11)
FNDA:0,(anonymous_12)
DA:24,0
DA:28,0
DA:29,0
DA:37,0
DA:38,0
DA:41,0
DA:42,0
DA:44,0
DA:46,0
DA:47,0
DA:49,0
DA:59,0
DA:61,0
DA:62,0
DA:65,0
DA:66,0
DA:67,0
DA:69,0
DA:70,0
DA:71,0
DA:77,0
DA:78,0
DA:82,0
DA:87,0
DA:88,0
DA:89,0
DA:94,0
DA:95,0
DA:100,0
DA:101,0
DA:109,0
DA:112,0
DA:114,0
DA:115,0
DA:116,0
DA:117,0
DA:119,0
DA:123,0
DA:124,0
DA:125,0
DA:127,0
DA:130,0
DA:131,0
DA:135,0
DA:136,0
DA:143,0
DA:154,0
DA:155,0
DA:157,0
DA:159,0
LF:50
LH:0
BRDA:27,0,0,0
BRDA:37,1,0,0
BRDA:65,2,0,0
BRDA:70,3,0,0
BRDA:78,4,0,0
BRDA:79,5,0,0
BRDA:79,5,1,0
BRDA:88,6,0,0
BRDA:94,7,0,0
BRDA:115,8,0,0
BRDA:115,8,1,0
BRDA:116,9,0,0
BRDA:130,10,0,0
BRDA:130,10,1,0
BRDA:135,11,0,0
BRF:15
BRH:0
end_of_record
TN:
SF:src/intelligence/failure-tracker.js
FN:11,(anonymous_0)
FN:27,(anonymous_1)
FN:35,(anonymous_2)
FN:45,(anonymous_3)
FN:46,(anonymous_4)
FN:63,(anonymous_5)
FN:80,(anonymous_6)
FN:103,(anonymous_7)
FN:104,(anonymous_8)
FN:115,(anonymous_9)
FN:130,(anonymous_10)
FN:150,(anonymous_11)
FN:160,(anonymous_12)
FN:167,(anonymous_13)
FN:177,(anonymous_14)
FN:200,(anonymous_15)
FN:229,(anonymous_16)
FN:234,(anonymous_17)
FN:251,(anonymous_18)
FN:253,(anonymous_19)
FN:263,(anonymous_20)
FN:264,(anonymous_21)
FN:273,(anonymous_22)
FN:275,(anonymous_23)
FNF:24
FNH:0
FNDA:0,(anonymous_0)
FNDA:0,(anonymous_1)
FNDA:0,(anonymous_2)
FNDA:0,(anonymous_3)
FNDA:0,(anonymous_4)
FNDA:0,(anonymous_5)
FNDA:0,(anonymous_6)
FNDA:0,(anonymous_7)
FNDA:0,(anonymous_8)
FNDA:0,(anonymous_9)
FNDA:0,(anonymous_10)
FNDA:0,(anonymous_11)
FNDA:0,(anonymous_12)
FNDA:0,(anonymous_13)
FNDA:0,(anonymous_14)
FNDA:0,(anonymous_15)
FNDA:0,(anonymous_16)
FNDA:0,(anonymous_17)
FNDA:0,(anonymous_18)
FNDA:0,(anonymous_19)
FNDA:0,(anonymous_20)
FNDA:0,(anonymous_21)
FNDA:0,(anonymous_22)
FNDA:0,(anonymous_23)
DA:12,0
DA:13,0
DA:19,0
DA:20,0
DA:21,0
DA:28,0
DA:29,0
DA:37,0
DA:38,0
DA:41,0
DA:42,0
DA:43,0
DA:45,0
DA:46,0
DA:48,0
DA:49,0
DA:50,0
DA:52,0
DA:54,0
DA:56,0
DA:64,0
DA:79,0
DA:80,0
DA:82,0
DA:84,0
DA:85,0
DA:88,0
DA:89,0
DA:92,0
DA:95,0
DA:96,0
DA:104,0
DA:105,0
DA:108,0
DA:109,0
DA:116,0
DA:119,0
DA:131,0
DA:132,0
DA:134,0
DA:135,0
DA:137,0
DA:138,0
DA:150,0
DA:151,0
DA:152,0
DA:153,0
DA:161,0
DA:162,0
DA:165,0
DA:166,0
DA:168,0
DA:171,0
DA:172,0
DA:176,0
DA:177,0
DA:178,0
DA:180,0
DA:181,0
DA:182,0
DA:187,0
DA:188,0
DA:189,0
DA:191,0
DA:194,0
DA:201,0
DA:212,0
DA:213,0
DA:217,0
DA:218,0
DA:219,0
DA:223,0
DA:230,0
DA:232,0
DA:234,0
DA:242,0
DA:243,0
DA:245,0
DA:250,0
DA:251,0
DA:253,0
DA:261,0
DA:262,0
DA:263,0
DA:264,0
DA:267,0
DA:274,0
DA:275,0
DA:277,0
DA:278,0
DA:279,0
DA:280,0
DA:281,0
DA:284,0
LF:94
LH:0
BRDA:11,0,0,0
BRDA:37,1,0,0
BRDA:37,1,1,0
BRDA:37,2,0,0
BRDA:37,2,1,0
BRDA:52,3,0,0
BRDA:52,3,1,0
BRDA:71,4,0,0
BRDA:71,4,1,0
BRDA:72,5,0,0
BRDA:72,5,1,0
BRDA:73,6,0,0
BRDA:73,6,1,0
BRDA:74,7,0,0
BRDA:74,7,1,0
BRDA:82,8,0,0
BRDA:82,8,1,0
BRDA:116,9,0,0
BRDA:116,9,1,0
BRDA:137,10,0,0
BRDA:137,10,1,0
BRDA:144,11,0,0
BRDA:144,11,1,0
BRDA:165,12,0,0
BRDA:165,12,1,0
BRDA:165,13,0,0
BRDA:165,13,1,0
BRDA:168,14,0,0
BRDA:168,14,1,0
BRDA:171,15,0,0
BRDA:171,15,1,0
BRDA:176,16,0,0
BRDA:176,16,1,0
BRDA:176,17,0,0
BRDA:176,17,1,0
BRDA:180,18,0,0
BRDA:180,18,1,0
BRDA:187,19,0,0
BRDA:187,19,1,0
BRDA:187,20,0,0
BRDA:187,20,1,0
BRDA:188,21,0,0
BRDA:188,21,1,0
BRDA:194,22,0,0
BRDA:194,22,1,0
BRDA:212,23,0,0
BRDA:212,23,1,0
BRDA:218,24,0,0
BRDA:218,24,1,0
BRDA:244,25,0,0
BRDA:244,25,1,0
BRDA:246,26,0,0
BRDA:246,26,1,0
BRDA:277,27,0,0
BRDA:277,27,1,0
BRF:55
BRH:0
end_of_record
TN:
SF:src/intelligence/pattern-manager.js
FN:10,(anonymous_0)
FN:19,(anonymous_1)
FN:36,(anonymous_2)
FN:51,(anonymous_3)
FN:68,(anonymous_4)
FN:79,(anonymous_5)
FN:90,(anonymous_6)
FN:97,(anonymous_7)
FN:128,(anonymous_8)
FN:138,(anonymous_9)
FN:151,(anonymous_10)
FN:161,(anonymous_11)
FN:202,(anonymous_12)
FN:208,(anonymous_13)
FN:241,(anonymous_14)
FN:261,(anonymous_15)
FNF:16
FNH:0
FNDA:0,(anonymous_0)
FNDA:0,(anonymous_1)
FNDA:0,(anonymous_2)
FNDA:0,(anonymous_3)
FNDA:0,(anonymous_4)
FNDA:0,(anonymous_5)
FNDA:0,(anonymous_6)
FNDA:0,(anonymous_7)
FNDA:0,(anonymous_8)
FNDA:0,(anonymous_9)
FNDA:0,(anonymous_10)
FNDA:0,(anonymous_11)
FNDA:0,(anonymous_12)
FNDA:0,(anonymous_13)
FNDA:0,(anonymous_14)
FNDA:0,(anonymous_15)
DA:11,0
DA:12,0
DA:13,0
DA:14,0
DA:15,0
DA:16,0
DA:20,0
DA:21,0
DA:22,0
DA:24,0
DA:37,0
DA:38,0
DA:40,0
DA:53,0
DA:56,0
DA:57,0
DA:60,0
DA:62,0
DA:69,0
DA:70,0
DA:71,0
DA:72,0
DA:73,0
DA:80,0
DA:81,0
DA:83,0
DA:91,0
DA:98,0
DA:99,0
DA:102,0
DA:103,0
DA:104,0
DA:107,0
DA:110,0
DA:111,0
DA:113,0
DA:122,0
DA:129,0
DA:130,0
DA:133,0
DA:134,0
DA:136,0
DA:137,0
DA:138,0
DA:139,0
DA:142,0
DA:143,0
DA:151,0
DA:152,0
DA:153,0
DA:154,0
DA:162,0
DA:164,0
DA:165,0
DA:174,0
DA:175,0
DA:176,0
DA:178,0
DA:180,0
DA:182,0
DA:185,0
DA:190,0
DA:191,0
DA:192,0
DA:193,0
DA:194,0
DA:203,0
DA:204,0
DA:207,0
DA:208,0
DA:210,0
DA:213,0
DA:214,0
DA:215,0
DA:216,0
DA:217,0
DA:220,0
DA:228,0
DA:229,0
DA:232,0
DA:233,0
DA:235,0
DA:242,0
DA:245,0
DA:253,0
DA:255,0
DA:262,0
DA:263,0
DA:272,0
DA:273,0
DA:275,0
DA:276,0
DA:278,0
DA:280,0
DA:281,0
DA:288,0
DA:289,0
DA:296,0
DA:298,0
DA:299,0
DA:300,0
DA:305,0
LF:102
LH:0
BRDA:10,0,0,0
BRDA:22,1,0,0
BRDA:22,1,1,0
BRDA:38,2,0,0
BRDA:38,2,1,0
BRDA:56,3,0,0
BRDA:56,3,1,0
BRDA:57,4,0,0
BRDA:57,4,1,0
BRDA:60,5,0,0
BRDA:60,5,1,0
BRDA:69,6,0,0
BRDA:69,6,1,0
BRDA:70,7,0,0
BRDA:70,7,1,0
BRDA:71,8,0,0
BRDA:71,8,1,0
BRDA:72,9,0,0
BRDA:72,9,1,0
BRDA:110,10,0,0
BRDA:110,10,1,0
BRDA:111,11,0,0
BRDA:111,11,1,0
BRDA:142,12,0,0
BRDA:142,12,1,0
BRDA:164,13,0,0
BRDA:164,13,1,0
BRDA:175,14,0,0
BRDA:175,14,1,0
BRDA:185,15,0,0
BRDA:185,15,1,0
BRDA:186,16,0,0
BRDA:186,16,1,0
BRDA:191,17,0,0
BRDA:191,17,1,0
BRDA:210,18,0,0
BRDA:210,18,1,0
BRDA:214,19,0,0
BRDA:214,19,1,0
BRDA:250,20,0,0
BRDA:250,20,1,0
BRDA:275,21,0,0
BRDA:275,21,1,0
BRDA:278,22,0,0
BRDA:278,22,1,0
BRDA:280,23,0,0
BRDA:280,23,1,0
BRDA:280,24,0,0
BRDA:280,24,1,0
BRDA:288,25,0,0
BRDA:288,25,1,0
BRDA:288,26,0,0
BRDA:288,26,1,0
BRDA:296,27,0,0
BRDA:296,27,1,0
BRDA:299,28,0,0
BRDA:299,28,1,0
BRF:57
BRH:0
end_of_record
TN:
SF:src/intelligence/signal-extractor.ts
FN:89,extractEnhancedSignals
FN:165,(anonymous_1)
FN:174,(anonymous_2)
FN:207,(anonymous_3)
FN:210,(anonymous_4)
FN:213,(anonymous_5)
FN:216,(anonymous_6)
FN:227,(anonymous_7)
FN:235,buildQueryFromSignals
FN:242,(anonymous_9)
FN:258,(anonymous_10)
FN:259,(anonymous_11)
FNF:12
FNH:0
FNDA:0,extractEnhancedSignals
FNDA:0,(anonymous_1)
FNDA:0,(anonymous_2)
FNDA:0,(anonymous_3)
FNDA:0,(anonymous_4)
FNDA:0,(anonymous_5)
FNDA:0,(anonymous_6)
FNDA:0,(anonymous_7)
FNDA:0,buildQueryFromSignals
FNDA:0,(anonymous_9)
FNDA:0,(anonymous_10)
FNDA:0,(anonymous_11)
DA:36,0
DA:60,0
DA:81,0
DA:98,0
DA:113,0
DA:114,0
DA:116,0
DA:117,0
DA:118,0
DA:119,0
DA:125,0
DA:126,0
DA:127,0
DA:130,0
DA:131,0
DA:133,0
DA:134,0
DA:135,0
DA:136,0
DA:137,0
DA:144,0
DA:149,0
DA:150,0
DA:151,0
DA:158,0
DA:159,0
DA:162,0
DA:165,0
DA:166,0
DA:171,0
DA:174,0
DA:175,0
DA:180,0
DA:181,0
DA:184,0
DA:189,0
DA:190,0
DA:192,0
DA:196,0
DA:198,0
DA:199,0
DA:200,0
DA:202,0
DA:203,0
DA:207,0
DA:208,0
DA:210,0
DA:211,0
DA:213,0
DA:214,0
DA:216,0
DA:217,0
DA:221,0
DA:227,0
DA:229,0
DA:241,0
DA:242,0
DA:245,0
DA:248,0
DA:249,0
DA:250,0
DA:252,0
DA:253,0
DA:257,0
DA:258,0
DA:259,0
DA:262,0
LF:67
LH:0
BRDA:118,0,0,0
BRDA:118,1,0,0
BRDA:118,1,1,0
BRDA:126,2,0,0
BRDA:126,2,1,0
BRDA:130,3,0,0
BRDA:136,4,0,0
BRDA:136,5,0,0
BRDA:136,5,1,0
BRDA:144,6,0,0
BRDA:144,6,1,0
BRDA:150,7,0,0
BRDA:158,8,0,0
BRDA:165,9,0,0
BRDA:174,10,0,0
BRDA:180,11,0,0
BRDA:189,12,0,0
BRDA:189,13,0,0
BRDA:189,13,1,0
BRDA:192,14,0,0
BRDA:193,15,0,0
BRDA:193,15,1,0
BRDA:198,16,0,0
BRDA:202,17,0,0
BRDA:207,18,0,0
BRDA:210,19,0,0
BRDA:213,20,0,0
BRDA:216,21,0,0
BRDA:249,22,0,0
BRDA:252,23,0,0
BRF:30
BRH:0
end_of_record
TN:
SF:src/intelligence/task-search.ts
FN:30,(anonymous_0)
FN:46,(anonymous_1)
FN:85,(anonymous_2)
FN:114,(anonymous_3)
FN:159,(anonymous_4)
FN:171,(anonymous_5)
FN:220,(anonymous_6)
FN:238,(anonymous_7)
FN:244,(anonymous_8)
FN:253,(anonymous_9)
FN:261,(anonymous_10)
FN:271,(anonymous_11)
FN:297,(anonymous_12)
FN:305,(anonymous_13)
FN:315,(anonymous_14)
FN:323,(anonymous_15)
FN:351,(anonymous_16)
FN:358,(anonymous_17)
FN:365,(anonymous_18)
FN:372,(anonymous_19)
FN:387,(anonymous_20)
FN:405,(anonymous_21)
FNF:22
FNH:0
FNDA:0,(anonymous_0)
FNDA:0,(anonymous_1)
FNDA:0,(anonymous_2)
FNDA:0,(anonymous_3)
FNDA:0,(anonymous_4)
FNDA:0,(anonymous_5)
FNDA:0,(anonymous_6)
FNDA:0,(anonymous_7)
FNDA:0,(anonymous_8)
FNDA:0,(anonymous_9)
FNDA:0,(anonymous_10)
FNDA:0,(anonymous_11)
FNDA:0,(anonymous_12)
FNDA:0,(anonymous_13)
FNDA:0,(anonymous_14)
FNDA:0,(anonymous_15)
FNDA:0,(anonymous_16)
FNDA:0,(anonymous_17)
FNDA:0,(anonymous_18)
FNDA:0,(anonymous_19)
FNDA:0,(anonymous_20)
FNDA:0,(anonymous_21)
DA:31,0
DA:32,0
DA:33,0
DA:34,0
DA:37,0
DA:43,0
DA:47,0
DA:93,0
DA:96,0
DA:97,0
DA:98,0
DA:99,0
DA:100,0
DA:105,0
DA:113,0
DA:114,0
DA:121,0
DA:122,0
DA:126,0
DA:127,0
DA:130,0
DA:131,0
DA:132,0
DA:134,0
DA:135,0
DA:136,0
DA:144,0
DA:148,0
DA:158,0
DA:159,0
DA:163,0
DA:165,0
DA:172,0
DA:173,0
DA:176,0
DA:180,0
DA:183,0
DA:190,0
DA:196,0
DA:199,0
DA:205,0
DA:207,0
DA:214,0
DA:222,0
DA:225,0
DA:227,0
DA:239,0
DA:241,0
DA:242,0
DA:244,0
DA:245,0
DA:247,0
DA:254,0
DA:257,0
DA:258,0
DA:260,0
DA:261,0
DA:263,0
DA:265,0
DA:272,0
DA:274,0
DA:276,0
DA:279,0
DA:280,0
DA:283,0
DA:284,0
DA:287,0
DA:288,0
DA:291,0
DA:298,0
DA:299,0
DA:301,0
DA:304,0
DA:305,0
DA:307,0
DA:308,0
DA:314,0
DA:315,0
DA:317,0
DA:318,0
DA:322,0
DA:323,0
DA:325,0
DA:326,0
DA:332,0
DA:336,0
DA:337,0
DA:341,0
DA:342,0
DA:345,0
DA:352,0
DA:359,0
DA:366,0
DA:374,0
DA:375,0
DA:376,0
DA:381,0
DA:388,0
DA:391,0
DA:392,0
DA:393,0
DA:395,0
DA:397,0
DA:406,0
LF:104
LH:0
BRDA:87,0,0,0
BRDA:93,1,0,0
BRDA:93,2,0,0
BRDA:93,3,0,0
BRDA:97,4,0,0
BRDA:99,5,0,0
BRDA:113,6,0,0
BRDA:117,7,0,0
BRDA:117,7,1,0
BRDA:134,8,0,0
BRDA:144,9,0,0
BRDA:144,9,1,0
BRDA:191,10,0,0
BRDA:191,10,1,0
BRDA:192,11,0,0
BRDA:192,11,1,0
BRDA:196,12,0,0
BRDA:196,12,1,0
BRDA:200,13,0,0
BRDA:200,13,1,0
BRDA:201,14,0,0
BRDA:201,14,1,0
BRDA:225,15,0,0
BRDA:225,15,1,0
BRDA:239,16,0,0
BRDA:239,17,0,0
BRDA:239,17,1,0
BRDA:247,18,0,0
BRDA:247,18,1,0
BRDA:254,19,0,0
BRDA:254,20,0,0
BRDA:254,20,1,0
BRDA:265,21,0,0
BRDA:265,21,1,0
BRDA:280,22,0,0
BRDA:284,23,0,0
BRDA:307,24,0,0
BRDA:317,25,0,0
BRDA:325,26,0,0
BRDA:333,27,0,0
BRDA:333,27,1,0
BRDA:334,28,0,0
BRDA:334,28,1,0
BRDA:336,29,0,0
BRDA:341,30,0,0
BRDA:345,31,0,0
BRDA:345,31,1,0
BRDA:375,32,0,0
BRDA:409,33,0,0
BRDA:409,33,1,0
BRDA:410,34,0,0
BRDA:410,34,1,0
BRDA:411,35,0,0
BRDA:411,35,1,0
BRDA:414,36,0,0
BRDA:414,36,1,0
BRDA:415,37,0,0
BRDA:415,37,1,0
BRDA:416,38,0,0
BRDA:416,38,1,0
BRDA:417,39,0,0
BRDA:417,39,1,0
BRDA:420,40,0,0
BRDA:420,40,1,0
BRDA:423,41,0,0
BRDA:423,41,1,0
BRDA:424,42,0,0
BRDA:424,42,1,0
BRDA:427,43,0,0
BRDA:427,43,1,0
BRDA:430,44,0,0
BRDA:430,44,1,0
BRDA:433,45,0,0
BRDA:433,45,1,0
BRDA:436,46,0,0
BRDA:436,46,1,0
BRDA:437,47,0,0
BRDA:437,47,1,0
BRDA:438,48,0,0
BRDA:438,48,1,0
BRDA:441,49,0,0
BRDA:441,49,1,0
BRF:82
BRH:0
end_of_record
TN:
SF:src/intelligence/task-tagger.ts
FN:38,(anonymous_0)
FN:42,(anonymous_1)
FN:47,(anonymous_2)
FN:52,(anonymous_3)
FN:56,(anonymous_4)
FN:60,(anonymous_5)
FN:64,(anonymous_6)
FN:68,(anonymous_7)
FN:75,(anonymous_8)
FN:90,(anonymous_9)
FN:124,(anonymous_10)
FN:161,(anonymous_11)
FN:212,(anonymous_12)
FNF:13
FNH:0
FNDA:0,(anonymous_0)
FNDA:0,(anonymous_1)
FNDA:0,(anonymous_2)
FNDA:0,(anonymous_3)
FNDA:0,(anonymous_4)
FNDA:0,(anonymous_5)
FNDA:0,(anonymous_6)
FNDA:0,(anonymous_7)
FNDA:0,(anonymous_8)
FNDA:0,(anonymous_9)
FNDA:0,(anonymous_10)
FNDA:0,(anonymous_11)
FNDA:0,(anonymous_12)
DA:12,0
DA:35,0
DA:38,0
DA:43,0
DA:48,0
DA:52,0
DA:56,0
DA:60,0
DA:64,0
DA:68,0
DA:78,0
DA:80,0
DA:91,0
DA:94,0
DA:95,0
DA:96,0
DA:101,0
DA:104,0
DA:105,0
DA:106,0
DA:111,0
DA:112,0
DA:114,0
DA:115,0
DA:118,0
DA:125,0
DA:127,0
DA:128,0
DA:129,0
DA:134,0
DA:136,0
DA:137,0
DA:139,0
DA:143,0
DA:145,0
DA:146,0
DA:148,0
DA:149,0
DA:151,0
DA:152,0
DA:155,0
DA:162,0
DA:164,0
DA:166,0
DA:169,0
DA:170,0
DA:172,0
DA:173,0
DA:175,0
DA:176,0
DA:178,0
DA:179,0
DA:181,0
DA:182,0
DA:184,0
DA:185,0
DA:187,0
DA:188,0
DA:190,0
DA:191,0
DA:193,0
DA:194,0
DA:198,0
DA:199,0
DA:201,0
DA:202,0
DA:206,0
DA:213,0
DA:215,0
DA:216,0
DA:218,0
DA:219,0
DA:220,0
DA:221,0
DA:226,0
DA:227,0
LF:76
LH:0
BRDA:78,0,0,0
BRDA:78,0,1,0
BRDA:78,1,0,0
BRDA:78,1,1,0
BRDA:78,2,0,0
BRDA:78,2,1,0
BRDA:83,3,0,0
BRDA:83,3,1,0
BRDA:95,4,0,0
BRDA:105,5,0,0
BRDA:128,6,0,0
BRDA:136,7,0,0
BRDA:139,8,0,0
BRDA:140,9,0,0
BRDA:140,9,1,0
BRDA:145,10,0,0
BRDA:148,11,0,0
BRDA:151,12,0,0
BRDA:169,13,0,0
BRDA:169,14,0,0
BRDA:169,14,1,0
BRDA:172,15,0,0
BRDA:172,16,0,0
BRDA:172,16,1,0
BRDA:175,17,0,0
BRDA:175,18,0,0
BRDA:175,18,1,0
BRDA:178,19,0,0
BRDA:178,20,0,0
BRDA:178,20,1,0
BRDA:181,21,0,0
BRDA:181,22,0,0
BRDA:181,22,1,0
BRDA:184,23,0,0
BRDA:184,24,0,0
BRDA:184,24,1,0
BRDA:187,25,0,0
BRDA:187,26,0,0
BRDA:187,26,1,0
BRDA:190,27,0,0
BRDA:193,28,0,0
BRDA:199,29,0,0
BRDA:213,30,0,0
BRDA:213,31,0,0
BRDA:213,31,1,0
BRDA:220,32,0,0
BRDA:227,33,0,0
BRDA:227,33,1,0
BRF:48
BRH:0
end_of_record
TN:
SF:src/intelligence/trust-calculator.js
FN:11,(anonymous_0)
FN:36,(anonymous_1)
FN:77,(anonymous_2)
FN:89,(anonymous_3)
FN:108,(anonymous_4)
FN:119,(anonymous_5)
FN:138,(anonymous_6)
FN:157,(anonymous_7)
FN:179,(anonymous_8)
FN:196,(anonymous_9)
FN:206,(anonymous_10)
FN:234,(anonymous_11)
FN:244,(anonymous_12)
FN:254,(anonymous_13)
FNF:14
FNH:0
FNDA:0,(anonymous_0)
FNDA:0,(anonymous_1)
FNDA:0,(anonymous_2)
FNDA:0,(anonymous_3)
FNDA:0,(anonymous_4)
FNDA:0,(anonymous_5)
FNDA:0,(anonymous_6)
FNDA:0,(anonymous_7)
FNDA:0,(anonymous_8)
FNDA:0,(anonymous_9)
FNDA:0,(anonymous_10)
FNDA:0,(anonymous_11)
FNDA:0,(anonymous_12)
FNDA:0,(anonymous_13)
DA:12,0
DA:23,0
DA:24,0
DA:25,0
DA:37,0
DA:40,0
DA:41,0
DA:42,0
DA:45,0
DA:46,0
DA:48,0
DA:50,0
DA:53,0
DA:57,0
DA:58,0
DA:59,0
DA:62,0
DA:66,0
DA:67,0
DA:70,0
DA:78,0
DA:81,0
DA:82,0
DA:90,0
DA:93,0
DA:95,0
DA:96,0
DA:97,0
DA:98,0
DA:101,0
DA:102,0
DA:109,0
DA:110,0
DA:111,0
DA:112,0
DA:113,0
DA:120,0
DA:122,0
DA:124,0
DA:132,0
DA:139,0
DA:140,0
DA:142,0
DA:158,0
DA:165,0
DA:180,0
DA:181,0
DA:183,0
DA:184,0
DA:185,0
DA:186,0
DA:187,0
DA:190,0
DA:197,0
DA:198,0
DA:200,0
DA:207,0
DA:208,0
DA:216,0
DA:217,0
DA:218,0
DA:222,0
DA:223,0
DA:235,0
DA:236,0
DA:238,0
DA:245,0
DA:246,0
DA:248,0
DA:255,0
DA:256,0
DA:264,0
DA:265,0
DA:266,0
DA:267,0
DA:269,0
LF:76
LH:0
BRDA:11,0,0,0
BRDA:23,1,0,0
BRDA:23,1,1,0
BRDA:37,2,0,0
BRDA:37,2,1,0
BRDA:37,3,0,0
BRDA:37,3,1,0
BRDA:40,4,0,0
BRDA:40,4,1,0
BRDA:40,5,0,0
BRDA:40,5,1,0
BRDA:45,6,0,0
BRDA:45,6,1,0
BRDA:45,7,0,0
BRDA:45,7,1,0
BRDA:66,8,0,0
BRDA:66,8,1,0
BRDA:78,9,0,0
BRDA:78,9,1,0
BRDA:90,10,0,0
BRDA:90,10,1,0
BRDA:95,11,0,0
BRDA:95,11,1,0
BRDA:96,12,0,0
BRDA:96,12,1,0
BRDA:97,13,0,0
BRDA:97,13,1,0
BRDA:98,14,0,0
BRDA:98,14,1,0
BRDA:109,15,0,0
BRDA:109,15,1,0
BRDA:110,16,0,0
BRDA:110,16,1,0
BRDA:111,17,0,0
BRDA:111,17,1,0
BRDA:112,18,0,0
BRDA:112,18,1,0
BRDA:122,19,0,0
BRDA:122,19,1,0
BRDA:144,20,0,0
BRDA:144,20,1,0
BRDA:146,21,0,0
BRDA:146,21,1,0
BRDA:148,22,0,0
BRDA:148,22,1,0
BRDA:183,23,0,0
BRDA:183,23,1,0
BRDA:190,24,0,0
BRDA:190,24,1,0
BRDA:197,25,0,0
BRDA:197,25,1,0
BRDA:207,26,0,0
BRDA:207,26,1,0
BRDA:207,27,0,0
BRDA:207,27,1,0
BRDA:216,28,0,0
BRDA:216,28,1,0
BRDA:235,29,0,0
BRDA:235,29,1,0
BRDA:245,30,0,0
BRDA:245,30,1,0
BRDA:255,31,0,0
BRDA:255,31,1,0
BRDA:255,32,0,0
BRDA:255,32,1,0
BRF:65
BRH:0
end_of_record
TN:
SF:src/mcp/errors.ts
FN:32,(anonymous_0)
FN:42,(anonymous_1)
FN:55,(anonymous_2)
FN:62,(anonymous_3)
FN:69,(anonymous_4)
FN:76,(anonymous_5)
FN:83,(anonymous_6)
FN:90,(anonymous_7)
FN:101,(anonymous_8)
FN:112,(anonymous_9)
FN:123,(anonymous_10)
FN:134,(anonymous_11)
FN:143,isErrorResponse
FN:157,toMCPError
FNF:14
FNH:0
FNDA:0,(anonymous_0)
FNDA:0,(anonymous_1)
FNDA:0,(anonymous_2)
FNDA:0,(anonymous_3)
FNDA:0,(anonymous_4)
FNDA:0,(anonymous_5)
FNDA:0,(anonymous_6)
FNDA:0,(anonymous_7)
FNDA:0,(anonymous_8)
FNDA:0,(anonymous_9)
FNDA:0,(anonymous_10)
FNDA:0,(anonymous_11)
FNDA:0,isErrorResponse
FNDA:0,toMCPError
DA:7,0
DA:33,0
DA:34,0
DA:35,0
DA:36,0
DA:43,0
DA:56,0
DA:57,0
DA:63,0
DA:64,0
DA:70,0
DA:71,0
DA:77,0
DA:78,0
DA:84,0
DA:85,0
DA:91,0
DA:96,0
DA:102,0
DA:107,0
DA:113,0
DA:118,0
DA:124,0
DA:129,0
DA:135,0
DA:136,0
DA:146,0
DA:158,0
DA:159,0
DA:162,0
DA:163,0
DA:166,0
LF:32
LH:0
BRDA:55,0,0,0
BRDA:62,1,0,0
BRDA:76,2,0,0
BRDA:83,3,0,0
BRDA:134,4,0,0
BRDA:147,5,0,0
BRDA:147,5,1,0
BRDA:147,5,2,0
BRDA:147,5,3,0
BRDA:158,6,0,0
BRDA:162,7,0,0
BRF:11
BRH:0
end_of_record
TN:
SF:src/mcp/index.ts
FN:23,startMCPServer
FN:32,(anonymous_1)
FN:38,(anonymous_2)
FN:55,(anonymous_3)
FNF:4
FNH:0
FNDA:0,startMCPServer
FNDA:0,(anonymous_1)
FNDA:0,(anonymous_2)
FNDA:0,(anonymous_3)
DA:24,0
DA:26,0
DA:32,0
DA:33,0
DA:34,0
DA:35,0
DA:38,0
DA:39,0
DA:40,0
DA:41,0
DA:45,0
DA:46,0
DA:48,0
DA:49,0
DA:54,0
DA:55,0
DA:56,0
DA:57,0
LF:18
LH:0
BRDA:54,0,0,0
BRF:1
BRH:0
end_of_record
TN:
SF:src/mcp/server.ts
FN:36,(anonymous_0)
FN:68,(anonymous_1)
FN:93,(anonymous_2)
FN:95,(anonymous_3)
FN:104,(anonymous_4)
FN:125,(anonymous_5)
FN:176,(anonymous_6)
FN:190,(anonymous_7)
FN:213,(anonymous_8)
FN:223,(anonymous_9)
FN:230,(anonymous_10)
FNF:11
FNH:0
FNDA:0,(anonymous_0)
FNDA:0,(anonymous_1)
FNDA:0,(anonymous_2)
FNDA:0,(anonymous_3)
FNDA:0,(anonymous_4)
FNDA:0,(anonymous_5)
FNDA:0,(anonymous_6)
FNDA:0,(anonymous_7)
FNDA:0,(anonymous_8)
FNDA:0,(anonymous_9)
FNDA:0,(anonymous_10)
DA:41,0
DA:44,0
DA:59,0
DA:62,0
DA:69,0
DA:71,0
DA:72,0
DA:75,0
DA:78,0
DA:79,0
DA:82,0
DA:83,0
DA:84,0
DA:86,0
DA:95,0
DA:96,0
DA:97,0
DA:100,0
DA:102,0
DA:104,0
DA:119,0
DA:123,0
DA:126,0
DA:127,0
DA:130,0
DA:131,0
DA:132,0
DA:144,0
DA:145,0
DA:146,0
DA:149,0
DA:150,0
DA:153,0
DA:154,0
DA:155,0
DA:157,0
DA:160,0
DA:170,0
DA:176,0
DA:177,0
DA:178,0
DA:182,0
DA:192,0
DA:195,0
DA:196,0
DA:197,0
DA:199,0
DA:200,0
DA:203,0
DA:204,0
DA:205,0
DA:207,0
DA:214,0
DA:215,0
DA:217,0
DA:224,0
DA:231,0
LF:57
LH:0
BRDA:36,0,0,0
BRDA:38,1,0,0
BRDA:39,2,0,0
BRDA:40,3,0,0
BRDA:71,4,0,0
BRDA:71,4,1,0
BRDA:130,5,0,0
BRDA:145,6,0,0
BRDA:154,7,0,0
BRDA:154,7,1,0
BRDA:164,8,0,0
BRDA:164,8,1,0
BRDA:214,9,0,0
BRF:13
BRH:0
end_of_record
TN:
SF:src/mcp/resources/index.ts
FN:25,(anonymous_0)
FN:43,(anonymous_1)
FN:54,(anonymous_2)
FN:73,(anonymous_3)
FN:83,(anonymous_4)
FN:87,(anonymous_5)
FN:96,(anonymous_6)
FN:103,(anonymous_7)
FN:110,(anonymous_8)
FN:120,(anonymous_9)
FN:130,(anonymous_10)
FN:143,(anonymous_11)
FN:155,(anonymous_12)
FN:170,(anonymous_13)
FNF:14
FNH:0
FNDA:0,(anonymous_0)
FNDA:0,(anonymous_1)
FNDA:0,(anonymous_2)
FNDA:0,(anonymous_3)
FNDA:0,(anonymous_4)
FNDA:0,(anonymous_5)
FNDA:0,(anonymous_6)
FNDA:0,(anonymous_7)
FNDA:0,(anonymous_8)
FNDA:0,(anonymous_9)
FNDA:0,(anonymous_10)
FNDA:0,(anonymous_11)
FNDA:0,(anonymous_12)
FNDA:0,(anonymous_13)
DA:20,0
DA:31,0
DA:32,0
DA:35,0
DA:36,0
DA:37,0
DA:44,0
DA:45,0
DA:46,0
DA:48,0
DA:55,0
DA:58,0
DA:60,0
DA:66,0
DA:67,0
DA:74,0
DA:75,0
DA:77,0
DA:84,0
DA:86,0
DA:87,0
DA:90,0
DA:97,0
DA:104,0
DA:111,0
DA:112,0
DA:113,0
DA:117,0
DA:121,0
DA:122,0
DA:123,0
DA:127,0
DA:131,0
DA:132,0
DA:133,0
DA:137,0
DA:149,0
DA:161,0
DA:176,0
LF:39
LH:0
BRDA:31,0,0,0
BRDA:45,1,0,0
BRDA:74,2,0,0
BRDA:86,3,0,0
BRDA:112,4,0,0
BRDA:122,5,0,0
BRDA:132,6,0,0
BRF:7
BRH:0
end_of_record
TN:
SF:src/mcp/resources/metrics.ts
FN:12,getMetricsResource
FN:24,readMetricsResource
FN:46,(anonymous_2)
FNF:3
FNH:0
FNDA:0,getMetricsResource
FNDA:0,readMetricsResource
FNDA:0,(anonymous_2)
DA:13,0
DA:25,0
DA:26,0
DA:29,0
DA:32,0
DA:46,0
DA:58,0
LF:7
LH:0
BRDA:25,0,0,0
BRDA:37,1,0,0
BRDA:37,1,1,0
BRDA:44,2,0,0
BRDA:44,2,1,0
BRF:5
BRH:0
end_of_record
TN:
SF:src/mcp/resources/types.ts
FN:59,isFileResource
FN:63,isPatternResource
FN:69,isBriefResource
FN:76,createResource
FNF:4
FNH:0
FNDA:0,isFileResource
FNDA:0,isPatternResource
FNDA:0,isBriefResource
FNDA:0,createResource
DA:60,0
DA:66,0
DA:70,0
DA:82,0
DA:83,0
LF:5
LH:0
BRF:0
BRH:0
end_of_record
TN:
SF:src/mcp/tools/context.ts
FN:47,(anonymous_0)
FN:52,(anonymous_1)
FN:58,(anonymous_2)
FNF:3
FNH:0
FNDA:0,(anonymous_0)
FNDA:0,(anonymous_1)
FNDA:0,(anonymous_2)
DA:15,0
DA:47,0
DA:54,0
DA:55,0
DA:56,0
DA:58,0
DA:63,0
DA:66,0
DA:75,0
DA:77,0
DA:85,0
LF:11
LH:0
BRDA:55,0,0,0
BRF:1
BRH:0
end_of_record
TN:
SF:src/mcp/tools/discover.ts
FN:90,(anonymous_0)
FN:95,(anonymous_1)
FN:97,(anonymous_2)
FN:117,(anonymous_3)
FN:130,(anonymous_4)
FN:147,(anonymous_5)
FN:201,(anonymous_6)
FN:208,(anonymous_7)
FN:209,(anonymous_8)
FN:255,(anonymous_9)
FN:260,(anonymous_10)
FN:272,(anonymous_11)
FN:273,(anonymous_12)
FN:274,(anonymous_13)
FN:302,(anonymous_14)
FN:312,(anonymous_15)
FN:347,(anonymous_16)
FN:363,(anonymous_17)
FN:394,(anonymous_18)
FNF:19
FNH:0
FNDA:0,(anonymous_0)
FNDA:0,(anonymous_1)
FNDA:0,(anonymous_2)
FNDA:0,(anonymous_3)
FNDA:0,(anonymous_4)
FNDA:0,(anonymous_5)
FNDA:0,(anonymous_6)
FNDA:0,(anonymous_7)
FNDA:0,(anonymous_8)
FNDA:0,(anonymous_9)
FNDA:0,(anonymous_10)
FNDA:0,(anonymous_11)
FNDA:0,(anonymous_12)
FNDA:0,(anonymous_13)
FNDA:0,(anonymous_14)
FNDA:0,(anonymous_15)
FNDA:0,(anonymous_16)
FNDA:0,(anonymous_17)
FNDA:0,(anonymous_18)
DA:35,0
DA:86,0
DA:91,0
DA:92,0
DA:96,0
DA:97,0
DA:99,0
DA:100,0
DA:103,0
DA:104,0
DA:118,0
DA:119,0
DA:120,0
DA:121,0
DA:125,0
DA:126,0
DA:127,0
DA:131,0
DA:132,0
DA:134,0
DA:136,0
DA:137,0
DA:144,0
DA:145,0
DA:146,0
DA:147,0
DA:149,0
DA:152,0
DA:155,0
DA:156,0
DA:158,0
DA:159,0
DA:160,0
DA:169,0
DA:176,0
DA:185,0
DA:200,0
DA:201,0
DA:203,0
DA:205,0
DA:207,0
DA:208,0
DA:210,0
DA:220,0
DA:222,0
DA:223,0
DA:228,0
DA:238,0
DA:242,0
DA:243,0
DA:255,0
DA:256,0
DA:259,0
DA:260,0
DA:262,0
DA:266,0
DA:267,0
DA:268,0
DA:269,0
DA:271,0
DA:272,0
DA:273,0
DA:274,0
DA:275,0
DA:277,0
DA:281,0
DA:284,0
DA:302,0
DA:310,0
DA:311,0
DA:312,0
DA:313,0
DA:316,0
DA:333,0
DA:335,0
DA:336,0
DA:338,0
DA:340,0
DA:342,0
DA:343,0
DA:354,0
DA:360,0
DA:371,0
DA:374,0
DA:375,0
DA:376,0
DA:377,0
DA:380,0
DA:386,0
DA:387,0
DA:388,0
DA:391,0
DA:395,0
DA:402,0
DA:403,0
DA:404,0
LF:96
LH:0
BRDA:90,0,0,0
BRDA:90,1,0,0
BRDA:99,2,0,0
BRDA:136,3,0,0
BRDA:145,4,0,0
BRDA:158,5,0,0
BRDA:205,6,0,0
BRDA:208,7,0,0
BRDA:208,7,1,0
BRDA:222,8,0,0
BRDA:231,9,0,0
BRDA:231,9,1,0
BRDA:242,10,0,0
BRDA:242,11,0,0
BRDA:242,11,1,0
BRDA:269,12,0,0
BRDA:271,13,0,0
BRDA:271,14,0,0
BRDA:271,14,1,0
BRDA:274,15,0,0
BRDA:305,16,0,0
BRDA:305,16,1,0
BRDA:311,17,0,0
BRDA:320,18,0,0
BRDA:320,18,1,0
BRDA:333,19,0,0
BRDA:336,20,0,0
BRDA:342,21,0,0
BRDA:342,21,1,0
BRDA:375,22,0,0
BRDA:377,23,0,0
BRDA:387,24,0,0
BRDA:387,25,0,0
BRDA:387,25,1,0
BRDA:397,26,0,0
BRDA:397,26,1,0
BRDA:398,27,0,0
BRDA:398,27,1,0
BRF:38
BRH:0
end_of_record
TN:
SF:src/mcp/tools/explain.ts
FN:108,(anonymous_0)
FN:115,(anonymous_1)
FN:127,(anonymous_2)
FN:138,(anonymous_3)
FN:151,(anonymous_4)
FN:262,(anonymous_5)
FN:279,(anonymous_6)
FN:312,(anonymous_7)
FN:326,(anonymous_8)
FN:327,(anonymous_9)
FN:328,(anonymous_10)
FN:334,(anonymous_11)
FN:337,(anonymous_12)
FN:343,(anonymous_13)
FN:345,(anonymous_14)
FN:351,(anonymous_15)
FN:355,(anonymous_16)
FN:372,(anonymous_17)
FN:376,(anonymous_18)
FN:385,(anonymous_19)
FN:388,(anonymous_20)
FN:466,(anonymous_21)
FN:475,(anonymous_22)
FN:482,(anonymous_23)
FN:496,(anonymous_24)
FN:503,(anonymous_25)
FN:520,(anonymous_26)
FN:536,(anonymous_27)
FN:545,(anonymous_28)
FN:554,(anonymous_29)
FN:563,(anonymous_30)
FN:573,(anonymous_31)
FN:586,(anonymous_32)
FN:614,(anonymous_33)
FN:621,(anonymous_34)
FN:632,(anonymous_35)
FN:639,(anonymous_36)
FN:650,(anonymous_37)
FN:655,(anonymous_38)
FN:668,(anonymous_39)
FN:677,(anonymous_40)
FNF:41
FNH:0
FNDA:0,(anonymous_0)
FNDA:0,(anonymous_1)
FNDA:0,(anonymous_2)
FNDA:0,(anonymous_3)
FNDA:0,(anonymous_4)
FNDA:0,(anonymous_5)
FNDA:0,(anonymous_6)
FNDA:0,(anonymous_7)
FNDA:0,(anonymous_8)
FNDA:0,(anonymous_9)
FNDA:0,(anonymous_10)
FNDA:0,(anonymous_11)
FNDA:0,(anonymous_12)
FNDA:0,(anonymous_13)
FNDA:0,(anonymous_14)
FNDA:0,(anonymous_15)
FNDA:0,(anonymous_16)
FNDA:0,(anonymous_17)
FNDA:0,(anonymous_18)
FNDA:0,(anonymous_19)
FNDA:0,(anonymous_20)
FNDA:0,(anonymous_21)
FNDA:0,(anonymous_22)
FNDA:0,(anonymous_23)
FNDA:0,(anonymous_24)
FNDA:0,(anonymous_25)
FNDA:0,(anonymous_26)
FNDA:0,(anonymous_27)
FNDA:0,(anonymous_28)
FNDA:0,(anonymous_29)
FNDA:0,(anonymous_30)
FNDA:0,(anonymous_31)
FNDA:0,(anonymous_32)
FNDA:0,(anonymous_33)
FNDA:0,(anonymous_34)
FNDA:0,(anonymous_35)
FNDA:0,(anonymous_36)
FNDA:0,(anonymous_37)
FNDA:0,(anonymous_38)
FNDA:0,(anonymous_39)
FNDA:0,(anonymous_40)
DA:29,0
DA:105,0
DA:106,0
DA:109,0
DA:116,0
DA:117,0
DA:119,0
DA:120,0
DA:121,0
DA:124,0
DA:128,0
DA:139,0
DA:142,0
DA:143,0
DA:145,0
DA:148,0
DA:152,0
DA:153,0
DA:155,0
DA:157,0
DA:160,0
DA:161,0
DA:162,0
DA:163,0
DA:164,0
DA:172,0
DA:175,0
DA:176,0
DA:183,0
DA:184,0
DA:185,0
DA:188,0
DA:198,0
DA:201,0
DA:215,0
DA:218,0
DA:226,0
DA:240,0
DA:244,0
DA:248,0
DA:249,0
DA:253,0
DA:254,0
DA:256,0
DA:258,0
DA:260,0
DA:261,0
DA:262,0
DA:266,0
DA:270,0
DA:273,0
DA:281,0
DA:284,0
DA:285,0
DA:286,0
DA:287,0
DA:290,0
DA:296,0
DA:297,0
DA:298,0
DA:299,0
DA:300,0
DA:301,0
DA:305,0
DA:326,0
DA:327,0
DA:328,0
DA:331,0
DA:334,0
DA:335,0
DA:336,0
DA:337,0
DA:342,0
DA:343,0
DA:345,0
DA:346,0
DA:350,0
DA:351,0
DA:353,0
DA:354,0
DA:355,0
DA:366,0
DA:368,0
DA:371,0
DA:372,0
DA:374,0
DA:377,0
DA:382,0
DA:384,0
DA:385,0
DA:387,0
DA:388,0
DA:391,0
DA:400,0
DA:403,0
DA:409,0
DA:410,0
DA:419,0
DA:420,0
DA:423,0
DA:424,0
DA:429,0
DA:430,0
DA:437,0
DA:438,0
DA:439,0
DA:440,0
DA:441,0
DA:442,0
DA:446,0
DA:457,0
DA:470,0
DA:471,0
DA:475,0
DA:476,0
DA:477,0
DA:482,0
DA:484,0
DA:485,0
DA:487,0
DA:488,0
DA:490,0
DA:493,0
DA:497,0
DA:500,0
DA:501,0
DA:502,0
DA:503,0
DA:504,0
DA:505,0
DA:517,0
DA:522,0
DA:530,0
DA:533,0
DA:537,0
DA:538,0
DA:539,0
DA:540,0
DA:541,0
DA:547,0
DA:550,0
DA:551,0
DA:556,0
DA:559,0
DA:560,0
DA:565,0
DA:568,0
DA:569,0
DA:575,0
DA:577,0
DA:579,0
DA:580,0
DA:582,0
DA:591,0
DA:592,0
DA:595,0
DA:604,0
DA:611,0
DA:612,0
DA:613,0
DA:614,0
DA:616,0
DA:617,0
DA:619,0
DA:620,0
DA:621,0
DA:623,0
DA:624,0
DA:630,0
DA:631,0
DA:632,0
DA:633,0
DA:635,0
DA:636,0
DA:638,0
DA:639,0
DA:640,0
DA:642,0
DA:643,0
DA:649,0
DA:650,0
DA:652,0
DA:653,0
DA:654,0
DA:655,0
DA:657,0
DA:658,0
DA:664,0
DA:673,0
DA:676,0
DA:677,0
DA:680,0
DA:681,0
DA:682,0
DA:683,0
DA:684,0
DA:685,0
DA:686,0
DA:690,0
DA:691,0
DA:695,0
DA:696,0
DA:698,0
DA:699,0
DA:702,0
LF:205
LH:0
BRDA:117,0,0,0
BRDA:119,1,0,0
BRDA:162,2,0,0
BRDA:162,3,0,0
BRDA:162,3,1,0
BRDA:175,4,0,0
BRDA:230,5,0,0
BRDA:230,5,1,0
BRDA:240,6,0,0
BRDA:241,7,0,0
BRDA:241,7,1,0
BRDA:248,8,0,0
BRDA:254,9,0,0
BRDA:260,10,0,0
BRDA:266,11,0,0
BRDA:267,12,0,0
BRDA:267,12,1,0
BRDA:274,13,0,0
BRDA:274,13,1,0
BRDA:281,14,0,0
BRDA:281,14,1,0
BRDA:284,15,0,0
BRDA:284,15,1,0
BRDA:285,16,0,0
BRDA:285,16,1,0
BRDA:287,17,0,0
BRDA:287,17,1,0
BRDA:290,18,0,0
BRDA:290,18,1,0
BRDA:297,19,0,0
BRDA:298,20,0,0
BRDA:298,20,1,0
BRDA:300,21,0,0
BRDA:335,22,0,0
BRDA:353,23,0,0
BRDA:366,24,0,0
BRDA:366,25,0,0
BRDA:366,25,1,0
BRDA:375,26,0,0
BRDA:375,26,1,0
BRDA:382,27,0,0
BRDA:394,28,0,0
BRDA:394,28,1,0
BRDA:409,29,0,0
BRDA:409,30,0,0
BRDA:409,30,1,0
BRDA:419,31,0,0
BRDA:423,32,0,0
BRDA:429,33,0,0
BRDA:437,34,0,0
BRDA:437,34,1,0
BRDA:439,35,0,0
BRDA:439,35,1,0
BRDA:441,36,0,0
BRDA:449,37,0,0
BRDA:449,37,1,0
BRDA:451,38,0,0
BRDA:451,38,1,0
BRDA:453,39,0,0
BRDA:453,39,1,0
BRDA:454,40,0,0
BRDA:454,40,1,0
BRDA:470,41,0,0
BRDA:470,42,0,0
BRDA:470,42,1,0
BRDA:476,43,0,0
BRDA:477,44,0,0
BRDA:477,44,1,0
BRDA:484,45,0,0
BRDA:484,46,0,0
BRDA:484,46,1,0
BRDA:487,47,0,0
BRDA:487,48,0,0
BRDA:487,48,1,0
BRDA:493,49,0,0
BRDA:493,49,1,0
BRDA:502,50,0,0
BRDA:502,51,0,0
BRDA:502,51,1,0
BRDA:504,52,0,0
BRDA:506,53,0,0
BRDA:506,53,1,0
BRDA:508,54,0,0
BRDA:508,54,1,0
BRDA:522,55,0,0
BRDA:522,55,1,0
BRDA:530,56,0,0
BRDA:530,56,1,0
BRDA:537,57,0,0
BRDA:538,58,0,0
BRDA:539,59,0,0
BRDA:540,60,0,0
BRDA:551,61,0,0
BRDA:551,61,1,0
BRDA:560,62,0,0
BRDA:560,62,1,0
BRDA:569,63,0,0
BRDA:569,63,1,0
BRDA:579,64,0,0
BRDA:612,65,0,0
BRDA:612,65,1,0
BRDA:614,66,0,0
BRDA:614,66,1,0
BRDA:616,67,0,0
BRDA:619,68,0,0
BRDA:621,69,0,0
BRDA:621,69,1,0
BRDA:623,70,0,0
BRDA:631,71,0,0
BRDA:631,71,1,0
BRDA:635,72,0,0
BRDA:638,73,0,0
BRDA:642,74,0,0
BRDA:652,75,0,0
BRDA:652,76,0,0
BRDA:652,76,1,0
BRDA:654,77,0,0
BRDA:655,78,0,0
BRDA:655,78,1,0
BRDA:657,79,0,0
BRDA:677,80,0,0
BRDA:677,80,1,0
BRDA:680,81,0,0
BRDA:680,81,1,0
BRDA:680,82,0,0
BRDA:680,82,1,0
BRDA:682,83,0,0
BRDA:682,83,1,0
BRDA:682,84,0,0
BRDA:682,84,1,0
BRDA:684,85,0,0
BRDA:684,85,1,0
BRDA:686,86,0,0
BRDA:686,86,1,0
BRDA:687,87,0,0
BRDA:687,87,1,0
BRDA:691,88,0,0
BRDA:691,88,1,0
BRDA:692,89,0,0
BRDA:692,89,1,0
BRDA:696,90,0,0
BRF:141
BRH:0
end_of_record
TN:
SF:src/mcp/tools/index.ts
FN:35,initializeTools
FN:66,registerTools
FN:67,(anonymous_2)
FN:329,getToolsList
FNF:4
FNH:0
FNDA:0,initializeTools
FNDA:0,registerTools
FNDA:0,(anonymous_2)
FNDA:0,getToolsList
DA:24,0
DA:25,0
DA:26,0
DA:27,0
DA:28,0
DA:29,0
DA:30,0
DA:39,0
DA:40,0
DA:43,0
DA:45,0
DA:49,0
DA:50,0
DA:53,0
DA:54,0
DA:56,0
DA:59,0
DA:60,0
DA:67,0
DA:68,0
DA:70,0
DA:71,0
DA:73,0
DA:83,0
DA:84,0
DA:88,0
DA:90,0
DA:100,0
DA:101,0
DA:104,0
DA:106,0
DA:116,0
DA:117,0
DA:120,0
DA:122,0
DA:132,0
DA:133,0
DA:136,0
DA:138,0
DA:149,0
DA:150,0
DA:152,0
DA:153,0
DA:163,0
DA:164,0
DA:166,0
DA:167,0
DA:177,0
DA:178,0
DA:180,0
DA:181,0
DA:191,0
DA:192,0
DA:194,0
DA:195,0
DA:205,0
DA:206,0
DA:208,0
DA:209,0
DA:219,0
DA:220,0
DA:222,0
DA:223,0
DA:233,0
DA:234,0
DA:236,0
DA:237,0
DA:247,0
DA:248,0
DA:250,0
DA:251,0
DA:261,0
DA:262,0
DA:264,0
DA:265,0
DA:275,0
DA:276,0
DA:278,0
DA:279,0
DA:289,0
DA:290,0
DA:292,0
DA:293,0
DA:303,0
DA:304,0
DA:306,0
DA:307,0
DA:317,0
DA:320,0
DA:330,0
LF:90
LH:0
BRDA:43,0,0,0
BRDA:43,0,1,0
BRDA:71,1,0,0
BRDA:71,1,1,0
BRDA:71,1,2,0
BRDA:71,1,3,0
BRDA:71,1,4,0
BRDA:71,1,5,0
BRDA:71,1,6,0
BRDA:71,1,7,0
BRDA:71,1,8,0
BRDA:71,1,9,0
BRDA:71,1,10,0
BRDA:71,1,11,0
BRDA:71,1,12,0
BRDA:71,1,13,0
BRDA:71,1,14,0
BRDA:71,1,15,0
BRDA:71,1,16,0
BRDA:71,1,17,0
BRDA:77,2,0,0
BRDA:77,2,1,0
BRDA:83,3,0,0
BRDA:100,4,0,0
BRDA:116,5,0,0
BRDA:132,6,0,0
BRDA:149,7,0,0
BRDA:163,8,0,0
BRDA:177,9,0,0
BRDA:191,10,0,0
BRDA:205,11,0,0
BRDA:219,12,0,0
BRDA:233,13,0,0
BRDA:247,14,0,0
BRDA:261,15,0,0
BRDA:275,16,0,0
BRDA:289,17,0,0
BRDA:303,18,0,0
BRF:38
BRH:0
end_of_record
TN:
SF:src/mcp/tools/lookup.ts
FN:112,(anonymous_0)
FN:117,(anonymous_1)
FN:121,(anonymous_2)
FN:140,(anonymous_3)
FN:168,(anonymous_4)
FN:186,(anonymous_5)
FN:230,(anonymous_6)
FN:242,(anonymous_7)
FN:258,(anonymous_8)
FN:288,(anonymous_9)
FN:381,(anonymous_10)
FNF:11
FNH:0
FNDA:0,(anonymous_0)
FNDA:0,(anonymous_1)
FNDA:0,(anonymous_2)
FNDA:0,(anonymous_3)
FNDA:0,(anonymous_4)
FNDA:0,(anonymous_5)
FNDA:0,(anonymous_6)
FNDA:0,(anonymous_7)
FNDA:0,(anonymous_8)
FNDA:0,(anonymous_9)
FNDA:0,(anonymous_10)
DA:24,0
DA:108,0
DA:113,0
DA:114,0
DA:118,0
DA:121,0
DA:124,0
DA:125,0
DA:129,0
DA:130,0
DA:141,0
DA:142,0
DA:145,0
DA:153,0
DA:156,0
DA:159,0
DA:162,0
DA:169,0
DA:170,0
DA:172,0
DA:174,0
DA:175,0
DA:182,0
DA:183,0
DA:184,0
DA:185,0
DA:186,0
DA:188,0
DA:191,0
DA:192,0
DA:195,0
DA:196,0
DA:198,0
DA:199,0
DA:200,0
DA:201,0
DA:203,0
DA:211,0
DA:214,0
DA:230,0
DA:242,0
DA:253,0
DA:256,0
DA:258,0
DA:269,0
DA:271,0
DA:281,0
DA:282,0
DA:283,0
DA:284,0
DA:288,0
DA:311,0
DA:312,0
DA:313,0
DA:315,0
DA:316,0
DA:317,0
DA:318,0
DA:322,0
DA:332,0
DA:334,0
DA:335,0
DA:338,0
DA:345,0
DA:350,0
DA:352,0
DA:353,0
DA:356,0
DA:361,0
DA:365,0
DA:368,0
DA:370,0
DA:371,0
DA:374,0
DA:382,0
LF:75
LH:0
BRDA:112,0,0,0
BRDA:112,1,0,0
BRDA:124,2,0,0
BRDA:146,3,0,0
BRDA:146,3,1,0
BRDA:149,4,0,0
BRDA:149,4,1,0
BRDA:156,5,0,0
BRDA:156,5,1,0
BRDA:159,6,0,0
BRDA:159,6,1,0
BRDA:174,7,0,0
BRDA:183,8,0,0
BRDA:198,9,0,0
BRDA:215,10,0,0
BRDA:215,10,1,0
BRDA:221,11,0,0
BRDA:221,11,1,0
BRDA:223,12,0,0
BRDA:223,12,1,0
BRDA:224,13,0,0
BRDA:224,13,1,0
BRDA:229,14,0,0
BRDA:229,14,1,0
BRDA:231,15,0,0
BRDA:231,15,1,0
BRDA:232,16,0,0
BRDA:232,16,1,0
BRDA:239,17,0,0
BRDA:239,17,1,0
BRDA:242,18,0,0
BRDA:242,18,1,0
BRDA:243,19,0,0
BRDA:243,19,1,0
BRDA:244,20,0,0
BRDA:244,20,1,0
BRDA:245,21,0,0
BRDA:245,21,1,0
BRDA:247,22,0,0
BRDA:247,22,1,0
BRDA:260,23,0,0
BRDA:260,23,1,0
BRDA:264,24,0,0
BRDA:264,24,1,0
BRDA:282,25,0,0
BRDA:282,25,1,0
BRDA:292,26,0,0
BRDA:292,26,1,0
BRDA:293,27,0,0
BRDA:293,27,1,0
BRDA:294,28,0,0
BRDA:294,28,1,0
BRDA:297,29,0,0
BRDA:297,29,1,0
BRDA:316,30,0,0
BRDA:316,30,1,0
BRDA:356,31,0,0
BRDA:357,32,0,0
BRDA:357,32,1,0
BRDA:357,32,2,0
BRDA:368,33,0,0
BRF:61
BRH:0
end_of_record
TN:
SF:src/mcp/tools/metrics.ts
FN:35,(anonymous_0)
FN:66,(anonymous_1)
FN:82,(anonymous_2)
FN:89,(anonymous_3)
FN:96,(anonymous_4)
FN:103,(anonymous_5)
FN:110,(anonymous_6)
FN:121,(anonymous_7)
FN:132,(anonymous_8)
FN:147,(anonymous_9)
FNF:10
FNH:0
FNDA:0,(anonymous_0)
FNDA:0,(anonymous_1)
FNDA:0,(anonymous_2)
FNDA:0,(anonymous_3)
FNDA:0,(anonymous_4)
FNDA:0,(anonymous_5)
FNDA:0,(anonymous_6)
FNDA:0,(anonymous_7)
FNDA:0,(anonymous_8)
FNDA:0,(anonymous_9)
DA:36,0
DA:67,0
DA:70,0
DA:71,0
DA:72,0
DA:73,0
DA:74,0
DA:75,0
DA:76,0
DA:83,0
DA:90,0
DA:97,0
DA:104,0
DA:111,0
DA:114,0
DA:115,0
DA:120,0
DA:121,0
DA:123,0
DA:124,0
DA:134,0
DA:138,0
DA:148,0
DA:177,0
LF:24
LH:0
BRDA:70,0,0,0
BRDA:71,1,0,0
BRDA:72,2,0,0
BRDA:73,3,0,0
BRDA:74,4,0,0
BRDA:76,5,0,0
BRDA:114,6,0,0
BRDA:123,7,0,0
BRDA:134,8,0,0
BRDA:134,8,1,0
BRF:10
BRH:0
end_of_record
TN:
SF:src/mcp/tools/reflect.ts
FN:58,(anonymous_0)
FN:72,(anonymous_1)
FN:76,(anonymous_2)
FN:80,(anonymous_3)
FN:84,(anonymous_4)
FN:88,(anonymous_5)
FN:116,(anonymous_6)
FN:129,(anonymous_7)
FN:141,(anonymous_8)
FN:146,(anonymous_9)
FN:168,(anonymous_10)
FN:173,(anonymous_11)
FN:193,(anonymous_12)
FN:220,(anonymous_13)
FN:225,(anonymous_14)
FN:254,(anonymous_15)
FN:259,(anonymous_16)
FN:312,(anonymous_17)
FN:352,(anonymous_18)
FN:367,(anonymous_19)
FN:381,(anonymous_20)
FN:397,(anonymous_21)
FN:423,(anonymous_22)
FN:424,(anonymous_23)
FN:477,(anonymous_24)
FN:548,(anonymous_25)
FN:586,(anonymous_26)
FN:679,(anonymous_27)
FN:706,(anonymous_28)
FN:763,(anonymous_29)
FN:772,(anonymous_30)
FN:777,(anonymous_31)
FN:904,(anonymous_32)
FN:924,(anonymous_33)
FN:941,(anonymous_34)
FN:954,(anonymous_35)
FN:961,(anonymous_36)
FN:968,(anonymous_37)
FNF:38
FNH:0
FNDA:0,(anonymous_0)
FNDA:0,(anonymous_1)
FNDA:0,(anonymous_2)
FNDA:0,(anonymous_3)
FNDA:0,(anonymous_4)
FNDA:0,(anonymous_5)
FNDA:0,(anonymous_6)
FNDA:0,(anonymous_7)
FNDA:0,(anonymous_8)
FNDA:0,(anonymous_9)
FNDA:0,(anonymous_10)
FNDA:0,(anonymous_11)
FNDA:0,(anonymous_12)
FNDA:0,(anonymous_13)
FNDA:0,(anonymous_14)
FNDA:0,(anonymous_15)
FNDA:0,(anonymous_16)
FNDA:0,(anonymous_17)
FNDA:0,(anonymous_18)
FNDA:0,(anonymous_19)
FNDA:0,(anonymous_20)
FNDA:0,(anonymous_21)
FNDA:0,(anonymous_22)
FNDA:0,(anonymous_23)
FNDA:0,(anonymous_24)
FNDA:0,(anonymous_25)
FNDA:0,(anonymous_26)
FNDA:0,(anonymous_27)
FNDA:0,(anonymous_28)
FNDA:0,(anonymous_29)
FNDA:0,(anonymous_30)
FNDA:0,(anonymous_31)
FNDA:0,(anonymous_32)
FNDA:0,(anonymous_33)
FNDA:0,(anonymous_34)
FNDA:0,(anonymous_35)
FNDA:0,(anonymous_36)
FNDA:0,(anonymous_37)
DA:48,0
DA:59,0
DA:60,0
DA:61,0
DA:63,0
DA:67,0
DA:68,0
DA:73,0
DA:77,0
DA:81,0
DA:85,0
DA:105,0
DA:118,0
DA:121,0
DA:122,0
DA:123,0
DA:124,0
DA:126,0
DA:135,0
DA:142,0
DA:145,0
DA:146,0
DA:147,0
DA:151,0
DA:152,0
DA:153,0
DA:157,0
DA:158,0
DA:159,0
DA:169,0
DA:172,0
DA:173,0
DA:174,0
DA:178,0
DA:179,0
DA:181,0
DA:190,0
DA:191,0
DA:193,0
DA:194,0
DA:195,0
DA:196,0
DA:204,0
DA:210,0
DA:211,0
DA:212,0
DA:221,0
DA:224,0
DA:225,0
DA:226,0
DA:230,0
DA:231,0
DA:232,0
DA:236,0
DA:237,0
DA:238,0
DA:255,0
DA:258,0
DA:259,0
DA:260,0
DA:264,0
DA:265,0
DA:268,0
DA:270,0
DA:271,0
DA:273,0
DA:274,0
DA:279,0
DA:280,0
DA:283,0
DA:285,0
DA:286,0
DA:288,0
DA:289,0
DA:294,0
DA:295,0
DA:296,0
DA:321,0
DA:324,0
DA:325,0
DA:326,0
DA:329,0
DA:330,0
DA:333,0
DA:334,0
DA:337,0
DA:343,0
DA:346,0
DA:353,0
DA:354,0
DA:356,0
DA:358,0
DA:359,0
DA:362,0
DA:363,0
DA:366,0
DA:367,0
DA:370,0
DA:371,0
DA:378,0
DA:379,0
DA:380,0
DA:381,0
DA:382,0
DA:385,0
DA:389,0
DA:390,0
DA:393,0
DA:395,0
DA:396,0
DA:397,0
DA:400,0
DA:401,0
DA:405,0
DA:412,0
DA:415,0
DA:418,0
DA:422,0
DA:423,0
DA:424,0
DA:431,0
DA:434,0
DA:442,0
DA:443,0
DA:444,0
DA:455,0
DA:457,0
DA:459,0
DA:461,0
DA:463,0
DA:467,0
DA:470,0
DA:481,0
DA:484,0
DA:487,0
DA:488,0
DA:489,0
DA:500,0
DA:501,0
DA:503,0
DA:504,0
DA:507,0
DA:508,0
DA:509,0
DA:514,0
DA:519,0
DA:520,0
DA:521,0
DA:522,0
DA:523,0
DA:529,0
DA:530,0
DA:542,0
DA:546,0
DA:548,0
DA:550,0
DA:552,0
DA:554,0
DA:564,0
DA:565,0
DA:572,0
DA:573,0
DA:577,0
DA:585,0
DA:586,0
DA:588,0
DA:590,0
DA:598,0
DA:604,0
DA:605,0
DA:606,0
DA:610,0
DA:611,0
DA:615,0
DA:616,0
DA:617,0
DA:621,0
DA:626,0
DA:627,0
DA:635,0
DA:636,0
DA:640,0
DA:641,0
DA:644,0
DA:652,0
DA:655,0
DA:656,0
DA:657,0
DA:661,0
DA:664,0
DA:679,0
DA:715,0
DA:717,0
DA:719,0
DA:720,0
DA:721,0
DA:725,0
DA:726,0
DA:728,0
DA:729,0
DA:732,0
DA:738,0
DA:744,0
DA:746,0
DA:755,0
DA:765,0
DA:767,0
DA:769,0
DA:772,0
DA:787,0
DA:789,0
DA:791,0
DA:794,0
DA:795,0
DA:798,0
DA:800,0
DA:802,0
DA:803,0
DA:809,0
DA:810,0
DA:819,0
DA:820,0
DA:824,0
DA:828,0
DA:834,0
DA:836,0
DA:839,0
DA:843,0
DA:849,0
DA:850,0
DA:851,0
DA:854,0
DA:855,0
DA:860,0
DA:864,0
DA:868,0
DA:869,0
DA:871,0
DA:872,0
DA:875,0
DA:881,0
DA:887,0
DA:889,0
DA:898,0
DA:908,0
DA:932,0
DA:941,0
DA:955,0
DA:962,0
DA:969,0
DA:970,0
LF:251
LH:0
BRDA:60,0,0,0
BRDA:60,0,1,0
BRDA:142,1,0,0
BRDA:142,2,0,0
BRDA:142,2,1,0
BRDA:145,3,0,0
BRDA:151,4,0,0
BRDA:158,5,0,0
BRDA:169,6,0,0
BRDA:169,7,0,0
BRDA:169,7,1,0
BRDA:172,8,0,0
BRDA:178,9,0,0
BRDA:179,10,0,0
BRDA:179,10,1,0
BRDA:191,11,0,0
BRDA:194,12,0,0
BRDA:211,13,0,0
BRDA:211,14,0,0
BRDA:211,14,1,0
BRDA:221,15,0,0
BRDA:221,16,0,0
BRDA:221,16,1,0
BRDA:224,17,0,0
BRDA:230,18,0,0
BRDA:230,19,0,0
BRDA:230,19,1,0
BRDA:237,20,0,0
BRDA:255,21,0,0
BRDA:255,22,0,0
BRDA:255,22,1,0
BRDA:258,23,0,0
BRDA:264,24,0,0
BRDA:264,25,0,0
BRDA:264,25,1,0
BRDA:268,26,0,0
BRDA:279,27,0,0
BRDA:279,28,0,0
BRDA:279,28,1,0
BRDA:283,29,0,0
BRDA:295,30,0,0
BRDA:343,31,0,0
BRDA:343,31,1,0
BRDA:370,32,0,0
BRDA:379,33,0,0
BRDA:385,34,0,0
BRDA:386,35,0,0
BRDA:386,35,1,0
BRDA:400,36,0,0
BRDA:418,37,0,0
BRDA:418,38,0,0
BRDA:418,38,1,0
BRDA:442,39,0,0
BRDA:463,40,0,0
BRDA:464,41,0,0
BRDA:464,41,1,0
BRDA:488,42,0,0
BRDA:488,43,0,0
BRDA:488,43,1,0
BRDA:500,44,0,0
BRDA:500,44,1,0
BRDA:501,45,0,0
BRDA:501,45,1,0
BRDA:508,46,0,0
BRDA:508,47,0,0
BRDA:508,47,1,0
BRDA:508,47,2,0
BRDA:519,48,0,0
BRDA:522,49,0,0
BRDA:525,50,0,0
BRDA:525,50,1,0
BRDA:526,51,0,0
BRDA:526,51,1,0
BRDA:529,52,0,0
BRDA:532,53,0,0
BRDA:532,53,1,0
BRDA:533,54,0,0
BRDA:533,54,1,0
BRDA:552,55,0,0
BRDA:552,56,0,0
BRDA:552,56,1,0
BRDA:564,57,0,0
BRDA:588,58,0,0
BRDA:590,59,0,0
BRDA:590,59,1,0
BRDA:596,60,0,0
BRDA:596,60,1,0
BRDA:604,61,0,0
BRDA:615,62,0,0
BRDA:655,63,0,0
BRDA:656,64,0,0
BRDA:656,64,1,0
BRDA:657,65,0,0
BRDA:657,65,1,0
BRDA:669,66,0,0
BRDA:669,66,1,0
BRDA:670,67,0,0
BRDA:670,67,1,0
BRDA:671,68,0,0
BRDA:671,68,1,0
BRDA:672,69,0,0
BRDA:672,69,1,0
BRDA:673,70,0,0
BRDA:673,70,1,0
BRDA:675,71,0,0
BRDA:675,71,1,0
BRDA:676,72,0,0
BRDA:676,72,1,0
BRDA:678,73,0,0
BRDA:678,73,1,0
BRDA:683,74,0,0
BRDA:683,74,1,0
BRDA:720,75,0,0
BRDA:725,76,0,0
BRDA:725,76,1,0
BRDA:726,77,0,0
BRDA:726,77,1,0
BRDA:767,78,0,0
BRDA:767,78,1,0
BRDA:795,79,0,0
BRDA:812,80,0,0
BRDA:812,80,1,0
BRDA:819,81,0,0
BRDA:830,82,0,0
BRDA:830,82,1,0
BRDA:834,83,0,0
BRDA:850,84,0,0
BRDA:868,85,0,0
BRDA:868,85,1,0
BRDA:869,86,0,0
BRDA:869,86,1,0
BRDA:934,87,0,0
BRDA:934,87,1,0
BRDA:936,88,0,0
BRDA:936,88,1,0
BRDA:936,88,2,0
BRDA:937,89,0,0
BRDA:937,89,1,0
BRDA:937,89,2,0
BRDA:969,90,0,0
BRF:140
BRH:0
end_of_record
TN:
SF:src/mcp/tools/request-cache.ts
FN:27,(anonymous_0)
FN:36,(anonymous_1)
FN:49,(anonymous_2)
FN:69,(anonymous_3)
FN:86,(anonymous_4)
FN:110,(anonymous_5)
FN:130,(anonymous_6)
FN:137,(anonymous_7)
FN:152,(anonymous_8)
FNF:9
FNH:0
FNDA:0,(anonymous_0)
FNDA:0,(anonymous_1)
FNDA:0,(anonymous_2)
FNDA:0,(anonymous_3)
FNDA:0,(anonymous_4)
FNDA:0,(anonymous_5)
FNDA:0,(anonymous_6)
FNDA:0,(anonymous_7)
FNDA:0,(anonymous_8)
DA:28,0
DA:29,0
DA:30,0
DA:38,0
DA:41,0
DA:42,0
DA:43,0
DA:50,0
DA:53,0
DA:55,0
DA:56,0
DA:58,0
DA:60,0
DA:63,0
DA:65,0
DA:66,0
DA:68,0
DA:69,0
DA:71,0
DA:73,0
DA:76,0
DA:80,0
DA:87,0
DA:89,0
DA:90,0
DA:94,0
DA:95,0
DA:96,0
DA:97,0
DA:101,0
DA:112,0
DA:114,0
DA:115,0
DA:116,0
DA:121,0
DA:131,0
DA:142,0
DA:153,0
DA:154,0
DA:156,0
DA:157,0
DA:158,0
DA:159,0
DA:163,0
LF:44
LH:0
BRDA:27,0,0,0
BRDA:29,1,0,0
BRDA:29,1,1,0
BRDA:30,2,0,0
BRDA:30,2,1,0
BRDA:58,3,0,0
BRDA:58,4,0,0
BRDA:58,4,1,0
BRDA:63,5,0,0
BRDA:63,5,1,0
BRDA:66,6,0,0
BRDA:66,6,1,0
BRDA:69,7,0,0
BRDA:69,7,1,0
BRDA:71,8,0,0
BRDA:71,8,1,0
BRDA:89,9,0,0
BRDA:95,10,0,0
BRDA:112,11,0,0
BRDA:115,12,0,0
BRDA:157,13,0,0
BRF:21
BRH:0
end_of_record
TN:
SF:src/mcp/tools/signal-extractor.ts
FN:127,normalizeLanguage
FN:135,extractLanguageFromPath
FN:144,parseFramework
FN:159,extractFromErrors
FN:209,extractRepoInfo
FN:237,extractSignals
FN:380,(anonymous_6)
FN:421,toRankingSignals
FNF:8
FNH:0
FNDA:0,normalizeLanguage
FNDA:0,extractLanguageFromPath
FNDA:0,parseFramework
FNDA:0,extractFromErrors
FNDA:0,extractRepoInfo
FNDA:0,extractSignals
FNDA:0,(anonymous_6)
FNDA:0,toRankingSignals
DA:10,0
DA:67,0
DA:78,0
DA:128,0
DA:129,0
DA:136,0
DA:137,0
DA:146,0
DA:147,0
DA:148,0
DA:153,0
DA:164,0
DA:165,0
DA:166,0
DA:168,0
DA:170,0
DA:171,0
DA:172,0
DA:173,0
DA:176,0
DA:177,0
DA:178,0
DA:182,0
DA:183,0
DA:184,0
DA:187,0
DA:188,0
DA:189,0
DA:193,0
DA:194,0
DA:195,0
DA:199,0
DA:210,0
DA:214,0
DA:215,0
DA:216,0
DA:223,0
DA:224,0
DA:225,0
DA:231,0
DA:282,0
DA:289,0
DA:292,0
DA:293,0
DA:294,0
DA:299,0
DA:300,0
DA:301,0
DA:302,0
DA:303,0
DA:306,0
DA:310,0
DA:311,0
DA:312,0
DA:316,0
DA:317,0
DA:318,0
DA:320,0
DA:321,0
DA:322,0
DA:323,0
DA:325,0
DA:326,0
DA:327,0
DA:332,0
DA:333,0
DA:334,0
DA:335,0
DA:337,0
DA:338,0
DA:339,0
DA:341,0
DA:342,0
DA:343,0
DA:344,0
DA:345,0
DA:346,0
DA:347,0
DA:354,0
DA:355,0
DA:362,0
DA:363,0
DA:364,0
DA:365,0
DA:366,0
DA:367,0
DA:368,0
DA:369,0
DA:371,0
DA:372,0
DA:373,0
DA:377,0
DA:378,0
DA:379,0
DA:380,0
DA:387,0
DA:388,0
DA:392,0
DA:393,0
DA:394,0
DA:395,0
DA:396,0
DA:397,0
DA:398,0
DA:399,0
DA:400,0
DA:403,0
DA:404,0
DA:408,0
DA:409,0
DA:410,0
DA:413,0
DA:415,0
DA:422,0
LF:114
LH:0
BRDA:129,0,0,0
BRDA:129,0,1,0
BRDA:137,1,0,0
BRDA:137,1,1,0
BRDA:147,2,0,0
BRDA:171,3,0,0
BRDA:173,4,0,0
BRDA:177,5,0,0
BRDA:183,6,0,0
BRDA:183,7,0,0
BRDA:183,7,1,0
BRDA:188,8,0,0
BRDA:188,9,0,0
BRDA:188,9,1,0
BRDA:210,10,0,0
BRDA:215,11,0,0
BRDA:224,12,0,0
BRDA:292,13,0,0
BRDA:292,13,1,0
BRDA:293,14,0,0
BRDA:299,15,0,0
BRDA:299,15,1,0
BRDA:300,16,0,0
BRDA:302,17,0,0
BRDA:310,18,0,0
BRDA:310,18,1,0
BRDA:311,19,0,0
BRDA:316,20,0,0
BRDA:316,20,1,0
BRDA:316,21,0,0
BRDA:316,21,1,0
BRDA:322,22,0,0
BRDA:326,23,0,0
BRDA:326,24,0,0
BRDA:326,24,1,0
BRDA:335,25,0,0
BRDA:335,26,0,0
BRDA:335,26,1,0
BRDA:338,27,0,0
BRDA:341,28,0,0
BRDA:346,29,0,0
BRDA:346,30,0,0
BRDA:346,30,1,0
BRDA:354,31,0,0
BRDA:362,32,0,0
BRDA:363,33,0,0
BRDA:365,34,0,0
BRDA:367,35,0,0
BRDA:371,36,0,0
BRDA:377,37,0,0
BRDA:378,38,0,0
BRDA:387,39,0,0
BRDA:392,40,0,0
BRDA:393,41,0,0
BRDA:395,42,0,0
BRDA:397,43,0,0
BRDA:399,44,0,0
BRDA:403,45,0,0
BRDA:409,46,0,0
BRDA:410,47,0,0
BRF:60
BRH:0
end_of_record
TN:
SF:src/mcp/tools/task.ts
FN:52,(anonymous_0)
FN:61,(anonymous_1)
FN:67,(anonymous_2)
FN:126,(anonymous_3)
FN:131,(anonymous_4)
FN:157,(anonymous_5)
FN:163,(anonymous_6)
FN:193,(anonymous_7)
FN:207,(anonymous_8)
FN:212,(anonymous_9)
FN:253,(anonymous_10)
FN:259,(anonymous_11)
FN:296,(anonymous_12)
FN:302,(anonymous_13)
FN:341,(anonymous_14)
FN:359,(anonymous_15)
FN:363,(anonymous_16)
FN:374,(anonymous_17)
FN:406,(anonymous_18)
FN:415,(anonymous_19)
FN:435,(anonymous_20)
FN:441,(anonymous_21)
FN:442,(anonymous_22)
FN:461,(anonymous_23)
FN:475,(anonymous_24)
FN:514,(anonymous_25)
FN:550,(anonymous_26)
FN:595,(anonymous_27)
FN:601,(anonymous_28)
FN:648,(anonymous_29)
FN:658,(anonymous_30)
FN:710,(anonymous_31)
FN:722,(anonymous_32)
FN:767,(anonymous_33)
FN:773,(anonymous_34)
FN:802,(anonymous_35)
FNF:36
FNH:0
FNDA:0,(anonymous_0)
FNDA:0,(anonymous_1)
FNDA:0,(anonymous_2)
FNDA:0,(anonymous_3)
FNDA:0,(anonymous_4)
FNDA:0,(anonymous_5)
FNDA:0,(anonymous_6)
FNDA:0,(anonymous_7)
FNDA:0,(anonymous_8)
FNDA:0,(anonymous_9)
FNDA:0,(anonymous_10)
FNDA:0,(anonymous_11)
FNDA:0,(anonymous_12)
FNDA:0,(anonymous_13)
FNDA:0,(anonymous_14)
FNDA:0,(anonymous_15)
FNDA:0,(anonymous_16)
FNDA:0,(anonymous_17)
FNDA:0,(anonymous_18)
FNDA:0,(anonymous_19)
FNDA:0,(anonymous_20)
FNDA:0,(anonymous_21)
FNDA:0,(anonymous_22)
FNDA:0,(anonymous_23)
FNDA:0,(anonymous_24)
FNDA:0,(anonymous_25)
FNDA:0,(anonymous_26)
FNDA:0,(anonymous_27)
FNDA:0,(anonymous_28)
FNDA:0,(anonymous_29)
FNDA:0,(anonymous_30)
FNDA:0,(anonymous_31)
FNDA:0,(anonymous_32)
FNDA:0,(anonymous_33)
FNDA:0,(anonymous_34)
FNDA:0,(anonymous_35)
DA:53,0
DA:54,0
DA:63,0
DA:64,0
DA:65,0
DA:67,0
DA:72,0
DA:74,0
DA:76,0
DA:79,0
DA:89,0
DA:90,0
DA:91,0
DA:94,0
DA:96,0
DA:104,0
DA:111,0
DA:116,0
DA:128,0
DA:129,0
DA:130,0
DA:131,0
DA:135,0
DA:137,0
DA:140,0
DA:141,0
DA:145,0
DA:147,0
DA:159,0
DA:160,0
DA:161,0
DA:163,0
DA:168,0
DA:170,0
DA:172,0
DA:173,0
DA:174,0
DA:175,0
DA:176,0
DA:178,0
DA:181,0
DA:183,0
DA:194,0
DA:195,0
DA:197,0
DA:209,0
DA:210,0
DA:211,0
DA:212,0
DA:216,0
DA:218,0
DA:219,0
DA:221,0
DA:222,0
DA:223,0
DA:224,0
DA:225,0
DA:226,0
DA:232,0
DA:233,0
DA:234,0
DA:235,0
DA:236,0
DA:237,0
DA:241,0
DA:243,0
DA:255,0
DA:256,0
DA:257,0
DA:259,0
DA:264,0
DA:266,0
DA:268,0
DA:269,0
DA:270,0
DA:273,0
DA:274,0
DA:275,0
DA:277,0
DA:278,0
DA:279,0
DA:282,0
DA:284,0
DA:298,0
DA:299,0
DA:300,0
DA:302,0
DA:307,0
DA:309,0
DA:310,0
DA:311,0
DA:312,0
DA:317,0
DA:321,0
DA:329,0
DA:331,0
DA:346,0
DA:352,0
DA:359,0
DA:363,0
DA:375,0
DA:378,0
DA:380,0
DA:390,0
DA:391,0
DA:400,0
DA:409,0
DA:416,0
DA:419,0
DA:420,0
DA:429,0
DA:436,0
DA:437,0
DA:440,0
DA:441,0
DA:442,0
DA:463,0
DA:466,0
DA:475,0
DA:478,0
DA:481,0
DA:484,0
DA:486,0
DA:515,0
DA:517,0
DA:519,0
DA:520,0
DA:521,0
DA:522,0
DA:524,0
DA:525,0
DA:526,0
DA:527,0
DA:529,0
DA:530,0
DA:531,0
DA:532,0
DA:534,0
DA:535,0
DA:536,0
DA:537,0
DA:539,0
DA:540,0
DA:541,0
DA:544,0
DA:554,0
DA:557,0
DA:563,0
DA:569,0
DA:575,0
DA:581,0
DA:586,0
DA:597,0
DA:598,0
DA:599,0
DA:601,0
DA:606,0
DA:608,0
DA:610,0
DA:611,0
DA:612,0
DA:616,0
DA:621,0
DA:622,0
DA:626,0
DA:631,0
DA:633,0
DA:634,0
DA:636,0
DA:650,0
DA:654,0
DA:655,0
DA:656,0
DA:658,0
DA:663,0
DA:665,0
DA:667,0
DA:668,0
DA:669,0
DA:673,0
DA:677,0
DA:679,0
DA:686,0
DA:687,0
DA:688,0
DA:689,0
DA:693,0
DA:695,0
DA:696,0
DA:698,0
DA:712,0
DA:718,0
DA:719,0
DA:720,0
DA:722,0
DA:727,0
DA:729,0
DA:731,0
DA:732,0
DA:733,0
DA:737,0
DA:742,0
DA:743,0
DA:744,0
DA:745,0
DA:749,0
DA:751,0
DA:752,0
DA:754,0
DA:769,0
DA:770,0
DA:771,0
DA:773,0
DA:778,0
DA:780,0
DA:781,0
DA:782,0
DA:786,0
DA:787,0
DA:789,0
DA:790,0
DA:791,0
DA:795,0
DA:798,0
DA:799,0
DA:802,0
DA:811,0
LF:227
LH:0
BRDA:64,0,0,0
BRDA:90,1,0,0
BRDA:90,2,0,0
BRDA:90,2,1,0
BRDA:94,3,0,0
BRDA:118,4,0,0
BRDA:118,4,1,0
BRDA:129,5,0,0
BRDA:140,6,0,0
BRDA:149,7,0,0
BRDA:149,7,1,0
BRDA:160,8,0,0
BRDA:173,9,0,0
BRDA:175,10,0,0
BRDA:185,11,0,0
BRDA:185,11,1,0
BRDA:199,12,0,0
BRDA:199,12,1,0
BRDA:210,13,0,0
BRDA:221,14,0,0
BRDA:222,15,0,0
BRDA:224,16,0,0
BRDA:225,17,0,0
BRDA:232,18,0,0
BRDA:234,19,0,0
BRDA:235,20,0,0
BRDA:235,20,1,0
BRDA:236,21,0,0
BRDA:236,21,1,0
BRDA:245,22,0,0
BRDA:245,22,1,0
BRDA:256,23,0,0
BRDA:269,24,0,0
BRDA:273,25,0,0
BRDA:273,25,1,0
BRDA:274,26,0,0
BRDA:274,26,1,0
BRDA:278,27,0,0
BRDA:286,28,0,0
BRDA:286,28,1,0
BRDA:299,29,0,0
BRDA:311,30,0,0
BRDA:333,31,0,0
BRDA:333,31,1,0
BRDA:359,32,0,0
BRDA:359,32,1,0
BRDA:363,33,0,0
BRDA:363,33,1,0
BRDA:365,34,0,0
BRDA:365,34,1,0
BRDA:378,35,0,0
BRDA:378,36,0,0
BRDA:378,36,1,0
BRDA:390,37,0,0
BRDA:419,38,0,0
BRDA:419,39,0,0
BRDA:419,39,1,0
BRDA:436,40,0,0
BRDA:436,41,0,0
BRDA:436,41,1,0
BRDA:441,42,0,0
BRDA:441,42,1,0
BRDA:475,43,0,0
BRDA:475,43,1,0
BRDA:478,44,0,0
BRDA:478,44,1,0
BRDA:517,45,0,0
BRDA:517,45,1,0
BRDA:517,45,2,0
BRDA:517,45,3,0
BRDA:517,45,4,0
BRDA:598,46,0,0
BRDA:611,47,0,0
BRDA:616,48,0,0
BRDA:616,48,1,0
BRDA:621,49,0,0
BRDA:633,50,0,0
BRDA:638,51,0,0
BRDA:638,51,1,0
BRDA:655,52,0,0
BRDA:668,53,0,0
BRDA:673,54,0,0
BRDA:673,54,1,0
BRDA:677,55,0,0
BRDA:687,56,0,0
BRDA:695,57,0,0
BRDA:700,58,0,0
BRDA:700,58,1,0
BRDA:719,59,0,0
BRDA:732,60,0,0
BRDA:742,61,0,0
BRDA:743,62,0,0
BRDA:743,62,1,0
BRDA:751,63,0,0
BRDA:756,64,0,0
BRDA:756,64,1,0
BRDA:770,65,0,0
BRDA:781,66,0,0
BRDA:789,67,0,0
BRDA:807,68,0,0
BRDA:807,68,1,0
BRDA:813,69,0,0
BRDA:813,69,1,0
BRF:103
BRH:0
end_of_record
TN:
SF:src/mcp/transports/stdio.ts
FN:12,(anonymous_0)
FN:19,(anonymous_1)
FN:23,(anonymous_2)
FN:28,(anonymous_3)
FN:37,(anonymous_4)
FN:45,(anonymous_5)
FNF:6
FNH:0
FNDA:0,(anonymous_0)
FNDA:0,(anonymous_1)
FNDA:0,(anonymous_2)
FNDA:0,(anonymous_3)
FNDA:0,(anonymous_4)
FNDA:0,(anonymous_5)
DA:13,0
DA:20,0
DA:23,0
DA:24,0
DA:28,0
DA:29,0
DA:30,0
DA:39,0
DA:46,0
LF:9
LH:0
BRF:0
BRH:0
end_of_record
TN:
SF:src/migrations/001-consolidate-patterns.ts
FN:18,(anonymous_0)
FN:20,(anonymous_1)
FN:23,(anonymous_2)
FN:149,(anonymous_3)
FN:151,(anonymous_4)
FNF:5
FNH:0
FNDA:0,(anonymous_0)
FNDA:0,(anonymous_1)
FNDA:0,(anonymous_2)
FNDA:0,(anonymous_3)
FNDA:0,(anonymous_4)
DA:13,0
DA:20,0
DA:22,0
DA:23,0
DA:26,0
DA:27,0
DA:29,0
DA:30,0
DA:32,0
DA:33,0
DA:37,0
DA:38,0
DA:42,0
DA:43,0
DA:47,0
DA:53,0
DA:54,0
DA:56,0
DA:67,0
DA:70,0
DA:78,0
DA:79,0
DA:80,0
DA:84,0
DA:87,0
DA:90,0
DA:93,0
DA:101,0
DA:104,0
DA:109,0
DA:128,0
DA:130,0
DA:135,0
DA:136,0
DA:145,0
DA:151,0
DA:153,0
DA:159,0
DA:161,0
DA:174,0
DA:181,0
LF:41
LH:0
BRDA:26,0,0,0
BRDA:29,1,0,0
BRDA:32,2,0,0
BRDA:37,3,0,0
BRDA:42,4,0,0
BRDA:54,5,0,0
BRDA:84,6,0,0
BRDA:84,6,1,0
BRDA:87,7,0,0
BRDA:87,7,1,0
BRDA:98,8,0,0
BRDA:98,8,1,0
BRDA:99,9,0,0
BRDA:99,9,1,0
BRDA:135,10,0,0
BRDA:159,11,0,0
BRF:16
BRH:0
end_of_record
TN:
SF:src/migrations/002-pattern-metadata-enrichment.ts
FN:17,(anonymous_0)
FN:19,(anonymous_1)
FN:81,(anonymous_2)
FN:83,(anonymous_3)
FNF:4
FNH:0
FNDA:0,(anonymous_0)
FNDA:0,(anonymous_1)
FNDA:0,(anonymous_2)
FNDA:0,(anonymous_3)
DA:12,0
DA:19,0
DA:20,0
DA:23,0
DA:33,0
DA:36,0
DA:47,0
DA:50,0
DA:60,0
DA:63,0
DA:69,0
DA:75,0
DA:83,0
DA:84,0
DA:87,0
DA:98,0
LF:16
LH:0
BRF:0
BRH:0
end_of_record
TN:
SF:src/migrations/003-add-pattern-aliases.ts
FN:14,generateAlias
FN:27,(anonymous_1)
FN:29,(anonymous_2)
FN:32,(anonymous_3)
FN:82,(anonymous_4)
FN:84,(anonymous_5)
FN:97,(anonymous_6)
FN:101,(anonymous_7)
FNF:8
FNH:0
FNDA:0,generateAlias
FNDA:0,(anonymous_1)
FNDA:0,(anonymous_2)
FNDA:0,(anonymous_3)
FNDA:0,(anonymous_4)
FNDA:0,(anonymous_5)
FNDA:0,(anonymous_6)
FNDA:0,(anonymous_7)
DA:15,0
DA:22,0
DA:29,0
DA:31,0
DA:32,0
DA:35,0
DA:37,0
DA:42,0
DA:43,0
DA:46,0
DA:53,0
DA:55,0
DA:58,0
DA:62,0
DA:63,0
DA:64,0
DA:65,0
DA:68,0
DA:69,0
DA:70,0
DA:73,0
DA:76,0
DA:84,0
DA:86,0
DA:91,0
DA:93,0
DA:98,0
DA:100,0
DA:101,0
DA:103,0
DA:104,0
DA:108,0
DA:113,0
DA:114,0
DA:118,0
DA:122,0
DA:124,0
DA:125,0
LF:38
LH:0
BRDA:35,0,0,0
BRDA:103,1,0,0
BRDA:113,2,0,0
BRF:3
BRH:0
end_of_record
TN:
SF:src/migrations/004-add-pattern-search-fields.ts
FN:11,(anonymous_0)
FN:12,(anonymous_1)
FN:96,(anonymous_2)
FN:97,(anonymous_3)
FN:145,(anonymous_4)
FNF:5
FNH:0
FNDA:0,(anonymous_0)
FNDA:0,(anonymous_1)
FNDA:0,(anonymous_2)
FNDA:0,(anonymous_3)
FNDA:0,(anonymous_4)
DA:5,0
DA:12,0
DA:15,0
DA:17,0
DA:22,0
DA:23,0
DA:28,0
DA:29,0
DA:35,0
DA:39,0
DA:52,0
DA:59,0
DA:83,0
DA:89,0
DA:90,0
DA:92,0
DA:97,0
DA:99,0
DA:101,0
DA:111,0
DA:138,0
DA:139,0
DA:141,0
DA:146,0
DA:147,0
DA:148,0
DA:149,0
LF:27
LH:0
BRF:0
BRH:0
end_of_record
TN:
SF:src/migrations/005-add-pattern-provenance.ts
FN:15,(anonymous_0)
FN:18,(anonymous_1)
FN:21,(anonymous_2)
FN:50,(anonymous_3)
FN:51,(anonymous_4)
FN:65,(anonymous_5)
FN:69,(anonymous_6)
FNF:7
FNH:0
FNDA:0,(anonymous_0)
FNDA:0,(anonymous_1)
FNDA:0,(anonymous_2)
FNDA:0,(anonymous_3)
FNDA:0,(anonymous_4)
FNDA:0,(anonymous_5)
FNDA:0,(anonymous_6)
DA:10,0
DA:18,0
DA:20,0
DA:21,0
DA:24,0
DA:26,0
DA:29,0
DA:33,0
DA:39,0
DA:44,0
DA:45,0
DA:46,0
DA:51,0
DA:53,0
DA:58,0
DA:60,0
DA:66,0
DA:68,0
DA:69,0
DA:72,0
DA:73,0
DA:74,0
DA:78,0
DA:84,0
DA:85,0
DA:86,0
DA:90,0
DA:95,0
DA:96,0
DA:97,0
DA:100,0
DA:101,0
DA:103,0
DA:104,0
LF:34
LH:0
BRDA:24,0,0,0
BRDA:40,1,0,0
BRDA:40,1,1,0
BRDA:72,2,0,0
BRDA:84,3,0,0
BRDA:95,4,0,0
BRDA:95,5,0,0
BRDA:95,5,1,0
BRF:8
BRH:0
end_of_record
TN:
SF:src/migrations/006-add-task-system-schema.ts
FN:15,(anonymous_0)
FN:18,(anonymous_1)
FN:167,(anonymous_2)
FN:168,(anonymous_3)
FN:195,(anonymous_4)
FNF:5
FNH:0
FNDA:0,(anonymous_0)
FNDA:0,(anonymous_1)
FNDA:0,(anonymous_2)
FNDA:0,(anonymous_3)
FNDA:0,(anonymous_4)
DA:10,0
DA:18,0
DA:20,0
DA:26,0
DA:28,0
DA:79,0
DA:82,0
DA:96,0
DA:99,0
DA:111,0
DA:115,0
DA:116,0
DA:119,0
DA:120,0
DA:123,0
DA:126,0
DA:131,0
DA:134,0
DA:139,0
DA:142,0
DA:145,0
DA:150,0
DA:153,0
DA:156,0
DA:160,0
DA:162,0
DA:168,0
DA:170,0
DA:171,0
DA:172,0
DA:173,0
DA:174,0
DA:175,0
DA:176,0
DA:177,0
DA:178,0
DA:179,0
DA:180,0
DA:181,0
DA:182,0
DA:183,0
DA:186,0
DA:187,0
DA:188,0
DA:190,0
DA:196,0
DA:198,0
DA:199,0
DA:200,0
DA:205,0
DA:206,0
DA:207,0
DA:212,0
DA:218,0
DA:219,0
DA:224,0
DA:225,0
DA:226,0
DA:231,0
DA:234,0
DA:240,0
DA:245,0
DA:247,0
DA:248,0
DA:249,0
DA:254,0
DA:257,0
DA:259,0
DA:260,0
LF:69
LH:0
BRDA:26,0,0,0
BRDA:26,0,1,0
BRDA:205,1,0,0
BRDA:224,2,0,0
BRDA:248,3,0,0
BRF:5
BRH:0
end_of_record
TN:
SF:src/migrations/007-add-evidence-log-table.ts
FN:15,(anonymous_0)
FN:17,(anonymous_1)
FN:59,(anonymous_2)
FN:60,(anonymous_3)
FN:74,(anonymous_4)
FNF:5
FNH:0
FNDA:0,(anonymous_0)
FNDA:0,(anonymous_1)
FNDA:0,(anonymous_2)
FNDA:0,(anonymous_3)
FNDA:0,(anonymous_4)
DA:10,0
DA:17,0
DA:19,0
DA:25,0
DA:27,0
DA:39,0
DA:42,0
DA:45,0
DA:48,0
DA:52,0
DA:54,0
DA:60,0
DA:62,0
DA:63,0
DA:64,0
DA:67,0
DA:69,0
DA:75,0
DA:77,0
DA:82,0
DA:83,0
DA:84,0
DA:88,0
DA:93,0
DA:94,0
DA:99,0
DA:100,0
DA:101,0
DA:106,0
DA:109,0
DA:115,0
DA:121,0
DA:126,0
DA:129,0
DA:131,0
DA:132,0
DA:133,0
DA:138,0
DA:141,0
DA:143,0
DA:144,0
LF:41
LH:0
BRDA:25,0,0,0
BRDA:25,0,1,0
BRDA:82,1,0,0
BRDA:99,2,0,0
BRDA:132,3,0,0
BRF:5
BRH:0
end_of_record
TN:
SF:src/migrations/008-add-pattern-metadata-fields.ts
FN:17,(anonymous_0)
FN:22,(anonymous_1)
FN:63,(anonymous_2)
FN:73,(anonymous_3)
FN:80,(anonymous_4)
FNF:5
FNH:4
FNDA:6,(anonymous_0)
FNDA:93,(anonymous_1)
FNDA:0,(anonymous_2)
FNDA:2,(anonymous_3)
FNDA:33,(anonymous_4)
DA:12,1
DA:19,6
DA:22,93
DA:25,6
DA:26,5
DA:27,5
DA:29,1
DA:33,6
DA:34,5
DA:35,5
DA:37,1
DA:41,6
DA:42,5
DA:43,5
DA:45,1
DA:49,6
DA:50,6
DA:54,6
DA:57,0
DA:60,6
DA:66,0
DA:67,0
DA:74,2
DA:75,2
DA:80,33
DA:82,2
DA:83,2
DA:84,2
DA:86,2
DA:88,2
DA:101,0
LF:31
LH:27
BRDA:25,0,0,5
BRDA:25,0,1,1
BRDA:33,1,0,5
BRDA:33,1,1,1
BRDA:41,2,0,5
BRDA:41,2,1,1
BRDA:86,3,0,2
BRDA:86,3,1,1
BRDA:86,3,2,1
BRDA:90,4,0,1
BRDA:90,4,1,1
BRDA:93,5,0,1
BRDA:93,5,1,1
BRDA:94,6,0,1
BRDA:94,6,1,1
BRDA:95,7,0,1
BRDA:95,7,1,1
BRF:17
BRH:17
end_of_record
TN:
SF:src/migrations/MigrationLoader.ts
FN:15,(anonymous_0)
FN:22,(anonymous_1)
FN:25,(anonymous_2)
FN:50,(anonymous_3)
FN:61,(anonymous_4)
FN:100,(anonymous_5)
FN:134,(anonymous_6)
FN:149,(anonymous_7)
FN:163,(anonymous_8)
FN:166,(anonymous_9)
FN:167,(anonymous_10)
FN:168,(anonymous_11)
FNF:12
FNH:0
FNDA:0,(anonymous_0)
FNDA:0,(anonymous_1)
FNDA:0,(anonymous_2)
FNDA:0,(anonymous_3)
FNDA:0,(anonymous_4)
FNDA:0,(anonymous_5)
FNDA:0,(anonymous_6)
FNDA:0,(anonymous_7)
FNDA:0,(anonymous_8)
FNDA:0,(anonymous_9)
FNDA:0,(anonymous_10)
FNDA:0,(anonymous_11)
DA:8,0
DA:9,0
DA:13,0
DA:16,0
DA:23,0
DA:24,0
DA:25,0
DA:28,0
DA:30,0
DA:32,0
DA:33,0
DA:34,0
DA:38,0
DA:39,0
DA:40,0
DA:43,0
DA:44,0
DA:45,0
DA:50,0
DA:53,0
DA:55,0
DA:62,0
DA:63,0
DA:65,0
DA:66,0
DA:68,0
DA:69,0
DA:72,0
DA:74,0
DA:75,0
DA:81,0
DA:85,0
DA:86,0
DA:89,0
DA:90,0
DA:92,0
DA:93,0
DA:101,0
DA:103,0
DA:104,0
DA:105,0
DA:107,0
DA:108,0
DA:109,0
DA:110,0
DA:111,0
DA:114,0
DA:115,0
DA:116,0
DA:117,0
DA:118,0
DA:124,0
DA:125,0
DA:135,0
DA:136,0
DA:137,0
DA:138,0
DA:150,0
DA:157,0
DA:164,0
DA:165,0
DA:166,0
DA:167,0
DA:168,0
DA:171,0
DA:173,0
DA:174,0
DA:175,0
DA:177,0
DA:208,0
DA:209,0
DA:210,0
DA:212,0
LF:73
LH:0
BRDA:16,0,0,0
BRDA:16,0,1,0
BRDA:25,1,0,0
BRDA:25,1,1,0
BRDA:32,2,0,0
BRDA:34,3,0,0
BRDA:38,4,0,0
BRDA:40,5,0,0
BRDA:44,6,0,0
BRDA:63,7,0,0
BRDA:72,8,0,0
BRDA:72,8,1,0
BRDA:74,9,0,0
BRDA:85,10,0,0
BRDA:103,11,0,0
BRDA:104,12,0,0
BRDA:104,13,0,0
BRDA:104,13,1,0
[...]
DA:305,0
DA:308,0
DA:309,0
DA:311,0
DA:319,0
DA:322,0
DA:331,0
DA:335,0
DA:336,0
DA:337,0
DA:338,0
DA:339,0
DA:341,0
DA:342,0
DA:346,0
DA:347,0
DA:348,0
DA:351,0
DA:355,0
DA:356,0
DA:358,0
DA:359,0
DA:361,0
DA:362,0
DA:364,0
DA:365,0
DA:367,0
DA:368,0
DA:376,0
DA:379,0
DA:382,0
DA:383,0
DA:384,0
DA:394,0
DA:406,0
DA:409,0
DA:412,0
DA:423,0
DA:424,0
DA:426,0
DA:428,0
DA:429,0
DA:431,0
DA:439,0
DA:440,0
DA:441,0
DA:444,0
DA:445,0
DA:448,0
DA:451,0
DA:453,0
DA:467,0
DA:470,0
DA:474,0
DA:484,0
DA:491,0
DA:494,0
DA:497,0
DA:499,0
DA:502,0
DA:503,0
DA:504,0
DA:506,0
DA:513,0
DA:515,0
DA:517,0
DA:522,0
DA:523,0
DA:530,0
DA:539,0
DA:543,0
DA:544,0
DA:546,0
DA:547,0
DA:553,0
DA:554,0
DA:556,0
DA:557,0
DA:558,0
DA:561,0
DA:563,0
DA:564,0
DA:567,0
DA:568,0
DA:572,0
DA:577,0
DA:579,0
DA:589,0
DA:593,0
DA:594,0
DA:603,0
DA:606,0
DA:609,0
DA:612,0
DA:615,0
DA:618,0
DA:621,0
DA:626,0
DA:627,0
DA:630,0
DA:631,0
DA:636,0
DA:639,0
DA:640,0
DA:643,0
DA:644,0
DA:649,0
DA:650,0
DA:653,0
DA:654,0
DA:656,0
DA:657,0
DA:659,0
DA:660,0
DA:665,0
DA:666,0
DA:670,0
DA:672,0
DA:675,0
DA:676,0
DA:683,0
DA:684,0
DA:687,0
DA:688,0
DA:693,0
DA:694,0
DA:697,0
DA:698,0
DA:703,0
DA:704,0
DA:707,0
DA:708,0
DA:713,0
DA:714,0
DA:717,0
DA:718,0
DA:724,0
DA:734,0
DA:739,0
DA:746,0
DA:749,0
DA:758,0
DA:760,0
DA:763,0
DA:767,0
DA:768,0
DA:782,0
DA:783,0
DA:784,0
DA:790,0
DA:791,0
DA:795,0
DA:796,0
DA:797,0
DA:798,0
DA:803,0
DA:804,0
DA:805,0
DA:806,0
DA:808,0
DA:811,0
DA:812,0
DA:813,0
DA:818,0
DA:819,0
DA:820,0
DA:824,0
DA:826,0
DA:836,0
DA:837,0
DA:840,0
DA:841,0
DA:844,0
DA:845,0
DA:848,0
DA:849,0
DA:850,0
DA:851,0
DA:853,0
DA:856,0
DA:866,0
DA:867,0
DA:870,0
DA:871,0
DA:874,0
DA:875,0
DA:878,0
DA:879,0
DA:881,0
DA:886,0
DA:887,0
DA:889,0
DA:892,0
DA:902,0
DA:903,0
DA:906,0
DA:907,0
DA:910,0
DA:911,0
DA:914,0
DA:915,0
DA:916,0
DA:917,0
DA:919,0
DA:922,0
LF:297
LH:0
BRDA:32,0,0,0
BRDA:39,1,0,0
BRDA:39,1,1,0
BRDA:75,2,0,0
BRDA:114,3,0,0
BRDA:133,4,0,0
BRDA:145,5,0,0
BRDA:151,6,0,0
BRDA:167,7,0,0
BRDA:184,8,0,0
BRDA:202,9,0,0
BRDA:208,10,0,0
BRDA:218,11,0,0
BRDA:233,12,0,0
BRDA:235,13,0,0
BRDA:236,14,0,0
BRDA:237,15,0,0
BRDA:238,16,0,0
BRDA:239,17,0,0
BRDA:250,18,0,0
BRDA:250,19,0,0
BRDA:250,19,1,0
BRDA:255,20,0,0
BRDA:260,21,0,0
BRDA:260,22,0,0
BRDA:260,22,1,0
BRDA:268,23,0,0
BRDA:270,24,0,0
BRDA:270,24,1,0
BRDA:280,25,0,0
BRDA:280,25,1,0
BRDA:283,26,0,0
BRDA:283,26,1,0
BRDA:305,27,0,0
BRDA:305,28,0,0
BRDA:309,29,0,0
BRDA:335,30,0,0
BRDA:335,30,1,0
BRDA:335,31,0,0
BRDA:335,31,1,0
BRDA:335,31,2,0
BRDA:339,32,0,0
BRDA:339,33,0,0
BRDA:339,33,1,0
BRDA:346,34,0,0
BRDA:346,35,0,0
BRDA:346,35,1,0
BRDA:369,36,0,0
BRDA:369,36,1,0
BRDA:369,37,0,0
BRDA:369,37,1,0
BRDA:383,38,0,0
BRDA:409,39,0,0
BRDA:426,40,0,0
BRDA:465,41,0,0
BRDA:475,42,0,0
BRDA:475,42,1,0
BRDA:503,43,0,0
BRDA:503,43,1,0
BRDA:517,44,0,0
BRDA:517,44,1,0
BRDA:522,45,0,0
BRDA:554,46,0,0
BRDA:554,46,1,0
BRDA:563,47,0,0
BRDA:563,47,1,0
BRDA:581,48,0,0
BRDA:581,48,1,0
BRDA:583,49,0,0
BRDA:583,49,1,0
BRDA:584,50,0,0
BRDA:584,50,1,0
BRDA:585,51,0,0
BRDA:585,51,1,0
BRDA:626,52,0,0
BRDA:626,53,0,0
BRDA:626,53,1,0
BRDA:636,54,0,0
BRDA:636,54,1,0
BRDA:639,55,0,0
BRDA:639,56,0,0
BRDA:639,56,1,0
BRDA:649,57,0,0
BRDA:649,58,0,0
BRDA:649,58,1,0
BRDA:654,59,0,0
BRDA:654,59,1,0
BRDA:657,60,0,0
BRDA:657,61,0,0
BRDA:657,61,1,0
BRDA:657,61,2,0
BRDA:659,62,0,0
BRDA:659,62,1,0
BRDA:659,62,2,0
BRDA:665,63,0,0
BRDA:672,64,0,0
BRDA:672,64,1,0
BRDA:672,64,2,0
BRDA:672,64,3,0
BRDA:672,64,4,0
BRDA:675,65,0,0
BRDA:675,66,0,0
BRDA:675,66,1,0
BRDA:683,67,0,0
BRDA:683,68,0,0
BRDA:683,68,1,0
BRDA:693,69,0,0
BRDA:693,70,0,0
BRDA:693,70,1,0
BRDA:703,71,0,0
BRDA:703,72,0,0
BRDA:703,72,1,0
BRDA:713,73,0,0
BRDA:713,74,0,0
BRDA:713,74,1,0
BRDA:770,75,0,0
BRDA:770,75,1,0
BRDA:790,76,0,0
BRDA:795,77,0,0
BRDA:795,78,0,0
BRDA:795,78,1,0
BRDA:803,79,0,0
BRDA:803,80,0,0
BRDA:803,80,1,0
BRDA:811,81,0,0
BRDA:819,82,0,0
BRDA:836,83,0,0
BRDA:850,84,0,0
BRDA:866,85,0,0
BRDA:886,86,0,0
BRDA:902,87,0,0
BRDA:916,88,0,0
BRF:132
BRH:0
end_of_record
TN:
SF:src/storage/types.js
FNF:0
FNH:0
LF:0
LH:0
BRF:0
BRH:0
end_of_record
TN:
SF:src/storage/watcher.ts
FN:13,(anonymous_0)
FN:22,(anonymous_1)
FN:28,(anonymous_2)
FN:41,(anonymous_3)
FN:42,(anonymous_4)
FN:43,(anonymous_5)
FN:44,(anonymous_6)
FN:45,(anonymous_7)
FN:51,(anonymous_8)
FN:67,(anonymous_9)
FN:75,(anonymous_10)
FN:93,(anonymous_11)
FN:102,(anonymous_12)
FN:103,(anonymous_13)
FN:106,(anonymous_14)
FN:114,(anonymous_15)
FNF:16
FNH:0
FNDA:0,(anonymous_0)
FNDA:0,(anonymous_1)
FNDA:0,(anonymous_2)
FNDA:0,(anonymous_3)
FNDA:0,(anonymous_4)
FNDA:0,(anonymous_5)
FNDA:0,(anonymous_6)
FNDA:0,(anonymous_7)
FNDA:0,(anonymous_8)
FNDA:0,(anonymous_9)
FNDA:0,(anonymous_10)
FNDA:0,(anonymous_11)
FNDA:0,(anonymous_12)
FNDA:0,(anonymous_13)
FNDA:0,(anonymous_14)
FNDA:0,(anonymous_15)
DA:9,0
DA:14,0
DA:15,0
DA:16,0
DA:23,0
DA:24,0
DA:27,0
DA:28,0
DA:30,0
DA:40,0
DA:41,0
DA:42,0
DA:43,0
DA:44,0
DA:45,0
DA:52,0
DA:53,0
DA:54,0
DA:58,0
DA:59,0
DA:61,0
DA:69,0
DA:70,0
DA:71,0
DA:75,0
DA:76,0
DA:78,0
DA:84,0
DA:87,0
DA:94,0
DA:103,0
DA:104,0
DA:106,0
DA:107,0
DA:108,0
DA:109,0
DA:110,0
DA:114,0
DA:115,0
DA:116,0
DA:117,0
DA:118,0
DA:119,0
DA:123,0
LF:44
LH:0
BRDA:13,0,0,0
BRDA:13,1,0,0
BRDA:23,2,0,0
BRDA:52,3,0,0
BRDA:70,4,0,0
BRDA:94,5,0,0
BRDA:94,5,1,0
BRDA:102,6,0,0
BRDA:107,7,0,0
BRDA:115,8,0,0
BRDA:115,9,0,0
BRDA:115,9,1,0
BRF:12
BRH:0
end_of_record
TN:
SF:src/storage/repositories/task-repository.ts
FN:35,(anonymous_0)
FN:41,(anonymous_1)
FN:118,(anonymous_2)
FN:158,(anonymous_3)
FN:167,(anonymous_4)
FN:169,(anonymous_5)
FN:175,(anonymous_6)
FN:177,(anonymous_7)
FN:185,(anonymous_8)
FN:198,(anonymous_9)
FN:241,(anonymous_10)
FN:248,(anonymous_11)
FN:288,(anonymous_12)
FN:316,(anonymous_13)
FN:360,(anonymous_14)
FN:369,(anonymous_15)
FN:383,(anonymous_16)
FNF:17
FNH:0
FNDA:0,(anonymous_0)
FNDA:0,(anonymous_1)
FNDA:0,(anonymous_2)
FNDA:0,(anonymous_3)
FNDA:0,(anonymous_4)
FNDA:0,(anonymous_5)
FNDA:0,(anonymous_6)
FNDA:0,(anonymous_7)
FNDA:0,(anonymous_8)
FNDA:0,(anonymous_9)
FNDA:0,(anonymous_10)
FNDA:0,(anonymous_11)
FNDA:0,(anonymous_12)
FNDA:0,(anonymous_13)
FNDA:0,(anonymous_14)
FNDA:0,(anonymous_15)
FNDA:0,(anonymous_16)
DA:36,0
DA:38,0
DA:42,0
DA:119,0
DA:122,0
DA:126,0
DA:149,0
DA:152,0
DA:159,0
DA:160,0
DA:161,0
DA:168,0
DA:169,0
DA:176,0
DA:177,0
DA:190,0
DA:197,0
DA:198,0
DA:206,0
DA:207,0
DA:210,0
DA:214,0
DA:215,0
DA:216,0
DA:217,0
DA:219,0
DA:220,0
DA:228,0
DA:231,0
DA:240,0
DA:241,0
DA:250,0
DA:251,0
DA:253,0
DA:254,0
DA:255,0
DA:257,0
DA:258,0
DA:259,0
DA:261,0
DA:262,0
DA:263,0
DA:265,0
DA:266,0
DA:267,0
DA:269,0
DA:270,0
DA:271,0
DA:273,0
DA:274,0
DA:275,0
DA:278,0
DA:280,0
DA:281,0
DA:282,0
DA:295,0
DA:299,0
DA:303,0
DA:317,0
DA:354,0
DA:363,0
DA:370,0
DA:373,0
DA:374,0
DA:378,0
DA:379,0
DA:380,0
DA:381,0
DA:383,0
DA:384,0
DA:386,0
DA:387,0
DA:390,0
LF:73
LH:0
BRDA:122,0,0,0
BRDA:122,0,1,0
BRDA:129,1,0,0
BRDA:129,1,1,0
BRDA:129,1,2,0
BRDA:131,2,0,0
BRDA:131,2,1,0
BRDA:160,3,0,0
BRDA:167,4,0,0
BRDA:185,5,0,0
BRDA:197,6,0,0
BRDA:201,7,0,0
BRDA:201,7,1,0
BRDA:207,8,0,0
BRDA:219,9,0,0
BRDA:228,10,0,0
BRDA:228,10,1,0
BRDA:253,11,0,0
BRDA:257,12,0,0
BRDA:261,13,0,0
BRDA:265,14,0,0
BRDA:269,15,0,0
BRDA:273,16,0,0
BRDA:278,17,0,0
BRDA:299,18,0,0
BRDA:299,18,1,0
BRDA:307,19,0,0
BRDA:307,19,1,0
BRDA:320,20,0,0
BRDA:320,20,1,0
BRDA:321,21,0,0
BRDA:321,21,1,0
BRDA:322,22,0,0
BRDA:322,22,1,0
BRDA:325,23,0,0
BRDA:325,23,1,0
BRDA:326,24,0,0
BRDA:326,24,1,0
BRDA:327,25,0,0
BRDA:327,25,1,0
BRDA:328,26,0,0
BRDA:328,26,1,0
BRDA:331,27,0,0
BRDA:331,27,1,0
BRDA:334,28,0,0
BRDA:334,28,1,0
BRDA:335,29,0,0
BRDA:335,29,1,0
BRDA:338,30,0,0
BRDA:338,30,1,0
BRDA:341,31,0,0
BRDA:341,31,1,0
BRDA:344,32,0,0
BRDA:344,32,1,0
BRDA:347,33,0,0
BRDA:347,33,1,0
BRDA:348,34,0,0
BRDA:348,34,1,0
BRDA:349,35,0,0
BRDA:349,35,1,0
BRDA:352,36,0,0
BRDA:352,36,1,0
BRDA:373,37,0,0
BRDA:378,38,0,0
BRDA:378,38,1,0
BRDA:379,39,0,0
BRDA:379,39,1,0
BRDA:386,40,0,0
BRF:68
BRH:0
end_of_record
TN:
SF:src/trust/batch-processor.ts
FN:12,(anonymous_0)
FN:20,(anonymous_1)
FN:144,(anonymous_2)
FN:157,(anonymous_3)
FN:170,(anonymous_4)
FN:184,chunkBatch
FN:197,processLargeBatch
FN:212,(anonymous_7)
FN:213,(anonymous_8)
FN:214,(anonymous_9)
FN:216,(anonymous_10)
FN:217,(anonymous_11)
FNF:12
FNH:0
FNDA:0,(anonymous_0)
FNDA:0,(anonymous_1)
FNDA:0,(anonymous_2)
FNDA:0,(anonymous_3)
FNDA:0,(anonymous_4)
FNDA:0,chunkBatch
FNDA:0,processLargeBatch
FNDA:0,(anonymous_7)
FNDA:0,(anonymous_8)
FNDA:0,(anonymous_9)
FNDA:0,(anonymous_10)
FNDA:0,(anonymous_11)
DA:13,0
DA:25,0
DA:26,0
DA:29,0
DA:32,0
DA:35,0
DA:38,0
DA:39,0
DA:40,0
DA:42,0
DA:43,0
DA:44,0
DA:46,0
DA:47,0
DA:48,0
DA:49,0
DA:53,0
DA:54,0
DA:56,0
DA:58,0
DA:60,0
DA:63,0
DA:65,0
DA:66,0
DA:71,0
DA:72,0
DA:74,0
DA:79,0
DA:80,0
DA:82,0
DA:85,0
DA:86,0
DA:90,0
DA:100,0
DA:101,0
DA:102,0
DA:107,0
DA:108,0
DA:109,0
DA:112,0
DA:113,0
DA:114,0
DA:117,0
DA:118,0
DA:122,0
DA:123,0
DA:130,0
DA:133,0
DA:147,0
DA:149,0
DA:150,0
DA:151,0
DA:152,0
DA:156,0
DA:157,0
DA:158,0
DA:159,0
DA:160,0
DA:164,0
DA:174,0
DA:175,0
DA:176,0
DA:185,0
DA:187,0
DA:188,0
DA:191,0
DA:202,0
DA:203,0
DA:205,0
DA:206,0
DA:207,0
DA:211,0
DA:212,0
DA:213,0
DA:214,0
DA:216,0
DA:217,0
LF:77
LH:0
BRDA:25,0,0,0
BRDA:25,0,1,0
BRDA:46,1,0,0
BRDA:58,2,0,0
BRDA:58,2,1,0
BRDA:63,3,0,0
BRDA:79,4,0,0
BRDA:79,4,1,0
BRDA:100,5,0,0
BRDA:100,5,1,0
BRDA:107,6,0,0
BRDA:117,7,0,0
BRDA:117,7,1,0
BRDA:130,8,0,0
BRDA:130,8,1,0
BRDA:137,9,0,0
BRDA:137,9,1,0
BRDA:150,10,0,0
BRDA:150,10,1,0
BRDA:158,11,0,0
BRDA:158,11,1,0
BRDA:159,12,0,0
BRDA:159,12,1,0
BRDA:176,13,0,0
BRDA:176,13,1,0
BRDA:200,14,0,0
BRF:26
BRH:0
end_of_record
TN:
SF:src/trust/beta-bernoulli.ts
FN:28,(anonymous_0)
FN:48,(anonymous_1)
FN:93,(anonymous_2)
FN:148,(anonymous_3)
FN:175,(anonymous_4)
FN:194,(anonymous_5)
FN:222,(anonymous_6)
FN:231,(anonymous_7)
FN:238,(anonymous_8)
FN:247,(anonymous_9)
FN:260,(anonymous_10)
FN:267,(anonymous_11)
FN:273,(anonymous_12)
FN:297,(anonymous_13)
FN:323,(anonymous_14)
FN:336,(anonymous_15)
FN:371,(anonymous_16)
FN:394,(anonymous_17)
FN:402,(anonymous_18)
FN:426,(anonymous_19)
FN:431,(anonymous_20)
FN:460,(anonymous_21)
FN:480,(anonymous_22)
FN:497,(anonymous_23)
FN:502,(anonymous_24)
FN:511,(anonymous_25)
FN:519,(anonymous_26)
FNF:27
FNH:0
FNDA:0,(anonymous_0)
FNDA:0,(anonymous_1)
FNDA:0,(anonymous_2)
FNDA:0,(anonymous_3)
FNDA:0,(anonymous_4)
FNDA:0,(anonymous_5)
FNDA:0,(anonymous_6)
FNDA:0,(anonymous_7)
FNDA:0,(anonymous_8)
FNDA:0,(anonymous_9)
FNDA:0,(anonymous_10)
FNDA:0,(anonymous_11)
FNDA:0,(anonymous_12)
FNDA:0,(anonymous_13)
FNDA:0,(anonymous_14)
FNDA:0,(anonymous_15)
FNDA:0,(anonymous_16)
FNDA:0,(anonymous_17)
FNDA:0,(anonymous_18)
FNDA:0,(anonymous_19)
FNDA:0,(anonymous_20)
FNDA:0,(anonymous_21)
FNDA:0,(anonymous_22)
FNDA:0,(anonymous_23)
FNDA:0,(anonymous_24)
FNDA:0,(anonymous_25)
FNDA:0,(anonymous_26)
DA:20,0
DA:29,0
DA:30,0
DA:41,0
DA:42,0
DA:50,0
DA:51,0
DA:53,0
DA:54,0
DA:58,0
DA:59,0
DA:62,0
DA:65,0
DA:68,0
DA:71,0
DA:72,0
DA:75,0
DA:77,0
DA:94,0
DA:96,0
DA:97,0
DA:101,0
DA:104,0
DA:106,0
DA:108,0
DA:109,0
DA:115,0
DA:116,0
DA:120,0
DA:121,0
DA:123,0
DA:127,0
DA:130,0
DA:140,0
DA:142,0
DA:149,0
DA:151,0
DA:152,0
DA:155,0
DA:156,0
DA:157,0
DA:160,0
DA:165,0
DA:166,0
DA:169,0
DA:176,0
DA:177,0
DA:179,0
DA:180,0
DA:183,0
DA:184,0
DA:185,0
DA:188,0
DA:195,0
DA:196,0
DA:197,0
DA:200,0
DA:207,0
DA:216,0
DA:223,0
DA:224,0
DA:225,0
DA:232,0
DA:239,0
DA:240,0
DA:241,0
DA:250,0
DA:261,0
DA:268,0
DA:277,0
DA:278,0
DA:279,0
DA:280,0
DA:282,0
DA:284,0
DA:298,0
DA:300,0
DA:305,0
DA:311,0
DA:312,0
DA:315,0
DA:318,0
DA:320,0
DA:327,0
DA:328,0
DA:329,0
DA:338,0
DA:339,0
DA:343,0
DA:344,0
DA:345,0
DA:346,0
DA:347,0
DA:349,0
DA:350,0
DA:351,0
DA:353,0
DA:354,0
DA:357,0
DA:358,0
DA:360,0
DA:364,0
DA:372,0
DA:373,0
DA:376,0
DA:377,0
DA:381,0
DA:383,0
DA:384,0
DA:387,0
DA:395,0
DA:396,0
DA:398,0
DA:407,0
DA:408,0
DA:409,0
DA:411,0
DA:412,0
DA:413,0
DA:415,0
DA:416,0
DA:420,0
DA:428,0
DA:433,0
DA:434,0
DA:441,0
DA:442,0
DA:448,0
DA:449,0
DA:450,0
DA:451,0
DA:454,0
DA:455,0
DA:462,0
DA:463,0
DA:464,0
DA:465,0
DA:466,0
DA:467,0
DA:469,0
DA:470,0
DA:472,0
DA:474,0
DA:477,0
DA:486,0
DA:487,0
DA:498,0
DA:499,0
DA:503,0
DA:505,0
DA:506,0
DA:508,0
DA:513,0
DA:514,0
DA:515,0
DA:516,0
DA:519,0
LF:157
LH:0
BRDA:50,0,0,0
BRDA:50,1,0,0
BRDA:50,1,1,0
BRDA:53,2,0,0
BRDA:53,3,0,0
BRDA:53,3,1,0
BRDA:96,4,0,0
BRDA:108,5,0,0
BRDA:120,6,0,0
BRDA:120,6,1,0
BRDA:151,7,0,0
BRDA:151,8,0,0
BRDA:151,8,1,0
BRDA:156,9,0,0
BRDA:165,10,0,0
BRDA:176,11,0,0
BRDA:176,12,0,0
BRDA:176,12,1,0
BRDA:179,13,0,0
BRDA:179,14,0,0
BRDA:179,14,1,0
BRDA:184,15,0,0
BRDA:196,16,0,0
BRDA:223,17,0,0
BRDA:223,17,1,0
BRDA:239,18,0,0
BRDA:239,18,1,0
BRDA:300,19,0,0
BRDA:301,20,0,0
BRDA:301,20,1,0
BRDA:301,20,2,0
BRDA:338,21,0,0
BRDA:338,22,0,0
BRDA:338,22,1,0
BRDA:353,23,0,0
BRDA:357,24,0,0
BRDA:357,24,1,0
BRDA:372,25,0,0
BRDA:373,26,0,0
BRDA:376,27,0,0
BRDA:376,28,0,0
BRDA:376,28,1,0
BRDA:395,29,0,0
BRDA:395,29,1,0
BRDA:415,30,0,0
BRDA:433,31,0,0
BRDA:469,32,0,0
BRDA:469,32,1,0
BRDA:499,33,0,0
BRDA:499,33,1,0
BRDA:503,34,0,0
BRDA:515,35,0,0
BRF:52
BRH:0
end_of_record
TN:
SF:src/trust/decay.ts
FN:18,calculateDecayFactor
FN:39,applyDecay
FN:71,calculateEffectiveAge
FN:96,calculateAverageDecay
FN:120,daysUntilTarget
FN:191,getDecaySchedule
FNF:6
FNH:0
FNDA:0,calculateDecayFactor
FNDA:0,applyDecay
FNDA:0,calculateEffectiveAge
FNDA:0,calculateAverageDecay
FNDA:0,daysUntilTarget
FNDA:0,getDecaySchedule
DA:19,0
DA:20,0
DA:21,0
DA:25,0
DA:47,0
DA:51,0
DA:52,0
DA:54,0
DA:79,0
DA:81,0
DA:83,0
DA:84,0
DA:87,0
DA:90,0
DA:102,0
DA:103,0
DA:105,0
DA:107,0
DA:128,0
DA:131,0
DA:132,0
DA:136,0
DA:137,0
DA:138,0
DA:140,0
DA:141,0
DA:145,0
DA:146,0
DA:147,0
DA:149,0
DA:150,0
DA:151,0
DA:159,0
DA:161,0
DA:162,0
DA:163,0
DA:165,0
DA:168,0
DA:169,0
DA:171,0
DA:176,0
DA:200,0
DA:201,0
DA:203,0
DA:204,0
DA:205,0
DA:213,0
DA:215,0
DA:223,0
LF:49
LH:0
BRDA:19,0,0,0
BRDA:20,1,0,0
BRDA:44,2,0,0
BRDA:45,3,0,0
BRDA:83,4,0,0
BRDA:102,5,0,0
BRDA:102,5,1,0
BRDA:103,6,0,0
BRDA:103,6,1,0
BRDA:105,7,0,0
BRDA:125,8,0,0
BRDA:126,9,0,0
BRDA:131,10,0,0
BRDA:137,11,0,0
BRDA:137,12,0,0
BRDA:137,12,1,0
BRDA:140,13,0,0
BRDA:140,14,0,0
BRDA:140,14,1,0
BRDA:161,15,0,0
BRDA:161,15,1,0
BRDA:162,16,0,0
BRDA:162,16,1,0
BRDA:168,17,0,0
BRDA:168,17,1,0
BRDA:196,18,0,0
BRDA:197,19,0,0
BRDA:198,20,0,0
BRF:28
BRH:0
end_of_record
TN:
SF:src/trust/index.ts
FN:19,createTrustModel
FNF:1
FNH:0
FNDA:0,createTrustModel
DA:23,0
LF:1
LH:0
BRF:0
BRH:0
end_of_record
TN:
SF:src/trust/storage-adapter.ts
FN:18,(anonymous_0)
FN:23,(anonymous_1)
FN:57,(anonymous_2)
FN:114,(anonymous_3)
FN:162,(anonymous_4)
FN:220,(anonymous_5)
FN:235,(anonymous_6)
FN:241,(anonymous_7)
FN:256,(anonymous_8)
FN:261,(anonymous_9)
FN:264,(anonymous_10)
FN:267,(anonymous_11)
FN:272,(anonymous_12)
FN:287,(anonymous_13)
FN:298,(anonymous_14)
FN:302,(anonymous_15)
FN:306,(anonymous_16)
FN:321,(anonymous_17)
FN:334,(anonymous_18)
FN:345,(anonymous_19)
FN:352,(anonymous_20)
FNF:21
FNH:0
FNDA:0,(anonymous_0)
FNDA:0,(anonymous_1)
FNDA:0,(anonymous_2)
FNDA:0,(anonymous_3)
FNDA:0,(anonymous_4)
FNDA:0,(anonymous_5)
FNDA:0,(anonymous_6)
FNDA:0,(anonymous_7)
FNDA:0,(anonymous_8)
FNDA:0,(anonymous_9)
FNDA:0,(anonymous_10)
FNDA:0,(anonymous_11)
FNDA:0,(anonymous_12)
FNDA:0,(anonymous_13)
FNDA:0,(anonymous_14)
FNDA:0,(anonymous_15)
FNDA:0,(anonymous_16)
FNDA:0,(anonymous_17)
FNDA:0,(anonymous_18)
FNDA:0,(anonymous_19)
FNDA:0,(anonymous_20)
DA:19,0
DA:20,0
DA:25,0
DA:26,0
DA:29,0
DA:30,0
DA:31,0
DA:33,0
DA:34,0
DA:38,0
DA:49,0
DA:50,0
DA:52,0
DA:53,0
DA:61,0
DA:62,0
DA:64,0
DA:65,0
DA:74,0
DA:75,0
DA:81,0
DA:85,0
DA:86,0
DA:87,0
DA:88,0
DA:92,0
DA:93,0
DA:96,0
DA:99,0
DA:102,0
DA:105,0
DA:106,0
DA:107,0
DA:110,0
DA:117,0
DA:120,0
DA:121,0
DA:122,0
DA:123,0
DA:125,0
DA:129,0
DA:130,0
DA:134,0
DA:135,0
DA:137,0
DA:138,0
DA:139,0
DA:140,0
DA:151,0
DA:152,0
DA:156,0
DA:159,0
DA:165,0
DA:166,0
DA:168,0
DA:169,0
DA:170,0
DA:179,0
DA:180,0
DA:186,0
DA:190,0
DA:191,0
DA:192,0
DA:193,0
DA:197,0
DA:198,0
DA:201,0
DA:204,0
DA:205,0
DA:206,0
DA:211,0
DA:214,0
DA:216,0
DA:221,0
DA:222,0
DA:223,0
DA:224,0
DA:227,0
DA:228,0
DA:230,0
DA:231,0
DA:236,0
DA:237,0
DA:238,0
DA:242,0
DA:257,0
DA:259,0
DA:260,0
DA:261,0
DA:263,0
DA:264,0
DA:267,0
DA:268,0
DA:270,0
DA:272,0
DA:273,0
DA:274,0
DA:275,0
DA:277,0
DA:281,0
DA:288,0
DA:299,0
DA:303,0
DA:310,0
DA:311,0
DA:312,0
DA:313,0
DA:314,0
DA:317,0
DA:324,0
DA:325,0
DA:326,0
DA:327,0
DA:328,0
DA:331,0
DA:337,0
DA:338,0
DA:346,0
DA:353,0
LF:119
LH:0
BRDA:18,0,0,0
BRDA:25,1,0,0
BRDA:33,2,0,0
BRDA:40,3,0,0
BRDA:40,3,1,0
BRDA:42,4,0,0
BRDA:42,4,1,0
BRDA:43,5,0,0
BRDA:43,5,1,0
BRDA:44,6,0,0
BRDA:44,6,1,0
BRDA:45,7,0,0
BRDA:45,7,1,0
BRDA:64,8,0,0
BRDA:74,9,0,0
BRDA:81,10,0,0
BRDA:82,11,0,0
BRDA:82,11,1,0
BRDA:92,12,0,0
BRDA:105,13,0,0
BRDA:122,14,0,0
BRDA:122,14,1,0
BRDA:129,15,0,0
BRDA:139,16,0,0
BRDA:142,17,0,0
BRDA:142,17,1,0
BRDA:144,18,0,0
BRDA:144,18,1,0
BRDA:145,19,0,0
BRDA:145,19,1,0
BRDA:146,20,0,0
BRDA:146,20,1,0
BRDA:147,21,0,0
BRDA:147,21,1,0
BRDA:169,22,0,0
BRDA:179,23,0,0
BRDA:186,24,0,0
BRDA:187,25,0,0
BRDA:187,25,1,0
BRDA:197,26,0,0
BRDA:204,27,0,0
BRDA:223,28,0,0
BRDA:261,29,0,0
BRDA:261,29,1,0
BRDA:264,30,0,0
BRDA:264,30,1,0
BRDA:267,31,0,0
BRDA:267,31,1,0
BRDA:270,32,0,0
BRDA:273,33,0,0
BRDA:273,33,1,0
BRDA:274,34,0,0
BRDA:274,34,1,0
BRDA:303,35,0,0
BRDA:303,35,1,0
BRDA:311,36,0,0
BRDA:311,36,1,0
BRDA:313,37,0,0
BRDA:327,38,0,0
BRF:59
BRH:0
end_of_record
TN:
SF:src/trust/visualization.ts
FN:39,generateBetaDistribution
FN:68,betaPDF
FN:86,logBeta
FN:93,logGamma
FN:122,generateTrustVisualization
FN:155,calculateMode
FN:173,calculateMedian
FN:189,approximateQuantile
FN:218,approximateCDF
FN:233,incompleteBetaRegularized
FN:258,generateASCIIVisualization
FN:267,(anonymous_11)
FN:316,generateStarRating
FN:326,generateDecayVisualization
FNF:14
FNH:0
FNDA:0,generateBetaDistribution
FNDA:0,betaPDF
FNDA:0,logBeta
FNDA:0,logGamma
FNDA:0,generateTrustVisualization
FNDA:0,calculateMode
FNDA:0,calculateMedian
FNDA:0,approximateQuantile
FNDA:0,approximateCDF
FNDA:0,incompleteBetaRegularized
FNDA:0,generateASCIIVisualization
FNDA:0,(anonymous_11)
FNDA:0,generateStarRating
FNDA:0,generateDecayVisualization
DA:44,0
DA:47,0
DA:48,0
DA:52,0
DA:53,0
DA:54,0
DA:56,0
DA:62,0
DA:69,0
DA:72,0
DA:76,0
DA:80,0
DA:87,0
DA:94,0
DA:95,0
DA:100,0
DA:101,0
DA:107,0
DA:108,0
DA:109,0
DA:110,0
DA:113,0
DA:114,0
DA:126,0
DA:129,0
DA:132,0
DA:133,0
DA:134,0
DA:137,0
DA:138,0
DA:139,0
DA:142,0
DA:156,0
DA:157,0
DA:158,0
DA:159,0
DA:160,0
DA:161,0
DA:162,0
DA:163,0
DA:165,0
DA:175,0
DA:178,0
DA:179,0
DA:183,0
DA:190,0
DA:191,0
DA:192,0
DA:193,0
DA:194,0
DA:196,0
DA:197,0
DA:198,0
DA:200,0
DA:201,0
DA:204,0
DA:205,0
DA:207,0
DA:211,0
DA:219,0
DA:220,0
DA:223,0
DA:224,0
DA:226,0
DA:234,0
DA:235,0
DA:236,0
DA:238,0
DA:239,0
DA:240,0
DA:242,0
DA:244,0
DA:245,0
DA:249,0
DA:263,0
DA:264,0
DA:267,0
DA:270,0
DA:273,0
DA:276,0
DA:277,0
DA:278,0
DA:280,0
DA:282,0
DA:283,0
DA:284,0
DA:285,0
DA:286,0
DA:288,0
DA:292,0
DA:293,0
DA:297,0
DA:300,0
DA:304,0
DA:309,0
DA:317,0
DA:318,0
DA:319,0
DA:320,0
DA:332,0
DA:340,0
DA:341,0
DA:342,0
DA:345,0
DA:346,0
DA:349,0
DA:350,0
DA:351,0
DA:353,0
DA:354,0
DA:355,0
DA:356,0
DA:357,0
DA:358,0
DA:360,0
DA:364,0
DA:365,0
DA:369,0
DA:372,0
DA:378,0
LF:120
LH:0
BRDA:42,0,0,0
BRDA:47,1,0,0
BRDA:47,2,0,0
BRDA:47,2,1,0
BRDA:69,3,0,0
BRDA:69,4,0,0
BRDA:69,4,1,0
BRDA:72,5,0,0
BRDA:72,6,0,0
BRDA:72,6,1,0
BRDA:94,7,0,0
BRDA:124,8,0,0
BRDA:156,9,0,0
BRDA:156,9,1,0
BRDA:156,10,0,0
BRDA:156,10,1,0
BRDA:158,11,0,0
BRDA:158,11,1,0
BRDA:158,12,0,0
BRDA:158,12,1,0
BRDA:160,13,0,0
BRDA:160,13,1,0
BRDA:162,14,0,0
BRDA:162,14,1,0
BRDA:175,15,0,0
BRDA:178,16,0,0
BRDA:178,17,0,0
BRDA:178,17,1,0
BRDA:200,18,0,0
BRDA:204,19,0,0
BRDA:204,19,1,0
BRDA:219,20,0,0
BRDA:220,21,0,0
BRDA:223,22,0,0
BRDA:223,22,1,0
BRDA:239,23,0,0
BRDA:244,24,0,0
BRDA:260,25,0,0
BRDA:261,26,0,0
BRDA:283,27,0,0
BRDA:283,27,1,0
BRDA:285,28,0,0
BRDA:285,28,1,0
BRDA:329,29,0,0
BRDA:330,30,0,0
BRDA:355,31,0,0
BRDA:355,31,1,0
BRDA:357,32,0,0
BRDA:357,32,1,0
BRF:49
BRH:0
end_of_record
TN:
SF:src/types/index.d.ts
FNF:0
FNH:0
LF:0
LH:0
BRF:0
BRH:0
end_of_record
